ERROR - 2024-07-01 17:37:03 --> mysqli_sql_exception: Table 'fashion-store.data_produk' doesn't exist in C:\xampp\htdocs\fashion-store-ci\system\Database\MySQLi\Connection.php:310
Stack trace:
#0 C:\xampp\htdocs\fashion-store-ci\system\Database\MySQLi\Connection.php(310): mysqli->query('SELECT *\nFROM `...', 0)
#1 C:\xampp\htdocs\fashion-store-ci\system\Database\BaseConnection.php(732): CodeIgniter\Database\MySQLi\Connection->execute('SELECT *\nFROM `...')
#2 C:\xampp\htdocs\fashion-store-ci\system\Database\BaseConnection.php(646): CodeIgniter\Database\BaseConnection->simpleQuery('SELECT *\nFROM `...')
#3 C:\xampp\htdocs\fashion-store-ci\system\Database\BaseBuilder.php(1637): CodeIgniter\Database\BaseConnection->query('SELECT *\nFROM `...', Array, false)
#4 C:\xampp\htdocs\fashion-store-ci\system\Model.php(286): CodeIgniter\Database\BaseBuilder->get()
#5 C:\xampp\htdocs\fashion-store-ci\system\BaseModel.php(676): CodeIgniter\Model->doFindAll(0, 0)
#6 C:\xampp\htdocs\fashion-store-ci\app\Models\ProdukModel.php(13): CodeIgniter\BaseModel->findAll()
#7 C:\xampp\htdocs\fashion-store-ci\app\Controllers\ProdukController.php(18): App\Models\ProdukModel->lihat_produk()
#8 C:\xampp\htdocs\fashion-store-ci\system\CodeIgniter.php(933): App\Controllers\ProdukController->index()
#9 C:\xampp\htdocs\fashion-store-ci\system\CodeIgniter.php(509): CodeIgniter\CodeIgniter->runController(Object(App\Controllers\ProdukController))
#10 C:\xampp\htdocs\fashion-store-ci\system\CodeIgniter.php(355): CodeIgniter\CodeIgniter->handleRequest(NULL, Object(Config\Cache), false)
#11 C:\xampp\htdocs\fashion-store-ci\system\Boot.php(325): CodeIgniter\CodeIgniter->run()
#12 C:\xampp\htdocs\fashion-store-ci\system\Boot.php(67): CodeIgniter\Boot::runCodeIgniter(Object(CodeIgniter\CodeIgniter))
#13 C:\xampp\htdocs\fashion-store-ci\public\index.php(56): CodeIgniter\Boot::bootWeb(Object(Config\Paths))
#14 C:\xampp\htdocs\fashion-store-ci\system\Commands\Server\rewrite.php(49): require_once('C:\\xampp\\htdocs...')
#15 {main}
CRITICAL - 2024-07-01 17:37:03 --> Error: Call to a member function getResult() on bool
[Method: GET, Route: admin/data_produk]
in SYSTEMPATH\Model.php on line 287.
 1 SYSTEMPATH\BaseModel.php(676): CodeIgniter\Model->doFindAll(0, 0)
 2 APPPATH\Models\ProdukModel.php(13): CodeIgniter\BaseModel->findAll()
 3 APPPATH\Controllers\ProdukController.php(18): App\Models\ProdukModel->lihat_produk()
 4 SYSTEMPATH\CodeIgniter.php(933): App\Controllers\ProdukController->index()
 5 SYSTEMPATH\CodeIgniter.php(509): CodeIgniter\CodeIgniter->runController(Object(App\Controllers\ProdukController))
 6 SYSTEMPATH\CodeIgniter.php(355): CodeIgniter\CodeIgniter->handleRequest(null, Object(Config\Cache), false)
 7 SYSTEMPATH\Boot.php(325): CodeIgniter\CodeIgniter->run()
 8 SYSTEMPATH\Boot.php(67): CodeIgniter\Boot::runCodeIgniter(Object(CodeIgniter\CodeIgniter))
 9 FCPATH\index.php(56): CodeIgniter\Boot::bootWeb(Object(Config\Paths))
10 SYSTEMPATH\Commands\Server\rewrite.php(49): require_once('C:\\xampp\\htdocs\\fashion-store-ci\\public\\index.php')
CRITICAL - 2024-07-01 17:51:58 --> ErrorException: Undefined variable $produkModel
[Method: GET, Route: admin/data_produk]
in APPPATH\Controllers\ProdukController.php on line 18.
 1 APPPATH\Controllers\ProdukController.php(18): CodeIgniter\Debug\Exceptions->errorHandler(2, 'Undefined variable $produkModel', 'C:\\xampp\\htdocs\\fashion-store-ci\\app\\Controllers\\ProdukController.php', 18)
 2 SYSTEMPATH\CodeIgniter.php(933): App\Controllers\ProdukController->index()
 3 SYSTEMPATH\CodeIgniter.php(509): CodeIgniter\CodeIgniter->runController(Object(App\Controllers\ProdukController))
 4 SYSTEMPATH\CodeIgniter.php(355): CodeIgniter\CodeIgniter->handleRequest(null, Object(Config\Cache), false)
 5 SYSTEMPATH\Boot.php(325): CodeIgniter\CodeIgniter->run()
 6 SYSTEMPATH\Boot.php(67): CodeIgniter\Boot::runCodeIgniter(Object(CodeIgniter\CodeIgniter))
 7 FCPATH\index.php(56): CodeIgniter\Boot::bootWeb(Object(Config\Paths))
 8 SYSTEMPATH\Commands\Server\rewrite.php(49): require_once('C:\\xampp\\htdocs\\fashion-store-ci\\public\\index.php')
CRITICAL - 2024-07-01 17:53:18 --> ErrorException: Undefined variable $produkModel
[Method: GET, Route: admin/data_produk]
in APPPATH\Controllers\ProdukController.php on line 18.
 1 APPPATH\Controllers\ProdukController.php(18): CodeIgniter\Debug\Exceptions->errorHandler(2, 'Undefined variable $produkModel', 'C:\\xampp\\htdocs\\fashion-store-ci\\app\\Controllers\\ProdukController.php', 18)
 2 SYSTEMPATH\CodeIgniter.php(933): App\Controllers\ProdukController->index()
 3 SYSTEMPATH\CodeIgniter.php(509): CodeIgniter\CodeIgniter->runController(Object(App\Controllers\ProdukController))
 4 SYSTEMPATH\CodeIgniter.php(355): CodeIgniter\CodeIgniter->handleRequest(null, Object(Config\Cache), false)
 5 SYSTEMPATH\Boot.php(325): CodeIgniter\CodeIgniter->run()
 6 SYSTEMPATH\Boot.php(67): CodeIgniter\Boot::runCodeIgniter(Object(CodeIgniter\CodeIgniter))
 7 FCPATH\index.php(56): CodeIgniter\Boot::bootWeb(Object(Config\Paths))
 8 SYSTEMPATH\Commands\Server\rewrite.php(49): require_once('C:\\xampp\\htdocs\\fashion-store-ci\\public\\index.php')
ERROR - 2024-07-01 17:55:14 --> mysqli_sql_exception: Table 'fashion-store.data_produk' doesn't exist in C:\xampp\htdocs\fashion-store-ci\system\Database\MySQLi\Connection.php:310
Stack trace:
#0 C:\xampp\htdocs\fashion-store-ci\system\Database\MySQLi\Connection.php(310): mysqli->query('SELECT *\nFROM `...', 0)
#1 C:\xampp\htdocs\fashion-store-ci\system\Database\BaseConnection.php(732): CodeIgniter\Database\MySQLi\Connection->execute('SELECT *\nFROM `...')
#2 C:\xampp\htdocs\fashion-store-ci\system\Database\BaseConnection.php(646): CodeIgniter\Database\BaseConnection->simpleQuery('SELECT *\nFROM `...')
#3 C:\xampp\htdocs\fashion-store-ci\system\Database\BaseBuilder.php(1637): CodeIgniter\Database\BaseConnection->query('SELECT *\nFROM `...', Array, false)
#4 C:\xampp\htdocs\fashion-store-ci\system\Model.php(286): CodeIgniter\Database\BaseBuilder->get()
#5 C:\xampp\htdocs\fashion-store-ci\system\BaseModel.php(676): CodeIgniter\Model->doFindAll(0, 0)
#6 C:\xampp\htdocs\fashion-store-ci\app\Models\ProdukModel.php(14): CodeIgniter\BaseModel->findAll()
#7 C:\xampp\htdocs\fashion-store-ci\app\Controllers\ProdukController.php(15): App\Models\ProdukModel->lihat_produk()
#8 C:\xampp\htdocs\fashion-store-ci\system\CodeIgniter.php(933): App\Controllers\ProdukController->index()
#9 C:\xampp\htdocs\fashion-store-ci\system\CodeIgniter.php(509): CodeIgniter\CodeIgniter->runController(Object(App\Controllers\ProdukController))
#10 C:\xampp\htdocs\fashion-store-ci\system\CodeIgniter.php(355): CodeIgniter\CodeIgniter->handleRequest(NULL, Object(Config\Cache), false)
#11 C:\xampp\htdocs\fashion-store-ci\system\Boot.php(325): CodeIgniter\CodeIgniter->run()
#12 C:\xampp\htdocs\fashion-store-ci\system\Boot.php(67): CodeIgniter\Boot::runCodeIgniter(Object(CodeIgniter\CodeIgniter))
#13 C:\xampp\htdocs\fashion-store-ci\public\index.php(56): CodeIgniter\Boot::bootWeb(Object(Config\Paths))
#14 C:\xampp\htdocs\fashion-store-ci\system\Commands\Server\rewrite.php(49): require_once('C:\\xampp\\htdocs...')
#15 {main}
CRITICAL - 2024-07-01 17:55:14 --> Error: Call to a member function getResult() on bool
[Method: GET, Route: admin/data_produk]
in SYSTEMPATH\Model.php on line 287.
 1 SYSTEMPATH\BaseModel.php(676): CodeIgniter\Model->doFindAll(0, 0)
 2 APPPATH\Models\ProdukModel.php(14): CodeIgniter\BaseModel->findAll()
 3 APPPATH\Controllers\ProdukController.php(15): App\Models\ProdukModel->lihat_produk()
 4 SYSTEMPATH\CodeIgniter.php(933): App\Controllers\ProdukController->index()
 5 SYSTEMPATH\CodeIgniter.php(509): CodeIgniter\CodeIgniter->runController(Object(App\Controllers\ProdukController))
 6 SYSTEMPATH\CodeIgniter.php(355): CodeIgniter\CodeIgniter->handleRequest(null, Object(Config\Cache), false)
 7 SYSTEMPATH\Boot.php(325): CodeIgniter\CodeIgniter->run()
 8 SYSTEMPATH\Boot.php(67): CodeIgniter\Boot::runCodeIgniter(Object(CodeIgniter\CodeIgniter))
 9 FCPATH\index.php(56): CodeIgniter\Boot::bootWeb(Object(Config\Paths))
10 SYSTEMPATH\Commands\Server\rewrite.php(49): require_once('C:\\xampp\\htdocs\\fashion-store-ci\\public\\index.php')
ERROR - 2024-07-01 17:55:16 --> mysqli_sql_exception: Table 'fashion-store.data_produk' doesn't exist in C:\xampp\htdocs\fashion-store-ci\system\Database\MySQLi\Connection.php:310
Stack trace:
#0 C:\xampp\htdocs\fashion-store-ci\system\Database\MySQLi\Connection.php(310): mysqli->query('SELECT *\nFROM `...', 0)
#1 C:\xampp\htdocs\fashion-store-ci\system\Database\BaseConnection.php(732): CodeIgniter\Database\MySQLi\Connection->execute('SELECT *\nFROM `...')
#2 C:\xampp\htdocs\fashion-store-ci\system\Database\BaseConnection.php(646): CodeIgniter\Database\BaseConnection->simpleQuery('SELECT *\nFROM `...')
#3 C:\xampp\htdocs\fashion-store-ci\system\Database\BaseBuilder.php(1637): CodeIgniter\Database\BaseConnection->query('SELECT *\nFROM `...', Array, false)
#4 C:\xampp\htdocs\fashion-store-ci\system\Model.php(286): CodeIgniter\Database\BaseBuilder->get()
#5 C:\xampp\htdocs\fashion-store-ci\system\BaseModel.php(676): CodeIgniter\Model->doFindAll(0, 0)
#6 C:\xampp\htdocs\fashion-store-ci\app\Models\ProdukModel.php(14): CodeIgniter\BaseModel->findAll()
#7 C:\xampp\htdocs\fashion-store-ci\app\Controllers\ProdukController.php(15): App\Models\ProdukModel->lihat_produk()
#8 C:\xampp\htdocs\fashion-store-ci\system\CodeIgniter.php(933): App\Controllers\ProdukController->index()
#9 C:\xampp\htdocs\fashion-store-ci\system\CodeIgniter.php(509): CodeIgniter\CodeIgniter->runController(Object(App\Controllers\ProdukController))
#10 C:\xampp\htdocs\fashion-store-ci\system\CodeIgniter.php(355): CodeIgniter\CodeIgniter->handleRequest(NULL, Object(Config\Cache), false)
#11 C:\xampp\htdocs\fashion-store-ci\system\Boot.php(325): CodeIgniter\CodeIgniter->run()
#12 C:\xampp\htdocs\fashion-store-ci\system\Boot.php(67): CodeIgniter\Boot::runCodeIgniter(Object(CodeIgniter\CodeIgniter))
#13 C:\xampp\htdocs\fashion-store-ci\public\index.php(56): CodeIgniter\Boot::bootWeb(Object(Config\Paths))
#14 C:\xampp\htdocs\fashion-store-ci\system\Commands\Server\rewrite.php(49): require_once('C:\\xampp\\htdocs...')
#15 {main}
CRITICAL - 2024-07-01 17:55:16 --> Error: Call to a member function getResult() on bool
[Method: GET, Route: admin/data_produk]
in SYSTEMPATH\Model.php on line 287.
 1 SYSTEMPATH\BaseModel.php(676): CodeIgniter\Model->doFindAll(0, 0)
 2 APPPATH\Models\ProdukModel.php(14): CodeIgniter\BaseModel->findAll()
 3 APPPATH\Controllers\ProdukController.php(15): App\Models\ProdukModel->lihat_produk()
 4 SYSTEMPATH\CodeIgniter.php(933): App\Controllers\ProdukController->index()
 5 SYSTEMPATH\CodeIgniter.php(509): CodeIgniter\CodeIgniter->runController(Object(App\Controllers\ProdukController))
 6 SYSTEMPATH\CodeIgniter.php(355): CodeIgniter\CodeIgniter->handleRequest(null, Object(Config\Cache), false)
 7 SYSTEMPATH\Boot.php(325): CodeIgniter\CodeIgniter->run()
 8 SYSTEMPATH\Boot.php(67): CodeIgniter\Boot::runCodeIgniter(Object(CodeIgniter\CodeIgniter))
 9 FCPATH\index.php(56): CodeIgniter\Boot::bootWeb(Object(Config\Paths))
10 SYSTEMPATH\Commands\Server\rewrite.php(49): require_once('C:\\xampp\\htdocs\\fashion-store-ci\\public\\index.php')
ERROR - 2024-07-01 17:56:49 --> mysqli_sql_exception: Table 'fashion-store.data_produk' doesn't exist in C:\xampp\htdocs\fashion-store-ci\system\Database\MySQLi\Connection.php:310
Stack trace:
#0 C:\xampp\htdocs\fashion-store-ci\system\Database\MySQLi\Connection.php(310): mysqli->query('SELECT *\nFROM `...', 0)
#1 C:\xampp\htdocs\fashion-store-ci\system\Database\BaseConnection.php(732): CodeIgniter\Database\MySQLi\Connection->execute('SELECT *\nFROM `...')
#2 C:\xampp\htdocs\fashion-store-ci\system\Database\BaseConnection.php(646): CodeIgniter\Database\BaseConnection->simpleQuery('SELECT *\nFROM `...')
#3 C:\xampp\htdocs\fashion-store-ci\system\Database\BaseBuilder.php(1637): CodeIgniter\Database\BaseConnection->query('SELECT *\nFROM `...', Array, false)
#4 C:\xampp\htdocs\fashion-store-ci\system\Model.php(286): CodeIgniter\Database\BaseBuilder->get()
#5 C:\xampp\htdocs\fashion-store-ci\system\BaseModel.php(676): CodeIgniter\Model->doFindAll(0, 0)
#6 C:\xampp\htdocs\fashion-store-ci\app\Models\ProdukModel.php(14): CodeIgniter\BaseModel->findAll()
#7 C:\xampp\htdocs\fashion-store-ci\app\Controllers\ProdukController.php(15): App\Models\ProdukModel->lihat_produk()
#8 C:\xampp\htdocs\fashion-store-ci\system\CodeIgniter.php(933): App\Controllers\ProdukController->index()
#9 C:\xampp\htdocs\fashion-store-ci\system\CodeIgniter.php(509): CodeIgniter\CodeIgniter->runController(Object(App\Controllers\ProdukController))
#10 C:\xampp\htdocs\fashion-store-ci\system\CodeIgniter.php(355): CodeIgniter\CodeIgniter->handleRequest(NULL, Object(Config\Cache), false)
#11 C:\xampp\htdocs\fashion-store-ci\system\Boot.php(325): CodeIgniter\CodeIgniter->run()
#12 C:\xampp\htdocs\fashion-store-ci\system\Boot.php(67): CodeIgniter\Boot::runCodeIgniter(Object(CodeIgniter\CodeIgniter))
#13 C:\xampp\htdocs\fashion-store-ci\public\index.php(56): CodeIgniter\Boot::bootWeb(Object(Config\Paths))
#14 C:\xampp\htdocs\fashion-store-ci\system\Commands\Server\rewrite.php(49): require_once('C:\\xampp\\htdocs...')
#15 {main}
CRITICAL - 2024-07-01 17:56:49 --> Error: Call to a member function getResult() on bool
[Method: GET, Route: admin/data_produk]
in SYSTEMPATH\Model.php on line 287.
 1 SYSTEMPATH\BaseModel.php(676): CodeIgniter\Model->doFindAll(0, 0)
 2 APPPATH\Models\ProdukModel.php(14): CodeIgniter\BaseModel->findAll()
 3 APPPATH\Controllers\ProdukController.php(15): App\Models\ProdukModel->lihat_produk()
 4 SYSTEMPATH\CodeIgniter.php(933): App\Controllers\ProdukController->index()
 5 SYSTEMPATH\CodeIgniter.php(509): CodeIgniter\CodeIgniter->runController(Object(App\Controllers\ProdukController))
 6 SYSTEMPATH\CodeIgniter.php(355): CodeIgniter\CodeIgniter->handleRequest(null, Object(Config\Cache), false)
 7 SYSTEMPATH\Boot.php(325): CodeIgniter\CodeIgniter->run()
 8 SYSTEMPATH\Boot.php(67): CodeIgniter\Boot::runCodeIgniter(Object(CodeIgniter\CodeIgniter))
 9 FCPATH\index.php(56): CodeIgniter\Boot::bootWeb(Object(Config\Paths))
10 SYSTEMPATH\Commands\Server\rewrite.php(49): require_once('C:\\xampp\\htdocs\\fashion-store-ci\\public\\index.php')
ERROR - 2024-07-01 17:56:50 --> mysqli_sql_exception: Table 'fashion-store.data_produk' doesn't exist in C:\xampp\htdocs\fashion-store-ci\system\Database\MySQLi\Connection.php:310
Stack trace:
#0 C:\xampp\htdocs\fashion-store-ci\system\Database\MySQLi\Connection.php(310): mysqli->query('SELECT *\nFROM `...', 0)
#1 C:\xampp\htdocs\fashion-store-ci\system\Database\BaseConnection.php(732): CodeIgniter\Database\MySQLi\Connection->execute('SELECT *\nFROM `...')
#2 C:\xampp\htdocs\fashion-store-ci\system\Database\BaseConnection.php(646): CodeIgniter\Database\BaseConnection->simpleQuery('SELECT *\nFROM `...')
#3 C:\xampp\htdocs\fashion-store-ci\system\Database\BaseBuilder.php(1637): CodeIgniter\Database\BaseConnection->query('SELECT *\nFROM `...', Array, false)
#4 C:\xampp\htdocs\fashion-store-ci\system\Model.php(286): CodeIgniter\Database\BaseBuilder->get()
#5 C:\xampp\htdocs\fashion-store-ci\system\BaseModel.php(676): CodeIgniter\Model->doFindAll(0, 0)
#6 C:\xampp\htdocs\fashion-store-ci\app\Models\ProdukModel.php(14): CodeIgniter\BaseModel->findAll()
#7 C:\xampp\htdocs\fashion-store-ci\app\Controllers\ProdukController.php(15): App\Models\ProdukModel->lihat_produk()
#8 C:\xampp\htdocs\fashion-store-ci\system\CodeIgniter.php(933): App\Controllers\ProdukController->index()
#9 C:\xampp\htdocs\fashion-store-ci\system\CodeIgniter.php(509): CodeIgniter\CodeIgniter->runController(Object(App\Controllers\ProdukController))
#10 C:\xampp\htdocs\fashion-store-ci\system\CodeIgniter.php(355): CodeIgniter\CodeIgniter->handleRequest(NULL, Object(Config\Cache), false)
#11 C:\xampp\htdocs\fashion-store-ci\system\Boot.php(325): CodeIgniter\CodeIgniter->run()
#12 C:\xampp\htdocs\fashion-store-ci\system\Boot.php(67): CodeIgniter\Boot::runCodeIgniter(Object(CodeIgniter\CodeIgniter))
#13 C:\xampp\htdocs\fashion-store-ci\public\index.php(56): CodeIgniter\Boot::bootWeb(Object(Config\Paths))
#14 C:\xampp\htdocs\fashion-store-ci\system\Commands\Server\rewrite.php(49): require_once('C:\\xampp\\htdocs...')
#15 {main}
CRITICAL - 2024-07-01 17:56:50 --> Error: Call to a member function getResult() on bool
[Method: GET, Route: admin/data_produk]
in SYSTEMPATH\Model.php on line 287.
 1 SYSTEMPATH\BaseModel.php(676): CodeIgniter\Model->doFindAll(0, 0)
 2 APPPATH\Models\ProdukModel.php(14): CodeIgniter\BaseModel->findAll()
 3 APPPATH\Controllers\ProdukController.php(15): App\Models\ProdukModel->lihat_produk()
 4 SYSTEMPATH\CodeIgniter.php(933): App\Controllers\ProdukController->index()
 5 SYSTEMPATH\CodeIgniter.php(509): CodeIgniter\CodeIgniter->runController(Object(App\Controllers\ProdukController))
 6 SYSTEMPATH\CodeIgniter.php(355): CodeIgniter\CodeIgniter->handleRequest(null, Object(Config\Cache), false)
 7 SYSTEMPATH\Boot.php(325): CodeIgniter\CodeIgniter->run()
 8 SYSTEMPATH\Boot.php(67): CodeIgniter\Boot::runCodeIgniter(Object(CodeIgniter\CodeIgniter))
 9 FCPATH\index.php(56): CodeIgniter\Boot::bootWeb(Object(Config\Paths))
10 SYSTEMPATH\Commands\Server\rewrite.php(49): require_once('C:\\xampp\\htdocs\\fashion-store-ci\\public\\index.php')
ERROR - 2024-07-01 17:56:51 --> mysqli_sql_exception: Table 'fashion-store.data_produk' doesn't exist in C:\xampp\htdocs\fashion-store-ci\system\Database\MySQLi\Connection.php:310
Stack trace:
#0 C:\xampp\htdocs\fashion-store-ci\system\Database\MySQLi\Connection.php(310): mysqli->query('SELECT *\nFROM `...', 0)
#1 C:\xampp\htdocs\fashion-store-ci\system\Database\BaseConnection.php(732): CodeIgniter\Database\MySQLi\Connection->execute('SELECT *\nFROM `...')
#2 C:\xampp\htdocs\fashion-store-ci\system\Database\BaseConnection.php(646): CodeIgniter\Database\BaseConnection->simpleQuery('SELECT *\nFROM `...')
#3 C:\xampp\htdocs\fashion-store-ci\system\Database\BaseBuilder.php(1637): CodeIgniter\Database\BaseConnection->query('SELECT *\nFROM `...', Array, false)
#4 C:\xampp\htdocs\fashion-store-ci\system\Model.php(286): CodeIgniter\Database\BaseBuilder->get()
#5 C:\xampp\htdocs\fashion-store-ci\system\BaseModel.php(676): CodeIgniter\Model->doFindAll(0, 0)
#6 C:\xampp\htdocs\fashion-store-ci\app\Models\ProdukModel.php(14): CodeIgniter\BaseModel->findAll()
#7 C:\xampp\htdocs\fashion-store-ci\app\Controllers\ProdukController.php(15): App\Models\ProdukModel->lihat_produk()
#8 C:\xampp\htdocs\fashion-store-ci\system\CodeIgniter.php(933): App\Controllers\ProdukController->index()
#9 C:\xampp\htdocs\fashion-store-ci\system\CodeIgniter.php(509): CodeIgniter\CodeIgniter->runController(Object(App\Controllers\ProdukController))
#10 C:\xampp\htdocs\fashion-store-ci\system\CodeIgniter.php(355): CodeIgniter\CodeIgniter->handleRequest(NULL, Object(Config\Cache), false)
#11 C:\xampp\htdocs\fashion-store-ci\system\Boot.php(325): CodeIgniter\CodeIgniter->run()
#12 C:\xampp\htdocs\fashion-store-ci\system\Boot.php(67): CodeIgniter\Boot::runCodeIgniter(Object(CodeIgniter\CodeIgniter))
#13 C:\xampp\htdocs\fashion-store-ci\public\index.php(56): CodeIgniter\Boot::bootWeb(Object(Config\Paths))
#14 C:\xampp\htdocs\fashion-store-ci\system\Commands\Server\rewrite.php(49): require_once('C:\\xampp\\htdocs...')
#15 {main}
CRITICAL - 2024-07-01 17:56:51 --> Error: Call to a member function getResult() on bool
[Method: GET, Route: admin/data_produk]
in SYSTEMPATH\Model.php on line 287.
 1 SYSTEMPATH\BaseModel.php(676): CodeIgniter\Model->doFindAll(0, 0)
 2 APPPATH\Models\ProdukModel.php(14): CodeIgniter\BaseModel->findAll()
 3 APPPATH\Controllers\ProdukController.php(15): App\Models\ProdukModel->lihat_produk()
 4 SYSTEMPATH\CodeIgniter.php(933): App\Controllers\ProdukController->index()
 5 SYSTEMPATH\CodeIgniter.php(509): CodeIgniter\CodeIgniter->runController(Object(App\Controllers\ProdukController))
 6 SYSTEMPATH\CodeIgniter.php(355): CodeIgniter\CodeIgniter->handleRequest(null, Object(Config\Cache), false)
 7 SYSTEMPATH\Boot.php(325): CodeIgniter\CodeIgniter->run()
 8 SYSTEMPATH\Boot.php(67): CodeIgniter\Boot::runCodeIgniter(Object(CodeIgniter\CodeIgniter))
 9 FCPATH\index.php(56): CodeIgniter\Boot::bootWeb(Object(Config\Paths))
10 SYSTEMPATH\Commands\Server\rewrite.php(49): require_once('C:\\xampp\\htdocs\\fashion-store-ci\\public\\index.php')
ERROR - 2024-07-01 17:58:53 --> mysqli_sql_exception: Table 'fashion-store.data_produk' doesn't exist in C:\xampp\htdocs\fashion-store-ci\system\Database\MySQLi\Connection.php:310
Stack trace:
#0 C:\xampp\htdocs\fashion-store-ci\system\Database\MySQLi\Connection.php(310): mysqli->query('SELECT *\nFROM `...', 0)
#1 C:\xampp\htdocs\fashion-store-ci\system\Database\BaseConnection.php(732): CodeIgniter\Database\MySQLi\Connection->execute('SELECT *\nFROM `...')
#2 C:\xampp\htdocs\fashion-store-ci\system\Database\BaseConnection.php(646): CodeIgniter\Database\BaseConnection->simpleQuery('SELECT *\nFROM `...')
#3 C:\xampp\htdocs\fashion-store-ci\system\Database\BaseBuilder.php(1637): CodeIgniter\Database\BaseConnection->query('SELECT *\nFROM `...', Array, false)
#4 C:\xampp\htdocs\fashion-store-ci\system\Model.php(286): CodeIgniter\Database\BaseBuilder->get()
#5 C:\xampp\htdocs\fashion-store-ci\system\BaseModel.php(676): CodeIgniter\Model->doFindAll(0, 0)
#6 C:\xampp\htdocs\fashion-store-ci\app\Models\ProdukModel.php(14): CodeIgniter\BaseModel->findAll()
#7 C:\xampp\htdocs\fashion-store-ci\app\Controllers\ProdukController.php(15): App\Models\ProdukModel->lihat_produk()
#8 C:\xampp\htdocs\fashion-store-ci\system\CodeIgniter.php(933): App\Controllers\ProdukController->index()
#9 C:\xampp\htdocs\fashion-store-ci\system\CodeIgniter.php(509): CodeIgniter\CodeIgniter->runController(Object(App\Controllers\ProdukController))
#10 C:\xampp\htdocs\fashion-store-ci\system\CodeIgniter.php(355): CodeIgniter\CodeIgniter->handleRequest(NULL, Object(Config\Cache), false)
#11 C:\xampp\htdocs\fashion-store-ci\system\Boot.php(325): CodeIgniter\CodeIgniter->run()
#12 C:\xampp\htdocs\fashion-store-ci\system\Boot.php(67): CodeIgniter\Boot::runCodeIgniter(Object(CodeIgniter\CodeIgniter))
#13 C:\xampp\htdocs\fashion-store-ci\public\index.php(56): CodeIgniter\Boot::bootWeb(Object(Config\Paths))
#14 C:\xampp\htdocs\fashion-store-ci\system\Commands\Server\rewrite.php(49): require_once('C:\\xampp\\htdocs...')
#15 {main}
CRITICAL - 2024-07-01 17:58:53 --> Error: Call to a member function getResult() on bool
[Method: GET, Route: admin/data_produk]
in SYSTEMPATH\Model.php on line 287.
 1 SYSTEMPATH\BaseModel.php(676): CodeIgniter\Model->doFindAll(0, 0)
 2 APPPATH\Models\ProdukModel.php(14): CodeIgniter\BaseModel->findAll()
 3 APPPATH\Controllers\ProdukController.php(15): App\Models\ProdukModel->lihat_produk()
 4 SYSTEMPATH\CodeIgniter.php(933): App\Controllers\ProdukController->index()
 5 SYSTEMPATH\CodeIgniter.php(509): CodeIgniter\CodeIgniter->runController(Object(App\Controllers\ProdukController))
 6 SYSTEMPATH\CodeIgniter.php(355): CodeIgniter\CodeIgniter->handleRequest(null, Object(Config\Cache), false)
 7 SYSTEMPATH\Boot.php(325): CodeIgniter\CodeIgniter->run()
 8 SYSTEMPATH\Boot.php(67): CodeIgniter\Boot::runCodeIgniter(Object(CodeIgniter\CodeIgniter))
 9 FCPATH\index.php(56): CodeIgniter\Boot::bootWeb(Object(Config\Paths))
10 SYSTEMPATH\Commands\Server\rewrite.php(49): require_once('C:\\xampp\\htdocs\\fashion-store-ci\\public\\index.php')
ERROR - 2024-07-01 17:58:55 --> mysqli_sql_exception: Table 'fashion-store.data_produk' doesn't exist in C:\xampp\htdocs\fashion-store-ci\system\Database\MySQLi\Connection.php:310
Stack trace:
#0 C:\xampp\htdocs\fashion-store-ci\system\Database\MySQLi\Connection.php(310): mysqli->query('SELECT *\nFROM `...', 0)
#1 C:\xampp\htdocs\fashion-store-ci\system\Database\BaseConnection.php(732): CodeIgniter\Database\MySQLi\Connection->execute('SELECT *\nFROM `...')
#2 C:\xampp\htdocs\fashion-store-ci\system\Database\BaseConnection.php(646): CodeIgniter\Database\BaseConnection->simpleQuery('SELECT *\nFROM `...')
#3 C:\xampp\htdocs\fashion-store-ci\system\Database\BaseBuilder.php(1637): CodeIgniter\Database\BaseConnection->query('SELECT *\nFROM `...', Array, false)
#4 C:\xampp\htdocs\fashion-store-ci\system\Model.php(286): CodeIgniter\Database\BaseBuilder->get()
#5 C:\xampp\htdocs\fashion-store-ci\system\BaseModel.php(676): CodeIgniter\Model->doFindAll(0, 0)
#6 C:\xampp\htdocs\fashion-store-ci\app\Models\ProdukModel.php(14): CodeIgniter\BaseModel->findAll()
#7 C:\xampp\htdocs\fashion-store-ci\app\Controllers\ProdukController.php(15): App\Models\ProdukModel->lihat_produk()
#8 C:\xampp\htdocs\fashion-store-ci\system\CodeIgniter.php(933): App\Controllers\ProdukController->index()
#9 C:\xampp\htdocs\fashion-store-ci\system\CodeIgniter.php(509): CodeIgniter\CodeIgniter->runController(Object(App\Controllers\ProdukController))
#10 C:\xampp\htdocs\fashion-store-ci\system\CodeIgniter.php(355): CodeIgniter\CodeIgniter->handleRequest(NULL, Object(Config\Cache), false)
#11 C:\xampp\htdocs\fashion-store-ci\system\Boot.php(325): CodeIgniter\CodeIgniter->run()
#12 C:\xampp\htdocs\fashion-store-ci\system\Boot.php(67): CodeIgniter\Boot::runCodeIgniter(Object(CodeIgniter\CodeIgniter))
#13 C:\xampp\htdocs\fashion-store-ci\public\index.php(56): CodeIgniter\Boot::bootWeb(Object(Config\Paths))
#14 C:\xampp\htdocs\fashion-store-ci\system\Commands\Server\rewrite.php(49): require_once('C:\\xampp\\htdocs...')
#15 {main}
CRITICAL - 2024-07-01 17:58:55 --> Error: Call to a member function getResult() on bool
[Method: GET, Route: admin/data_produk]
in SYSTEMPATH\Model.php on line 287.
 1 SYSTEMPATH\BaseModel.php(676): CodeIgniter\Model->doFindAll(0, 0)
 2 APPPATH\Models\ProdukModel.php(14): CodeIgniter\BaseModel->findAll()
 3 APPPATH\Controllers\ProdukController.php(15): App\Models\ProdukModel->lihat_produk()
 4 SYSTEMPATH\CodeIgniter.php(933): App\Controllers\ProdukController->index()
 5 SYSTEMPATH\CodeIgniter.php(509): CodeIgniter\CodeIgniter->runController(Object(App\Controllers\ProdukController))
 6 SYSTEMPATH\CodeIgniter.php(355): CodeIgniter\CodeIgniter->handleRequest(null, Object(Config\Cache), false)
 7 SYSTEMPATH\Boot.php(325): CodeIgniter\CodeIgniter->run()
 8 SYSTEMPATH\Boot.php(67): CodeIgniter\Boot::runCodeIgniter(Object(CodeIgniter\CodeIgniter))
 9 FCPATH\index.php(56): CodeIgniter\Boot::bootWeb(Object(Config\Paths))
10 SYSTEMPATH\Commands\Server\rewrite.php(49): require_once('C:\\xampp\\htdocs\\fashion-store-ci\\public\\index.php')
ERROR - 2024-07-01 17:58:56 --> mysqli_sql_exception: Table 'fashion-store.data_produk' doesn't exist in C:\xampp\htdocs\fashion-store-ci\system\Database\MySQLi\Connection.php:310
Stack trace:
#0 C:\xampp\htdocs\fashion-store-ci\system\Database\MySQLi\Connection.php(310): mysqli->query('SELECT *\nFROM `...', 0)
#1 C:\xampp\htdocs\fashion-store-ci\system\Database\BaseConnection.php(732): CodeIgniter\Database\MySQLi\Connection->execute('SELECT *\nFROM `...')
#2 C:\xampp\htdocs\fashion-store-ci\system\Database\BaseConnection.php(646): CodeIgniter\Database\BaseConnection->simpleQuery('SELECT *\nFROM `...')
#3 C:\xampp\htdocs\fashion-store-ci\system\Database\BaseBuilder.php(1637): CodeIgniter\Database\BaseConnection->query('SELECT *\nFROM `...', Array, false)
#4 C:\xampp\htdocs\fashion-store-ci\system\Model.php(286): CodeIgniter\Database\BaseBuilder->get()
#5 C:\xampp\htdocs\fashion-store-ci\system\BaseModel.php(676): CodeIgniter\Model->doFindAll(0, 0)
#6 C:\xampp\htdocs\fashion-store-ci\app\Models\ProdukModel.php(14): CodeIgniter\BaseModel->findAll()
#7 C:\xampp\htdocs\fashion-store-ci\app\Controllers\ProdukController.php(15): App\Models\ProdukModel->lihat_produk()
#8 C:\xampp\htdocs\fashion-store-ci\system\CodeIgniter.php(933): App\Controllers\ProdukController->index()
#9 C:\xampp\htdocs\fashion-store-ci\system\CodeIgniter.php(509): CodeIgniter\CodeIgniter->runController(Object(App\Controllers\ProdukController))
#10 C:\xampp\htdocs\fashion-store-ci\system\CodeIgniter.php(355): CodeIgniter\CodeIgniter->handleRequest(NULL, Object(Config\Cache), false)
#11 C:\xampp\htdocs\fashion-store-ci\system\Boot.php(325): CodeIgniter\CodeIgniter->run()
#12 C:\xampp\htdocs\fashion-store-ci\system\Boot.php(67): CodeIgniter\Boot::runCodeIgniter(Object(CodeIgniter\CodeIgniter))
#13 C:\xampp\htdocs\fashion-store-ci\public\index.php(56): CodeIgniter\Boot::bootWeb(Object(Config\Paths))
#14 C:\xampp\htdocs\fashion-store-ci\system\Commands\Server\rewrite.php(49): require_once('C:\\xampp\\htdocs...')
#15 {main}
CRITICAL - 2024-07-01 17:58:56 --> Error: Call to a member function getResult() on bool
[Method: GET, Route: admin/data_produk]
in SYSTEMPATH\Model.php on line 287.
 1 SYSTEMPATH\BaseModel.php(676): CodeIgniter\Model->doFindAll(0, 0)
 2 APPPATH\Models\ProdukModel.php(14): CodeIgniter\BaseModel->findAll()
 3 APPPATH\Controllers\ProdukController.php(15): App\Models\ProdukModel->lihat_produk()
 4 SYSTEMPATH\CodeIgniter.php(933): App\Controllers\ProdukController->index()
 5 SYSTEMPATH\CodeIgniter.php(509): CodeIgniter\CodeIgniter->runController(Object(App\Controllers\ProdukController))
 6 SYSTEMPATH\CodeIgniter.php(355): CodeIgniter\CodeIgniter->handleRequest(null, Object(Config\Cache), false)
 7 SYSTEMPATH\Boot.php(325): CodeIgniter\CodeIgniter->run()
 8 SYSTEMPATH\Boot.php(67): CodeIgniter\Boot::runCodeIgniter(Object(CodeIgniter\CodeIgniter))
 9 FCPATH\index.php(56): CodeIgniter\Boot::bootWeb(Object(Config\Paths))
10 SYSTEMPATH\Commands\Server\rewrite.php(49): require_once('C:\\xampp\\htdocs\\fashion-store-ci\\public\\index.php')
ERROR - 2024-07-01 17:59:31 --> mysqli_sql_exception: Table 'fashion-store.data_produk' doesn't exist in C:\xampp\htdocs\fashion-store-ci\system\Database\MySQLi\Connection.php:310
Stack trace:
#0 C:\xampp\htdocs\fashion-store-ci\system\Database\MySQLi\Connection.php(310): mysqli->query('SELECT *\nFROM `...', 0)
#1 C:\xampp\htdocs\fashion-store-ci\system\Database\BaseConnection.php(732): CodeIgniter\Database\MySQLi\Connection->execute('SELECT *\nFROM `...')
#2 C:\xampp\htdocs\fashion-store-ci\system\Database\BaseConnection.php(646): CodeIgniter\Database\BaseConnection->simpleQuery('SELECT *\nFROM `...')
#3 C:\xampp\htdocs\fashion-store-ci\system\Database\BaseBuilder.php(1637): CodeIgniter\Database\BaseConnection->query('SELECT *\nFROM `...', Array, false)
#4 C:\xampp\htdocs\fashion-store-ci\system\Model.php(286): CodeIgniter\Database\BaseBuilder->get()
#5 C:\xampp\htdocs\fashion-store-ci\system\BaseModel.php(676): CodeIgniter\Model->doFindAll(0, 0)
#6 C:\xampp\htdocs\fashion-store-ci\app\Models\ProdukModel.php(14): CodeIgniter\BaseModel->findAll()
#7 C:\xampp\htdocs\fashion-store-ci\app\Controllers\ProdukController.php(15): App\Models\ProdukModel->lihat_produk()
#8 C:\xampp\htdocs\fashion-store-ci\system\CodeIgniter.php(933): App\Controllers\ProdukController->index()
#9 C:\xampp\htdocs\fashion-store-ci\system\CodeIgniter.php(509): CodeIgniter\CodeIgniter->runController(Object(App\Controllers\ProdukController))
#10 C:\xampp\htdocs\fashion-store-ci\system\CodeIgniter.php(355): CodeIgniter\CodeIgniter->handleRequest(NULL, Object(Config\Cache), false)
#11 C:\xampp\htdocs\fashion-store-ci\system\Boot.php(325): CodeIgniter\CodeIgniter->run()
#12 C:\xampp\htdocs\fashion-store-ci\system\Boot.php(67): CodeIgniter\Boot::runCodeIgniter(Object(CodeIgniter\CodeIgniter))
#13 C:\xampp\htdocs\fashion-store-ci\public\index.php(56): CodeIgniter\Boot::bootWeb(Object(Config\Paths))
#14 C:\xampp\htdocs\fashion-store-ci\system\Commands\Server\rewrite.php(49): require_once('C:\\xampp\\htdocs...')
#15 {main}
CRITICAL - 2024-07-01 17:59:31 --> Error: Call to a member function getResult() on bool
[Method: GET, Route: admin/data_produk]
in SYSTEMPATH\Model.php on line 287.
 1 SYSTEMPATH\BaseModel.php(676): CodeIgniter\Model->doFindAll(0, 0)
 2 APPPATH\Models\ProdukModel.php(14): CodeIgniter\BaseModel->findAll()
 3 APPPATH\Controllers\ProdukController.php(15): App\Models\ProdukModel->lihat_produk()
 4 SYSTEMPATH\CodeIgniter.php(933): App\Controllers\ProdukController->index()
 5 SYSTEMPATH\CodeIgniter.php(509): CodeIgniter\CodeIgniter->runController(Object(App\Controllers\ProdukController))
 6 SYSTEMPATH\CodeIgniter.php(355): CodeIgniter\CodeIgniter->handleRequest(null, Object(Config\Cache), false)
 7 SYSTEMPATH\Boot.php(325): CodeIgniter\CodeIgniter->run()
 8 SYSTEMPATH\Boot.php(67): CodeIgniter\Boot::runCodeIgniter(Object(CodeIgniter\CodeIgniter))
 9 FCPATH\index.php(56): CodeIgniter\Boot::bootWeb(Object(Config\Paths))
10 SYSTEMPATH\Commands\Server\rewrite.php(49): require_once('C:\\xampp\\htdocs\\fashion-store-ci\\public\\index.php')
ERROR - 2024-07-01 18:00:42 --> mysqli_sql_exception: Table 'fashion-store.data_produk' doesn't exist in C:\xampp\htdocs\fashion-store-ci\system\Database\MySQLi\Connection.php:310
Stack trace:
#0 C:\xampp\htdocs\fashion-store-ci\system\Database\MySQLi\Connection.php(310): mysqli->query('SELECT *\nFROM `...', 0)
#1 C:\xampp\htdocs\fashion-store-ci\system\Database\BaseConnection.php(732): CodeIgniter\Database\MySQLi\Connection->execute('SELECT *\nFROM `...')
#2 C:\xampp\htdocs\fashion-store-ci\system\Database\BaseConnection.php(646): CodeIgniter\Database\BaseConnection->simpleQuery('SELECT *\nFROM `...')
#3 C:\xampp\htdocs\fashion-store-ci\system\Database\BaseBuilder.php(1637): CodeIgniter\Database\BaseConnection->query('SELECT *\nFROM `...', Array, false)
#4 C:\xampp\htdocs\fashion-store-ci\system\Model.php(286): CodeIgniter\Database\BaseBuilder->get()
#5 C:\xampp\htdocs\fashion-store-ci\system\BaseModel.php(676): CodeIgniter\Model->doFindAll(0, 0)
#6 C:\xampp\htdocs\fashion-store-ci\app\Models\ProdukModel.php(14): CodeIgniter\BaseModel->findAll()
#7 C:\xampp\htdocs\fashion-store-ci\app\Controllers\ProdukController.php(18): App\Models\ProdukModel->lihat_produk()
#8 C:\xampp\htdocs\fashion-store-ci\system\CodeIgniter.php(933): App\Controllers\ProdukController->index()
#9 C:\xampp\htdocs\fashion-store-ci\system\CodeIgniter.php(509): CodeIgniter\CodeIgniter->runController(Object(App\Controllers\ProdukController))
#10 C:\xampp\htdocs\fashion-store-ci\system\CodeIgniter.php(355): CodeIgniter\CodeIgniter->handleRequest(NULL, Object(Config\Cache), false)
#11 C:\xampp\htdocs\fashion-store-ci\system\Boot.php(325): CodeIgniter\CodeIgniter->run()
#12 C:\xampp\htdocs\fashion-store-ci\system\Boot.php(67): CodeIgniter\Boot::runCodeIgniter(Object(CodeIgniter\CodeIgniter))
#13 C:\xampp\htdocs\fashion-store-ci\public\index.php(56): CodeIgniter\Boot::bootWeb(Object(Config\Paths))
#14 C:\xampp\htdocs\fashion-store-ci\system\Commands\Server\rewrite.php(49): require_once('C:\\xampp\\htdocs...')
#15 {main}
CRITICAL - 2024-07-01 18:00:42 --> Error: Call to a member function getResult() on bool
[Method: GET, Route: admin/data_produk]
in SYSTEMPATH\Model.php on line 287.
 1 SYSTEMPATH\BaseModel.php(676): CodeIgniter\Model->doFindAll(0, 0)
 2 APPPATH\Models\ProdukModel.php(14): CodeIgniter\BaseModel->findAll()
 3 APPPATH\Controllers\ProdukController.php(18): App\Models\ProdukModel->lihat_produk()
 4 SYSTEMPATH\CodeIgniter.php(933): App\Controllers\ProdukController->index()
 5 SYSTEMPATH\CodeIgniter.php(509): CodeIgniter\CodeIgniter->runController(Object(App\Controllers\ProdukController))
 6 SYSTEMPATH\CodeIgniter.php(355): CodeIgniter\CodeIgniter->handleRequest(null, Object(Config\Cache), false)
 7 SYSTEMPATH\Boot.php(325): CodeIgniter\CodeIgniter->run()
 8 SYSTEMPATH\Boot.php(67): CodeIgniter\Boot::runCodeIgniter(Object(CodeIgniter\CodeIgniter))
 9 FCPATH\index.php(56): CodeIgniter\Boot::bootWeb(Object(Config\Paths))
10 SYSTEMPATH\Commands\Server\rewrite.php(49): require_once('C:\\xampp\\htdocs\\fashion-store-ci\\public\\index.php')
ERROR - 2024-07-01 18:00:44 --> mysqli_sql_exception: Table 'fashion-store.data_produk' doesn't exist in C:\xampp\htdocs\fashion-store-ci\system\Database\MySQLi\Connection.php:310
Stack trace:
#0 C:\xampp\htdocs\fashion-store-ci\system\Database\MySQLi\Connection.php(310): mysqli->query('SELECT *\nFROM `...', 0)
#1 C:\xampp\htdocs\fashion-store-ci\system\Database\BaseConnection.php(732): CodeIgniter\Database\MySQLi\Connection->execute('SELECT *\nFROM `...')
#2 C:\xampp\htdocs\fashion-store-ci\system\Database\BaseConnection.php(646): CodeIgniter\Database\BaseConnection->simpleQuery('SELECT *\nFROM `...')
#3 C:\xampp\htdocs\fashion-store-ci\system\Database\BaseBuilder.php(1637): CodeIgniter\Database\BaseConnection->query('SELECT *\nFROM `...', Array, false)
#4 C:\xampp\htdocs\fashion-store-ci\system\Model.php(286): CodeIgniter\Database\BaseBuilder->get()
#5 C:\xampp\htdocs\fashion-store-ci\system\BaseModel.php(676): CodeIgniter\Model->doFindAll(0, 0)
#6 C:\xampp\htdocs\fashion-store-ci\app\Models\ProdukModel.php(14): CodeIgniter\BaseModel->findAll()
#7 C:\xampp\htdocs\fashion-store-ci\app\Controllers\ProdukController.php(18): App\Models\ProdukModel->lihat_produk()
#8 C:\xampp\htdocs\fashion-store-ci\system\CodeIgniter.php(933): App\Controllers\ProdukController->index()
#9 C:\xampp\htdocs\fashion-store-ci\system\CodeIgniter.php(509): CodeIgniter\CodeIgniter->runController(Object(App\Controllers\ProdukController))
#10 C:\xampp\htdocs\fashion-store-ci\system\CodeIgniter.php(355): CodeIgniter\CodeIgniter->handleRequest(NULL, Object(Config\Cache), false)
#11 C:\xampp\htdocs\fashion-store-ci\system\Boot.php(325): CodeIgniter\CodeIgniter->run()
#12 C:\xampp\htdocs\fashion-store-ci\system\Boot.php(67): CodeIgniter\Boot::runCodeIgniter(Object(CodeIgniter\CodeIgniter))
#13 C:\xampp\htdocs\fashion-store-ci\public\index.php(56): CodeIgniter\Boot::bootWeb(Object(Config\Paths))
#14 C:\xampp\htdocs\fashion-store-ci\system\Commands\Server\rewrite.php(49): require_once('C:\\xampp\\htdocs...')
#15 {main}
CRITICAL - 2024-07-01 18:00:44 --> Error: Call to a member function getResult() on bool
[Method: GET, Route: admin/data_produk]
in SYSTEMPATH\Model.php on line 287.
 1 SYSTEMPATH\BaseModel.php(676): CodeIgniter\Model->doFindAll(0, 0)
 2 APPPATH\Models\ProdukModel.php(14): CodeIgniter\BaseModel->findAll()
 3 APPPATH\Controllers\ProdukController.php(18): App\Models\ProdukModel->lihat_produk()
 4 SYSTEMPATH\CodeIgniter.php(933): App\Controllers\ProdukController->index()
 5 SYSTEMPATH\CodeIgniter.php(509): CodeIgniter\CodeIgniter->runController(Object(App\Controllers\ProdukController))
 6 SYSTEMPATH\CodeIgniter.php(355): CodeIgniter\CodeIgniter->handleRequest(null, Object(Config\Cache), false)
 7 SYSTEMPATH\Boot.php(325): CodeIgniter\CodeIgniter->run()
 8 SYSTEMPATH\Boot.php(67): CodeIgniter\Boot::runCodeIgniter(Object(CodeIgniter\CodeIgniter))
 9 FCPATH\index.php(56): CodeIgniter\Boot::bootWeb(Object(Config\Paths))
10 SYSTEMPATH\Commands\Server\rewrite.php(49): require_once('C:\\xampp\\htdocs\\fashion-store-ci\\public\\index.php')
ERROR - 2024-07-01 18:01:39 --> mysqli_sql_exception: Table 'fashion-store.data_produk' doesn't exist in C:\xampp\htdocs\fashion-store-ci\system\Database\MySQLi\Connection.php:310
Stack trace:
#0 C:\xampp\htdocs\fashion-store-ci\system\Database\MySQLi\Connection.php(310): mysqli->query('SELECT *\nFROM `...', 0)
#1 C:\xampp\htdocs\fashion-store-ci\system\Database\BaseConnection.php(732): CodeIgniter\Database\MySQLi\Connection->execute('SELECT *\nFROM `...')
#2 C:\xampp\htdocs\fashion-store-ci\system\Database\BaseConnection.php(646): CodeIgniter\Database\BaseConnection->simpleQuery('SELECT *\nFROM `...')
#3 C:\xampp\htdocs\fashion-store-ci\system\Database\BaseBuilder.php(1637): CodeIgniter\Database\BaseConnection->query('SELECT *\nFROM `...', Array, false)
#4 C:\xampp\htdocs\fashion-store-ci\system\Model.php(286): CodeIgniter\Database\BaseBuilder->get()
#5 C:\xampp\htdocs\fashion-store-ci\system\BaseModel.php(676): CodeIgniter\Model->doFindAll(0, 0)
#6 C:\xampp\htdocs\fashion-store-ci\app\Models\ProdukModel.php(13): CodeIgniter\BaseModel->findAll()
#7 C:\xampp\htdocs\fashion-store-ci\app\Controllers\ProdukController.php(18): App\Models\ProdukModel->lihat_produk()
#8 C:\xampp\htdocs\fashion-store-ci\system\CodeIgniter.php(933): App\Controllers\ProdukController->index()
#9 C:\xampp\htdocs\fashion-store-ci\system\CodeIgniter.php(509): CodeIgniter\CodeIgniter->runController(Object(App\Controllers\ProdukController))
#10 C:\xampp\htdocs\fashion-store-ci\system\CodeIgniter.php(355): CodeIgniter\CodeIgniter->handleRequest(NULL, Object(Config\Cache), false)
#11 C:\xampp\htdocs\fashion-store-ci\system\Boot.php(325): CodeIgniter\CodeIgniter->run()
#12 C:\xampp\htdocs\fashion-store-ci\system\Boot.php(67): CodeIgniter\Boot::runCodeIgniter(Object(CodeIgniter\CodeIgniter))
#13 C:\xampp\htdocs\fashion-store-ci\public\index.php(56): CodeIgniter\Boot::bootWeb(Object(Config\Paths))
#14 C:\xampp\htdocs\fashion-store-ci\system\Commands\Server\rewrite.php(49): require_once('C:\\xampp\\htdocs...')
#15 {main}
CRITICAL - 2024-07-01 18:01:39 --> Error: Call to a member function getResult() on bool
[Method: GET, Route: admin/data_produk]
in SYSTEMPATH\Model.php on line 287.
 1 SYSTEMPATH\BaseModel.php(676): CodeIgniter\Model->doFindAll(0, 0)
 2 APPPATH\Models\ProdukModel.php(13): CodeIgniter\BaseModel->findAll()
 3 APPPATH\Controllers\ProdukController.php(18): App\Models\ProdukModel->lihat_produk()
 4 SYSTEMPATH\CodeIgniter.php(933): App\Controllers\ProdukController->index()
 5 SYSTEMPATH\CodeIgniter.php(509): CodeIgniter\CodeIgniter->runController(Object(App\Controllers\ProdukController))
 6 SYSTEMPATH\CodeIgniter.php(355): CodeIgniter\CodeIgniter->handleRequest(null, Object(Config\Cache), false)
 7 SYSTEMPATH\Boot.php(325): CodeIgniter\CodeIgniter->run()
 8 SYSTEMPATH\Boot.php(67): CodeIgniter\Boot::runCodeIgniter(Object(CodeIgniter\CodeIgniter))
 9 FCPATH\index.php(56): CodeIgniter\Boot::bootWeb(Object(Config\Paths))
10 SYSTEMPATH\Commands\Server\rewrite.php(49): require_once('C:\\xampp\\htdocs\\fashion-store-ci\\public\\index.php')
ERROR - 2024-07-01 18:01:39 --> mysqli_sql_exception: Table 'fashion-store.data_produk' doesn't exist in C:\xampp\htdocs\fashion-store-ci\system\Database\MySQLi\Connection.php:310
Stack trace:
#0 C:\xampp\htdocs\fashion-store-ci\system\Database\MySQLi\Connection.php(310): mysqli->query('SELECT *\nFROM `...', 0)
#1 C:\xampp\htdocs\fashion-store-ci\system\Database\BaseConnection.php(732): CodeIgniter\Database\MySQLi\Connection->execute('SELECT *\nFROM `...')
#2 C:\xampp\htdocs\fashion-store-ci\system\Database\BaseConnection.php(646): CodeIgniter\Database\BaseConnection->simpleQuery('SELECT *\nFROM `...')
#3 C:\xampp\htdocs\fashion-store-ci\system\Database\BaseBuilder.php(1637): CodeIgniter\Database\BaseConnection->query('SELECT *\nFROM `...', Array, false)
#4 C:\xampp\htdocs\fashion-store-ci\system\Model.php(286): CodeIgniter\Database\BaseBuilder->get()
#5 C:\xampp\htdocs\fashion-store-ci\system\BaseModel.php(676): CodeIgniter\Model->doFindAll(0, 0)
#6 C:\xampp\htdocs\fashion-store-ci\app\Models\ProdukModel.php(13): CodeIgniter\BaseModel->findAll()
#7 C:\xampp\htdocs\fashion-store-ci\app\Controllers\ProdukController.php(18): App\Models\ProdukModel->lihat_produk()
#8 C:\xampp\htdocs\fashion-store-ci\system\CodeIgniter.php(933): App\Controllers\ProdukController->index()
#9 C:\xampp\htdocs\fashion-store-ci\system\CodeIgniter.php(509): CodeIgniter\CodeIgniter->runController(Object(App\Controllers\ProdukController))
#10 C:\xampp\htdocs\fashion-store-ci\system\CodeIgniter.php(355): CodeIgniter\CodeIgniter->handleRequest(NULL, Object(Config\Cache), false)
#11 C:\xampp\htdocs\fashion-store-ci\system\Boot.php(325): CodeIgniter\CodeIgniter->run()
#12 C:\xampp\htdocs\fashion-store-ci\system\Boot.php(67): CodeIgniter\Boot::runCodeIgniter(Object(CodeIgniter\CodeIgniter))
#13 C:\xampp\htdocs\fashion-store-ci\public\index.php(56): CodeIgniter\Boot::bootWeb(Object(Config\Paths))
#14 C:\xampp\htdocs\fashion-store-ci\system\Commands\Server\rewrite.php(49): require_once('C:\\xampp\\htdocs...')
#15 {main}
CRITICAL - 2024-07-01 18:01:40 --> Error: Call to a member function getResult() on bool
[Method: GET, Route: admin/data_produk]
in SYSTEMPATH\Model.php on line 287.
 1 SYSTEMPATH\BaseModel.php(676): CodeIgniter\Model->doFindAll(0, 0)
 2 APPPATH\Models\ProdukModel.php(13): CodeIgniter\BaseModel->findAll()
 3 APPPATH\Controllers\ProdukController.php(18): App\Models\ProdukModel->lihat_produk()
 4 SYSTEMPATH\CodeIgniter.php(933): App\Controllers\ProdukController->index()
 5 SYSTEMPATH\CodeIgniter.php(509): CodeIgniter\CodeIgniter->runController(Object(App\Controllers\ProdukController))
 6 SYSTEMPATH\CodeIgniter.php(355): CodeIgniter\CodeIgniter->handleRequest(null, Object(Config\Cache), false)
 7 SYSTEMPATH\Boot.php(325): CodeIgniter\CodeIgniter->run()
 8 SYSTEMPATH\Boot.php(67): CodeIgniter\Boot::runCodeIgniter(Object(CodeIgniter\CodeIgniter))
 9 FCPATH\index.php(56): CodeIgniter\Boot::bootWeb(Object(Config\Paths))
10 SYSTEMPATH\Commands\Server\rewrite.php(49): require_once('C:\\xampp\\htdocs\\fashion-store-ci\\public\\index.php')
ERROR - 2024-07-01 18:02:03 --> mysqli_sql_exception: Table 'fashion-store.data_produk' doesn't exist in C:\xampp\htdocs\fashion-store-ci\system\Database\MySQLi\Connection.php:310
Stack trace:
#0 C:\xampp\htdocs\fashion-store-ci\system\Database\MySQLi\Connection.php(310): mysqli->query('SELECT *\nFROM `...', 0)
#1 C:\xampp\htdocs\fashion-store-ci\system\Database\BaseConnection.php(732): CodeIgniter\Database\MySQLi\Connection->execute('SELECT *\nFROM `...')
#2 C:\xampp\htdocs\fashion-store-ci\system\Database\BaseConnection.php(646): CodeIgniter\Database\BaseConnection->simpleQuery('SELECT *\nFROM `...')
#3 C:\xampp\htdocs\fashion-store-ci\system\Database\BaseBuilder.php(1637): CodeIgniter\Database\BaseConnection->query('SELECT *\nFROM `...', Array, false)
#4 C:\xampp\htdocs\fashion-store-ci\system\Model.php(286): CodeIgniter\Database\BaseBuilder->get()
#5 C:\xampp\htdocs\fashion-store-ci\system\BaseModel.php(676): CodeIgniter\Model->doFindAll(0, 0)
#6 C:\xampp\htdocs\fashion-store-ci\app\Models\ProdukModel.php(13): CodeIgniter\BaseModel->findAll()
#7 C:\xampp\htdocs\fashion-store-ci\app\Controllers\ProdukController.php(18): App\Models\ProdukModel->lihat_produk()
#8 C:\xampp\htdocs\fashion-store-ci\system\CodeIgniter.php(933): App\Controllers\ProdukController->index()
#9 C:\xampp\htdocs\fashion-store-ci\system\CodeIgniter.php(509): CodeIgniter\CodeIgniter->runController(Object(App\Controllers\ProdukController))
#10 C:\xampp\htdocs\fashion-store-ci\system\CodeIgniter.php(355): CodeIgniter\CodeIgniter->handleRequest(NULL, Object(Config\Cache), false)
#11 C:\xampp\htdocs\fashion-store-ci\system\Boot.php(325): CodeIgniter\CodeIgniter->run()
#12 C:\xampp\htdocs\fashion-store-ci\system\Boot.php(67): CodeIgniter\Boot::runCodeIgniter(Object(CodeIgniter\CodeIgniter))
#13 C:\xampp\htdocs\fashion-store-ci\public\index.php(56): CodeIgniter\Boot::bootWeb(Object(Config\Paths))
#14 C:\xampp\htdocs\fashion-store-ci\system\Commands\Server\rewrite.php(49): require_once('C:\\xampp\\htdocs...')
#15 {main}
CRITICAL - 2024-07-01 18:02:03 --> Error: Call to a member function getResult() on bool
[Method: GET, Route: admin/data_produk]
in SYSTEMPATH\Model.php on line 287.
 1 SYSTEMPATH\BaseModel.php(676): CodeIgniter\Model->doFindAll(0, 0)
 2 APPPATH\Models\ProdukModel.php(13): CodeIgniter\BaseModel->findAll()
 3 APPPATH\Controllers\ProdukController.php(18): App\Models\ProdukModel->lihat_produk()
 4 SYSTEMPATH\CodeIgniter.php(933): App\Controllers\ProdukController->index()
 5 SYSTEMPATH\CodeIgniter.php(509): CodeIgniter\CodeIgniter->runController(Object(App\Controllers\ProdukController))
 6 SYSTEMPATH\CodeIgniter.php(355): CodeIgniter\CodeIgniter->handleRequest(null, Object(Config\Cache), false)
 7 SYSTEMPATH\Boot.php(325): CodeIgniter\CodeIgniter->run()
 8 SYSTEMPATH\Boot.php(67): CodeIgniter\Boot::runCodeIgniter(Object(CodeIgniter\CodeIgniter))
 9 FCPATH\index.php(56): CodeIgniter\Boot::bootWeb(Object(Config\Paths))
10 SYSTEMPATH\Commands\Server\rewrite.php(49): require_once('C:\\xampp\\htdocs\\fashion-store-ci\\public\\index.php')
ERROR - 2024-07-01 18:02:04 --> mysqli_sql_exception: Table 'fashion-store.data_produk' doesn't exist in C:\xampp\htdocs\fashion-store-ci\system\Database\MySQLi\Connection.php:310
Stack trace:
#0 C:\xampp\htdocs\fashion-store-ci\system\Database\MySQLi\Connection.php(310): mysqli->query('SELECT *\nFROM `...', 0)
#1 C:\xampp\htdocs\fashion-store-ci\system\Database\BaseConnection.php(732): CodeIgniter\Database\MySQLi\Connection->execute('SELECT *\nFROM `...')
#2 C:\xampp\htdocs\fashion-store-ci\system\Database\BaseConnection.php(646): CodeIgniter\Database\BaseConnection->simpleQuery('SELECT *\nFROM `...')
#3 C:\xampp\htdocs\fashion-store-ci\system\Database\BaseBuilder.php(1637): CodeIgniter\Database\BaseConnection->query('SELECT *\nFROM `...', Array, false)
#4 C:\xampp\htdocs\fashion-store-ci\system\Model.php(286): CodeIgniter\Database\BaseBuilder->get()
#5 C:\xampp\htdocs\fashion-store-ci\system\BaseModel.php(676): CodeIgniter\Model->doFindAll(0, 0)
#6 C:\xampp\htdocs\fashion-store-ci\app\Models\ProdukModel.php(13): CodeIgniter\BaseModel->findAll()
#7 C:\xampp\htdocs\fashion-store-ci\app\Controllers\ProdukController.php(18): App\Models\ProdukModel->lihat_produk()
#8 C:\xampp\htdocs\fashion-store-ci\system\CodeIgniter.php(933): App\Controllers\ProdukController->index()
#9 C:\xampp\htdocs\fashion-store-ci\system\CodeIgniter.php(509): CodeIgniter\CodeIgniter->runController(Object(App\Controllers\ProdukController))
#10 C:\xampp\htdocs\fashion-store-ci\system\CodeIgniter.php(355): CodeIgniter\CodeIgniter->handleRequest(NULL, Object(Config\Cache), false)
#11 C:\xampp\htdocs\fashion-store-ci\system\Boot.php(325): CodeIgniter\CodeIgniter->run()
#12 C:\xampp\htdocs\fashion-store-ci\system\Boot.php(67): CodeIgniter\Boot::runCodeIgniter(Object(CodeIgniter\CodeIgniter))
#13 C:\xampp\htdocs\fashion-store-ci\public\index.php(56): CodeIgniter\Boot::bootWeb(Object(Config\Paths))
#14 C:\xampp\htdocs\fashion-store-ci\system\Commands\Server\rewrite.php(49): require_once('C:\\xampp\\htdocs...')
#15 {main}
CRITICAL - 2024-07-01 18:02:04 --> Error: Call to a member function getResult() on bool
[Method: GET, Route: admin/data_produk]
in SYSTEMPATH\Model.php on line 287.
 1 SYSTEMPATH\BaseModel.php(676): CodeIgniter\Model->doFindAll(0, 0)
 2 APPPATH\Models\ProdukModel.php(13): CodeIgniter\BaseModel->findAll()
 3 APPPATH\Controllers\ProdukController.php(18): App\Models\ProdukModel->lihat_produk()
 4 SYSTEMPATH\CodeIgniter.php(933): App\Controllers\ProdukController->index()
 5 SYSTEMPATH\CodeIgniter.php(509): CodeIgniter\CodeIgniter->runController(Object(App\Controllers\ProdukController))
 6 SYSTEMPATH\CodeIgniter.php(355): CodeIgniter\CodeIgniter->handleRequest(null, Object(Config\Cache), false)
 7 SYSTEMPATH\Boot.php(325): CodeIgniter\CodeIgniter->run()
 8 SYSTEMPATH\Boot.php(67): CodeIgniter\Boot::runCodeIgniter(Object(CodeIgniter\CodeIgniter))
 9 FCPATH\index.php(56): CodeIgniter\Boot::bootWeb(Object(Config\Paths))
10 SYSTEMPATH\Commands\Server\rewrite.php(49): require_once('C:\\xampp\\htdocs\\fashion-store-ci\\public\\index.php')
ERROR - 2024-07-01 18:02:04 --> mysqli_sql_exception: Table 'fashion-store.data_produk' doesn't exist in C:\xampp\htdocs\fashion-store-ci\system\Database\MySQLi\Connection.php:310
Stack trace:
#0 C:\xampp\htdocs\fashion-store-ci\system\Database\MySQLi\Connection.php(310): mysqli->query('SELECT *\nFROM `...', 0)
#1 C:\xampp\htdocs\fashion-store-ci\system\Database\BaseConnection.php(732): CodeIgniter\Database\MySQLi\Connection->execute('SELECT *\nFROM `...')
#2 C:\xampp\htdocs\fashion-store-ci\system\Database\BaseConnection.php(646): CodeIgniter\Database\BaseConnection->simpleQuery('SELECT *\nFROM `...')
#3 C:\xampp\htdocs\fashion-store-ci\system\Database\BaseBuilder.php(1637): CodeIgniter\Database\BaseConnection->query('SELECT *\nFROM `...', Array, false)
#4 C:\xampp\htdocs\fashion-store-ci\system\Model.php(286): CodeIgniter\Database\BaseBuilder->get()
#5 C:\xampp\htdocs\fashion-store-ci\system\BaseModel.php(676): CodeIgniter\Model->doFindAll(0, 0)
#6 C:\xampp\htdocs\fashion-store-ci\app\Models\ProdukModel.php(13): CodeIgniter\BaseModel->findAll()
#7 C:\xampp\htdocs\fashion-store-ci\app\Controllers\ProdukController.php(18): App\Models\ProdukModel->lihat_produk()
#8 C:\xampp\htdocs\fashion-store-ci\system\CodeIgniter.php(933): App\Controllers\ProdukController->index()
#9 C:\xampp\htdocs\fashion-store-ci\system\CodeIgniter.php(509): CodeIgniter\CodeIgniter->runController(Object(App\Controllers\ProdukController))
#10 C:\xampp\htdocs\fashion-store-ci\system\CodeIgniter.php(355): CodeIgniter\CodeIgniter->handleRequest(NULL, Object(Config\Cache), false)
#11 C:\xampp\htdocs\fashion-store-ci\system\Boot.php(325): CodeIgniter\CodeIgniter->run()
#12 C:\xampp\htdocs\fashion-store-ci\system\Boot.php(67): CodeIgniter\Boot::runCodeIgniter(Object(CodeIgniter\CodeIgniter))
#13 C:\xampp\htdocs\fashion-store-ci\public\index.php(56): CodeIgniter\Boot::bootWeb(Object(Config\Paths))
#14 C:\xampp\htdocs\fashion-store-ci\system\Commands\Server\rewrite.php(49): require_once('C:\\xampp\\htdocs...')
#15 {main}
CRITICAL - 2024-07-01 18:02:04 --> Error: Call to a member function getResult() on bool
[Method: GET, Route: admin/data_produk]
in SYSTEMPATH\Model.php on line 287.
 1 SYSTEMPATH\BaseModel.php(676): CodeIgniter\Model->doFindAll(0, 0)
 2 APPPATH\Models\ProdukModel.php(13): CodeIgniter\BaseModel->findAll()
 3 APPPATH\Controllers\ProdukController.php(18): App\Models\ProdukModel->lihat_produk()
 4 SYSTEMPATH\CodeIgniter.php(933): App\Controllers\ProdukController->index()
 5 SYSTEMPATH\CodeIgniter.php(509): CodeIgniter\CodeIgniter->runController(Object(App\Controllers\ProdukController))
 6 SYSTEMPATH\CodeIgniter.php(355): CodeIgniter\CodeIgniter->handleRequest(null, Object(Config\Cache), false)
 7 SYSTEMPATH\Boot.php(325): CodeIgniter\CodeIgniter->run()
 8 SYSTEMPATH\Boot.php(67): CodeIgniter\Boot::runCodeIgniter(Object(CodeIgniter\CodeIgniter))
 9 FCPATH\index.php(56): CodeIgniter\Boot::bootWeb(Object(Config\Paths))
10 SYSTEMPATH\Commands\Server\rewrite.php(49): require_once('C:\\xampp\\htdocs\\fashion-store-ci\\public\\index.php')
ERROR - 2024-07-01 18:02:05 --> mysqli_sql_exception: Table 'fashion-store.data_produk' doesn't exist in C:\xampp\htdocs\fashion-store-ci\system\Database\MySQLi\Connection.php:310
Stack trace:
#0 C:\xampp\htdocs\fashion-store-ci\system\Database\MySQLi\Connection.php(310): mysqli->query('SELECT *\nFROM `...', 0)
#1 C:\xampp\htdocs\fashion-store-ci\system\Database\BaseConnection.php(732): CodeIgniter\Database\MySQLi\Connection->execute('SELECT *\nFROM `...')
#2 C:\xampp\htdocs\fashion-store-ci\system\Database\BaseConnection.php(646): CodeIgniter\Database\BaseConnection->simpleQuery('SELECT *\nFROM `...')
#3 C:\xampp\htdocs\fashion-store-ci\system\Database\BaseBuilder.php(1637): CodeIgniter\Database\BaseConnection->query('SELECT *\nFROM `...', Array, false)
#4 C:\xampp\htdocs\fashion-store-ci\system\Model.php(286): CodeIgniter\Database\BaseBuilder->get()
#5 C:\xampp\htdocs\fashion-store-ci\system\BaseModel.php(676): CodeIgniter\Model->doFindAll(0, 0)
#6 C:\xampp\htdocs\fashion-store-ci\app\Models\ProdukModel.php(13): CodeIgniter\BaseModel->findAll()
#7 C:\xampp\htdocs\fashion-store-ci\app\Controllers\ProdukController.php(18): App\Models\ProdukModel->lihat_produk()
#8 C:\xampp\htdocs\fashion-store-ci\system\CodeIgniter.php(933): App\Controllers\ProdukController->index()
#9 C:\xampp\htdocs\fashion-store-ci\system\CodeIgniter.php(509): CodeIgniter\CodeIgniter->runController(Object(App\Controllers\ProdukController))
#10 C:\xampp\htdocs\fashion-store-ci\system\CodeIgniter.php(355): CodeIgniter\CodeIgniter->handleRequest(NULL, Object(Config\Cache), false)
#11 C:\xampp\htdocs\fashion-store-ci\system\Boot.php(325): CodeIgniter\CodeIgniter->run()
#12 C:\xampp\htdocs\fashion-store-ci\system\Boot.php(67): CodeIgniter\Boot::runCodeIgniter(Object(CodeIgniter\CodeIgniter))
#13 C:\xampp\htdocs\fashion-store-ci\public\index.php(56): CodeIgniter\Boot::bootWeb(Object(Config\Paths))
#14 C:\xampp\htdocs\fashion-store-ci\system\Commands\Server\rewrite.php(49): require_once('C:\\xampp\\htdocs...')
#15 {main}
CRITICAL - 2024-07-01 18:02:05 --> Error: Call to a member function getResult() on bool
[Method: GET, Route: admin/data_produk]
in SYSTEMPATH\Model.php on line 287.
 1 SYSTEMPATH\BaseModel.php(676): CodeIgniter\Model->doFindAll(0, 0)
 2 APPPATH\Models\ProdukModel.php(13): CodeIgniter\BaseModel->findAll()
 3 APPPATH\Controllers\ProdukController.php(18): App\Models\ProdukModel->lihat_produk()
 4 SYSTEMPATH\CodeIgniter.php(933): App\Controllers\ProdukController->index()
 5 SYSTEMPATH\CodeIgniter.php(509): CodeIgniter\CodeIgniter->runController(Object(App\Controllers\ProdukController))
 6 SYSTEMPATH\CodeIgniter.php(355): CodeIgniter\CodeIgniter->handleRequest(null, Object(Config\Cache), false)
 7 SYSTEMPATH\Boot.php(325): CodeIgniter\CodeIgniter->run()
 8 SYSTEMPATH\Boot.php(67): CodeIgniter\Boot::runCodeIgniter(Object(CodeIgniter\CodeIgniter))
 9 FCPATH\index.php(56): CodeIgniter\Boot::bootWeb(Object(Config\Paths))
10 SYSTEMPATH\Commands\Server\rewrite.php(49): require_once('C:\\xampp\\htdocs\\fashion-store-ci\\public\\index.php')
ERROR - 2024-07-01 18:03:21 --> mysqli_sql_exception: Table 'fashion-store.data_produk' doesn't exist in C:\xampp\htdocs\fashion-store-ci\system\Database\MySQLi\Connection.php:310
Stack trace:
#0 C:\xampp\htdocs\fashion-store-ci\system\Database\MySQLi\Connection.php(310): mysqli->query('SELECT *\nFROM `...', 0)
#1 C:\xampp\htdocs\fashion-store-ci\system\Database\BaseConnection.php(732): CodeIgniter\Database\MySQLi\Connection->execute('SELECT *\nFROM `...')
#2 C:\xampp\htdocs\fashion-store-ci\system\Database\BaseConnection.php(646): CodeIgniter\Database\BaseConnection->simpleQuery('SELECT *\nFROM `...')
#3 C:\xampp\htdocs\fashion-store-ci\system\Database\BaseBuilder.php(1637): CodeIgniter\Database\BaseConnection->query('SELECT *\nFROM `...', Array, false)
#4 C:\xampp\htdocs\fashion-store-ci\system\Model.php(286): CodeIgniter\Database\BaseBuilder->get()
#5 C:\xampp\htdocs\fashion-store-ci\system\BaseModel.php(676): CodeIgniter\Model->doFindAll(0, 0)
#6 C:\xampp\htdocs\fashion-store-ci\app\Models\ProdukModel.php(13): CodeIgniter\BaseModel->findAll()
#7 C:\xampp\htdocs\fashion-store-ci\app\Controllers\ProdukController.php(18): App\Models\ProdukModel->lihat_produk()
#8 C:\xampp\htdocs\fashion-store-ci\system\CodeIgniter.php(933): App\Controllers\ProdukController->index()
#9 C:\xampp\htdocs\fashion-store-ci\system\CodeIgniter.php(509): CodeIgniter\CodeIgniter->runController(Object(App\Controllers\ProdukController))
#10 C:\xampp\htdocs\fashion-store-ci\system\CodeIgniter.php(355): CodeIgniter\CodeIgniter->handleRequest(NULL, Object(Config\Cache), false)
#11 C:\xampp\htdocs\fashion-store-ci\system\Boot.php(325): CodeIgniter\CodeIgniter->run()
#12 C:\xampp\htdocs\fashion-store-ci\system\Boot.php(67): CodeIgniter\Boot::runCodeIgniter(Object(CodeIgniter\CodeIgniter))
#13 C:\xampp\htdocs\fashion-store-ci\public\index.php(56): CodeIgniter\Boot::bootWeb(Object(Config\Paths))
#14 C:\xampp\htdocs\fashion-store-ci\system\Commands\Server\rewrite.php(49): require_once('C:\\xampp\\htdocs...')
#15 {main}
CRITICAL - 2024-07-01 18:03:21 --> Error: Call to a member function getResult() on bool
[Method: GET, Route: admin/data_produk]
in SYSTEMPATH\Model.php on line 287.
 1 SYSTEMPATH\BaseModel.php(676): CodeIgniter\Model->doFindAll(0, 0)
 2 APPPATH\Models\ProdukModel.php(13): CodeIgniter\BaseModel->findAll()
 3 APPPATH\Controllers\ProdukController.php(18): App\Models\ProdukModel->lihat_produk()
 4 SYSTEMPATH\CodeIgniter.php(933): App\Controllers\ProdukController->index()
 5 SYSTEMPATH\CodeIgniter.php(509): CodeIgniter\CodeIgniter->runController(Object(App\Controllers\ProdukController))
 6 SYSTEMPATH\CodeIgniter.php(355): CodeIgniter\CodeIgniter->handleRequest(null, Object(Config\Cache), false)
 7 SYSTEMPATH\Boot.php(325): CodeIgniter\CodeIgniter->run()
 8 SYSTEMPATH\Boot.php(67): CodeIgniter\Boot::runCodeIgniter(Object(CodeIgniter\CodeIgniter))
 9 FCPATH\index.php(56): CodeIgniter\Boot::bootWeb(Object(Config\Paths))
10 SYSTEMPATH\Commands\Server\rewrite.php(49): require_once('C:\\xampp\\htdocs\\fashion-store-ci\\public\\index.php')
ERROR - 2024-07-01 18:03:53 --> mysqli_sql_exception: Table 'fashion-store.data_produk' doesn't exist in C:\xampp\htdocs\fashion-store-ci\system\Database\MySQLi\Connection.php:310
Stack trace:
#0 C:\xampp\htdocs\fashion-store-ci\system\Database\MySQLi\Connection.php(310): mysqli->query('SELECT *\nFROM `...', 0)
#1 C:\xampp\htdocs\fashion-store-ci\system\Database\BaseConnection.php(732): CodeIgniter\Database\MySQLi\Connection->execute('SELECT *\nFROM `...')
#2 C:\xampp\htdocs\fashion-store-ci\system\Database\BaseConnection.php(646): CodeIgniter\Database\BaseConnection->simpleQuery('SELECT *\nFROM `...')
#3 C:\xampp\htdocs\fashion-store-ci\system\Database\BaseBuilder.php(1637): CodeIgniter\Database\BaseConnection->query('SELECT *\nFROM `...', Array, false)
#4 C:\xampp\htdocs\fashion-store-ci\system\Model.php(286): CodeIgniter\Database\BaseBuilder->get()
#5 C:\xampp\htdocs\fashion-store-ci\system\BaseModel.php(676): CodeIgniter\Model->doFindAll(0, 0)
#6 C:\xampp\htdocs\fashion-store-ci\app\Models\ProdukModel.php(13): CodeIgniter\BaseModel->findAll()
#7 C:\xampp\htdocs\fashion-store-ci\app\Controllers\ProdukController.php(18): App\Models\ProdukModel->lihat_produk()
#8 C:\xampp\htdocs\fashion-store-ci\system\CodeIgniter.php(933): App\Controllers\ProdukController->index()
#9 C:\xampp\htdocs\fashion-store-ci\system\CodeIgniter.php(509): CodeIgniter\CodeIgniter->runController(Object(App\Controllers\ProdukController))
#10 C:\xampp\htdocs\fashion-store-ci\system\CodeIgniter.php(355): CodeIgniter\CodeIgniter->handleRequest(NULL, Object(Config\Cache), false)
#11 C:\xampp\htdocs\fashion-store-ci\system\Boot.php(325): CodeIgniter\CodeIgniter->run()
#12 C:\xampp\htdocs\fashion-store-ci\system\Boot.php(67): CodeIgniter\Boot::runCodeIgniter(Object(CodeIgniter\CodeIgniter))
#13 C:\xampp\htdocs\fashion-store-ci\public\index.php(56): CodeIgniter\Boot::bootWeb(Object(Config\Paths))
#14 C:\xampp\htdocs\fashion-store-ci\system\Commands\Server\rewrite.php(49): require_once('C:\\xampp\\htdocs...')
#15 {main}
CRITICAL - 2024-07-01 18:03:53 --> Error: Call to a member function getResult() on bool
[Method: GET, Route: admin/data_produk]
in SYSTEMPATH\Model.php on line 287.
 1 SYSTEMPATH\BaseModel.php(676): CodeIgniter\Model->doFindAll(0, 0)
 2 APPPATH\Models\ProdukModel.php(13): CodeIgniter\BaseModel->findAll()
 3 APPPATH\Controllers\ProdukController.php(18): App\Models\ProdukModel->lihat_produk()
 4 SYSTEMPATH\CodeIgniter.php(933): App\Controllers\ProdukController->index()
 5 SYSTEMPATH\CodeIgniter.php(509): CodeIgniter\CodeIgniter->runController(Object(App\Controllers\ProdukController))
 6 SYSTEMPATH\CodeIgniter.php(355): CodeIgniter\CodeIgniter->handleRequest(null, Object(Config\Cache), false)
 7 SYSTEMPATH\Boot.php(325): CodeIgniter\CodeIgniter->run()
 8 SYSTEMPATH\Boot.php(67): CodeIgniter\Boot::runCodeIgniter(Object(CodeIgniter\CodeIgniter))
 9 FCPATH\index.php(56): CodeIgniter\Boot::bootWeb(Object(Config\Paths))
10 SYSTEMPATH\Commands\Server\rewrite.php(49): require_once('C:\\xampp\\htdocs\\fashion-store-ci\\public\\index.php')
ERROR - 2024-07-01 18:03:54 --> mysqli_sql_exception: Table 'fashion-store.data_produk' doesn't exist in C:\xampp\htdocs\fashion-store-ci\system\Database\MySQLi\Connection.php:310
Stack trace:
#0 C:\xampp\htdocs\fashion-store-ci\system\Database\MySQLi\Connection.php(310): mysqli->query('SELECT *\nFROM `...', 0)
#1 C:\xampp\htdocs\fashion-store-ci\system\Database\BaseConnection.php(732): CodeIgniter\Database\MySQLi\Connection->execute('SELECT *\nFROM `...')
#2 C:\xampp\htdocs\fashion-store-ci\system\Database\BaseConnection.php(646): CodeIgniter\Database\BaseConnection->simpleQuery('SELECT *\nFROM `...')
#3 C:\xampp\htdocs\fashion-store-ci\system\Database\BaseBuilder.php(1637): CodeIgniter\Database\BaseConnection->query('SELECT *\nFROM `...', Array, false)
#4 C:\xampp\htdocs\fashion-store-ci\system\Model.php(286): CodeIgniter\Database\BaseBuilder->get()
#5 C:\xampp\htdocs\fashion-store-ci\system\BaseModel.php(676): CodeIgniter\Model->doFindAll(0, 0)
#6 C:\xampp\htdocs\fashion-store-ci\app\Models\ProdukModel.php(13): CodeIgniter\BaseModel->findAll()
#7 C:\xampp\htdocs\fashion-store-ci\app\Controllers\ProdukController.php(18): App\Models\ProdukModel->lihat_produk()
#8 C:\xampp\htdocs\fashion-store-ci\system\CodeIgniter.php(933): App\Controllers\ProdukController->index()
#9 C:\xampp\htdocs\fashion-store-ci\system\CodeIgniter.php(509): CodeIgniter\CodeIgniter->runController(Object(App\Controllers\ProdukController))
#10 C:\xampp\htdocs\fashion-store-ci\system\CodeIgniter.php(355): CodeIgniter\CodeIgniter->handleRequest(NULL, Object(Config\Cache), false)
#11 C:\xampp\htdocs\fashion-store-ci\system\Boot.php(325): CodeIgniter\CodeIgniter->run()
#12 C:\xampp\htdocs\fashion-store-ci\system\Boot.php(67): CodeIgniter\Boot::runCodeIgniter(Object(CodeIgniter\CodeIgniter))
#13 C:\xampp\htdocs\fashion-store-ci\public\index.php(56): CodeIgniter\Boot::bootWeb(Object(Config\Paths))
#14 C:\xampp\htdocs\fashion-store-ci\system\Commands\Server\rewrite.php(49): require_once('C:\\xampp\\htdocs...')
#15 {main}
CRITICAL - 2024-07-01 18:03:54 --> Error: Call to a member function getResult() on bool
[Method: GET, Route: admin/data_produk]
in SYSTEMPATH\Model.php on line 287.
 1 SYSTEMPATH\BaseModel.php(676): CodeIgniter\Model->doFindAll(0, 0)
 2 APPPATH\Models\ProdukModel.php(13): CodeIgniter\BaseModel->findAll()
 3 APPPATH\Controllers\ProdukController.php(18): App\Models\ProdukModel->lihat_produk()
 4 SYSTEMPATH\CodeIgniter.php(933): App\Controllers\ProdukController->index()
 5 SYSTEMPATH\CodeIgniter.php(509): CodeIgniter\CodeIgniter->runController(Object(App\Controllers\ProdukController))
 6 SYSTEMPATH\CodeIgniter.php(355): CodeIgniter\CodeIgniter->handleRequest(null, Object(Config\Cache), false)
 7 SYSTEMPATH\Boot.php(325): CodeIgniter\CodeIgniter->run()
 8 SYSTEMPATH\Boot.php(67): CodeIgniter\Boot::runCodeIgniter(Object(CodeIgniter\CodeIgniter))
 9 FCPATH\index.php(56): CodeIgniter\Boot::bootWeb(Object(Config\Paths))
10 SYSTEMPATH\Commands\Server\rewrite.php(49): require_once('C:\\xampp\\htdocs\\fashion-store-ci\\public\\index.php')
ERROR - 2024-07-01 18:04:59 --> mysqli_sql_exception: Table 'fashion-store.data_produk' doesn't exist in C:\xampp\htdocs\fashion-store-ci\system\Database\MySQLi\Connection.php:310
Stack trace:
#0 C:\xampp\htdocs\fashion-store-ci\system\Database\MySQLi\Connection.php(310): mysqli->query('SELECT *\nFROM `...', 0)
#1 C:\xampp\htdocs\fashion-store-ci\system\Database\BaseConnection.php(732): CodeIgniter\Database\MySQLi\Connection->execute('SELECT *\nFROM `...')
#2 C:\xampp\htdocs\fashion-store-ci\system\Database\BaseConnection.php(646): CodeIgniter\Database\BaseConnection->simpleQuery('SELECT *\nFROM `...')
#3 C:\xampp\htdocs\fashion-store-ci\system\Database\BaseBuilder.php(1637): CodeIgniter\Database\BaseConnection->query('SELECT *\nFROM `...', Array, false)
#4 C:\xampp\htdocs\fashion-store-ci\system\Model.php(286): CodeIgniter\Database\BaseBuilder->get()
#5 C:\xampp\htdocs\fashion-store-ci\system\BaseModel.php(676): CodeIgniter\Model->doFindAll(0, 0)
#6 C:\xampp\htdocs\fashion-store-ci\app\Models\ProdukModel.php(13): CodeIgniter\BaseModel->findAll()
#7 C:\xampp\htdocs\fashion-store-ci\app\Controllers\ProdukController.php(18): App\Models\ProdukModel->lihat_produk()
#8 C:\xampp\htdocs\fashion-store-ci\system\CodeIgniter.php(933): App\Controllers\ProdukController->index()
#9 C:\xampp\htdocs\fashion-store-ci\system\CodeIgniter.php(509): CodeIgniter\CodeIgniter->runController(Object(App\Controllers\ProdukController))
#10 C:\xampp\htdocs\fashion-store-ci\system\CodeIgniter.php(355): CodeIgniter\CodeIgniter->handleRequest(NULL, Object(Config\Cache), false)
#11 C:\xampp\htdocs\fashion-store-ci\system\Boot.php(325): CodeIgniter\CodeIgniter->run()
#12 C:\xampp\htdocs\fashion-store-ci\system\Boot.php(67): CodeIgniter\Boot::runCodeIgniter(Object(CodeIgniter\CodeIgniter))
#13 C:\xampp\htdocs\fashion-store-ci\public\index.php(56): CodeIgniter\Boot::bootWeb(Object(Config\Paths))
#14 C:\xampp\htdocs\fashion-store-ci\system\Commands\Server\rewrite.php(49): require_once('C:\\xampp\\htdocs...')
#15 {main}
CRITICAL - 2024-07-01 18:04:59 --> Error: Call to a member function getResult() on bool
[Method: GET, Route: admin/data_produk]
in SYSTEMPATH\Model.php on line 287.
 1 SYSTEMPATH\BaseModel.php(676): CodeIgniter\Model->doFindAll(0, 0)
 2 APPPATH\Models\ProdukModel.php(13): CodeIgniter\BaseModel->findAll()
 3 APPPATH\Controllers\ProdukController.php(18): App\Models\ProdukModel->lihat_produk()
 4 SYSTEMPATH\CodeIgniter.php(933): App\Controllers\ProdukController->index()
 5 SYSTEMPATH\CodeIgniter.php(509): CodeIgniter\CodeIgniter->runController(Object(App\Controllers\ProdukController))
 6 SYSTEMPATH\CodeIgniter.php(355): CodeIgniter\CodeIgniter->handleRequest(null, Object(Config\Cache), false)
 7 SYSTEMPATH\Boot.php(325): CodeIgniter\CodeIgniter->run()
 8 SYSTEMPATH\Boot.php(67): CodeIgniter\Boot::runCodeIgniter(Object(CodeIgniter\CodeIgniter))
 9 FCPATH\index.php(56): CodeIgniter\Boot::bootWeb(Object(Config\Paths))
10 SYSTEMPATH\Commands\Server\rewrite.php(49): require_once('C:\\xampp\\htdocs\\fashion-store-ci\\public\\index.php')
ERROR - 2024-07-01 18:12:39 --> mysqli_sql_exception: Table 'fashion-store.data_produk' doesn't exist in C:\xampp\htdocs\fashion-store-ci\system\Database\MySQLi\Connection.php:310
Stack trace:
#0 C:\xampp\htdocs\fashion-store-ci\system\Database\MySQLi\Connection.php(310): mysqli->query('SELECT *\nFROM `...', 0)
#1 C:\xampp\htdocs\fashion-store-ci\system\Database\BaseConnection.php(732): CodeIgniter\Database\MySQLi\Connection->execute('SELECT *\nFROM `...')
#2 C:\xampp\htdocs\fashion-store-ci\system\Database\BaseConnection.php(646): CodeIgniter\Database\BaseConnection->simpleQuery('SELECT *\nFROM `...')
#3 C:\xampp\htdocs\fashion-store-ci\system\Database\BaseBuilder.php(1637): CodeIgniter\Database\BaseConnection->query('SELECT *\nFROM `...', Array, false)
#4 C:\xampp\htdocs\fashion-store-ci\system\Model.php(286): CodeIgniter\Database\BaseBuilder->get()
#5 C:\xampp\htdocs\fashion-store-ci\system\BaseModel.php(676): CodeIgniter\Model->doFindAll(0, 0)
#6 C:\xampp\htdocs\fashion-store-ci\app\Models\ProdukModel.php(14): CodeIgniter\BaseModel->findAll()
#7 C:\xampp\htdocs\fashion-store-ci\app\Controllers\ProdukController.php(16): App\Models\ProdukModel->lihat_produk()
#8 C:\xampp\htdocs\fashion-store-ci\system\CodeIgniter.php(933): App\Controllers\ProdukController->index()
#9 C:\xampp\htdocs\fashion-store-ci\system\CodeIgniter.php(509): CodeIgniter\CodeIgniter->runController(Object(App\Controllers\ProdukController))
#10 C:\xampp\htdocs\fashion-store-ci\system\CodeIgniter.php(355): CodeIgniter\CodeIgniter->handleRequest(NULL, Object(Config\Cache), false)
#11 C:\xampp\htdocs\fashion-store-ci\system\Boot.php(325): CodeIgniter\CodeIgniter->run()
#12 C:\xampp\htdocs\fashion-store-ci\system\Boot.php(67): CodeIgniter\Boot::runCodeIgniter(Object(CodeIgniter\CodeIgniter))
#13 C:\xampp\htdocs\fashion-store-ci\public\index.php(56): CodeIgniter\Boot::bootWeb(Object(Config\Paths))
#14 C:\xampp\htdocs\fashion-store-ci\system\Commands\Server\rewrite.php(49): require_once('C:\\xampp\\htdocs...')
#15 {main}
CRITICAL - 2024-07-01 18:12:39 --> Error: Call to a member function getResult() on bool
[Method: GET, Route: admin/data_produk]
in SYSTEMPATH\Model.php on line 287.
 1 SYSTEMPATH\BaseModel.php(676): CodeIgniter\Model->doFindAll(0, 0)
 2 APPPATH\Models\ProdukModel.php(14): CodeIgniter\BaseModel->findAll()
 3 APPPATH\Controllers\ProdukController.php(16): App\Models\ProdukModel->lihat_produk()
 4 SYSTEMPATH\CodeIgniter.php(933): App\Controllers\ProdukController->index()
 5 SYSTEMPATH\CodeIgniter.php(509): CodeIgniter\CodeIgniter->runController(Object(App\Controllers\ProdukController))
 6 SYSTEMPATH\CodeIgniter.php(355): CodeIgniter\CodeIgniter->handleRequest(null, Object(Config\Cache), false)
 7 SYSTEMPATH\Boot.php(325): CodeIgniter\CodeIgniter->run()
 8 SYSTEMPATH\Boot.php(67): CodeIgniter\Boot::runCodeIgniter(Object(CodeIgniter\CodeIgniter))
 9 FCPATH\index.php(56): CodeIgniter\Boot::bootWeb(Object(Config\Paths))
10 SYSTEMPATH\Commands\Server\rewrite.php(49): require_once('C:\\xampp\\htdocs\\fashion-store-ci\\public\\index.php')
ERROR - 2024-07-01 18:15:10 --> mysqli_sql_exception: Table 'fashion-store.data_produk' doesn't exist in C:\xampp\htdocs\fashion-store-ci\system\Database\MySQLi\Connection.php:310
Stack trace:
#0 C:\xampp\htdocs\fashion-store-ci\system\Database\MySQLi\Connection.php(310): mysqli->query('SELECT *\nFROM `...', 0)
#1 C:\xampp\htdocs\fashion-store-ci\system\Database\BaseConnection.php(732): CodeIgniter\Database\MySQLi\Connection->execute('SELECT *\nFROM `...')
#2 C:\xampp\htdocs\fashion-store-ci\system\Database\BaseConnection.php(646): CodeIgniter\Database\BaseConnection->simpleQuery('SELECT *\nFROM `...')
#3 C:\xampp\htdocs\fashion-store-ci\system\Database\BaseBuilder.php(1637): CodeIgniter\Database\BaseConnection->query('SELECT *\nFROM `...', Array, false)
#4 C:\xampp\htdocs\fashion-store-ci\system\Model.php(286): CodeIgniter\Database\BaseBuilder->get()
#5 C:\xampp\htdocs\fashion-store-ci\system\BaseModel.php(676): CodeIgniter\Model->doFindAll(0, 0)
#6 C:\xampp\htdocs\fashion-store-ci\app\Models\ProdukModel.php(14): CodeIgniter\BaseModel->findAll()
#7 C:\xampp\htdocs\fashion-store-ci\app\Controllers\ProdukController.php(15): App\Models\ProdukModel->lihat_produk()
#8 C:\xampp\htdocs\fashion-store-ci\system\CodeIgniter.php(933): App\Controllers\ProdukController->index()
#9 C:\xampp\htdocs\fashion-store-ci\system\CodeIgniter.php(509): CodeIgniter\CodeIgniter->runController(Object(App\Controllers\ProdukController))
#10 C:\xampp\htdocs\fashion-store-ci\system\CodeIgniter.php(355): CodeIgniter\CodeIgniter->handleRequest(NULL, Object(Config\Cache), false)
#11 C:\xampp\htdocs\fashion-store-ci\system\Boot.php(325): CodeIgniter\CodeIgniter->run()
#12 C:\xampp\htdocs\fashion-store-ci\system\Boot.php(67): CodeIgniter\Boot::runCodeIgniter(Object(CodeIgniter\CodeIgniter))
#13 C:\xampp\htdocs\fashion-store-ci\public\index.php(56): CodeIgniter\Boot::bootWeb(Object(Config\Paths))
#14 C:\xampp\htdocs\fashion-store-ci\system\Commands\Server\rewrite.php(49): require_once('C:\\xampp\\htdocs...')
#15 {main}
CRITICAL - 2024-07-01 18:15:10 --> Error: Call to a member function getResult() on bool
[Method: GET, Route: admin/data_produk]
in SYSTEMPATH\Model.php on line 287.
 1 SYSTEMPATH\BaseModel.php(676): CodeIgniter\Model->doFindAll(0, 0)
 2 APPPATH\Models\ProdukModel.php(14): CodeIgniter\BaseModel->findAll()
 3 APPPATH\Controllers\ProdukController.php(15): App\Models\ProdukModel->lihat_produk()
 4 SYSTEMPATH\CodeIgniter.php(933): App\Controllers\ProdukController->index()
 5 SYSTEMPATH\CodeIgniter.php(509): CodeIgniter\CodeIgniter->runController(Object(App\Controllers\ProdukController))
 6 SYSTEMPATH\CodeIgniter.php(355): CodeIgniter\CodeIgniter->handleRequest(null, Object(Config\Cache), false)
 7 SYSTEMPATH\Boot.php(325): CodeIgniter\CodeIgniter->run()
 8 SYSTEMPATH\Boot.php(67): CodeIgniter\Boot::runCodeIgniter(Object(CodeIgniter\CodeIgniter))
 9 FCPATH\index.php(56): CodeIgniter\Boot::bootWeb(Object(Config\Paths))
10 SYSTEMPATH\Commands\Server\rewrite.php(49): require_once('C:\\xampp\\htdocs\\fashion-store-ci\\public\\index.php')
ERROR - 2024-07-01 18:15:11 --> mysqli_sql_exception: Table 'fashion-store.data_produk' doesn't exist in C:\xampp\htdocs\fashion-store-ci\system\Database\MySQLi\Connection.php:310
Stack trace:
#0 C:\xampp\htdocs\fashion-store-ci\system\Database\MySQLi\Connection.php(310): mysqli->query('SELECT *\nFROM `...', 0)
#1 C:\xampp\htdocs\fashion-store-ci\system\Database\BaseConnection.php(732): CodeIgniter\Database\MySQLi\Connection->execute('SELECT *\nFROM `...')
#2 C:\xampp\htdocs\fashion-store-ci\system\Database\BaseConnection.php(646): CodeIgniter\Database\BaseConnection->simpleQuery('SELECT *\nFROM `...')
#3 C:\xampp\htdocs\fashion-store-ci\system\Database\BaseBuilder.php(1637): CodeIgniter\Database\BaseConnection->query('SELECT *\nFROM `...', Array, false)
#4 C:\xampp\htdocs\fashion-store-ci\system\Model.php(286): CodeIgniter\Database\BaseBuilder->get()
#5 C:\xampp\htdocs\fashion-store-ci\system\BaseModel.php(676): CodeIgniter\Model->doFindAll(0, 0)
#6 C:\xampp\htdocs\fashion-store-ci\app\Models\ProdukModel.php(14): CodeIgniter\BaseModel->findAll()
#7 C:\xampp\htdocs\fashion-store-ci\app\Controllers\ProdukController.php(15): App\Models\ProdukModel->lihat_produk()
#8 C:\xampp\htdocs\fashion-store-ci\system\CodeIgniter.php(933): App\Controllers\ProdukController->index()
#9 C:\xampp\htdocs\fashion-store-ci\system\CodeIgniter.php(509): CodeIgniter\CodeIgniter->runController(Object(App\Controllers\ProdukController))
#10 C:\xampp\htdocs\fashion-store-ci\system\CodeIgniter.php(355): CodeIgniter\CodeIgniter->handleRequest(NULL, Object(Config\Cache), false)
#11 C:\xampp\htdocs\fashion-store-ci\system\Boot.php(325): CodeIgniter\CodeIgniter->run()
#12 C:\xampp\htdocs\fashion-store-ci\system\Boot.php(67): CodeIgniter\Boot::runCodeIgniter(Object(CodeIgniter\CodeIgniter))
#13 C:\xampp\htdocs\fashion-store-ci\public\index.php(56): CodeIgniter\Boot::bootWeb(Object(Config\Paths))
#14 C:\xampp\htdocs\fashion-store-ci\system\Commands\Server\rewrite.php(49): require_once('C:\\xampp\\htdocs...')
#15 {main}
CRITICAL - 2024-07-01 18:15:11 --> Error: Call to a member function getResult() on bool
[Method: GET, Route: admin/data_produk]
in SYSTEMPATH\Model.php on line 287.
 1 SYSTEMPATH\BaseModel.php(676): CodeIgniter\Model->doFindAll(0, 0)
 2 APPPATH\Models\ProdukModel.php(14): CodeIgniter\BaseModel->findAll()
 3 APPPATH\Controllers\ProdukController.php(15): App\Models\ProdukModel->lihat_produk()
 4 SYSTEMPATH\CodeIgniter.php(933): App\Controllers\ProdukController->index()
 5 SYSTEMPATH\CodeIgniter.php(509): CodeIgniter\CodeIgniter->runController(Object(App\Controllers\ProdukController))
 6 SYSTEMPATH\CodeIgniter.php(355): CodeIgniter\CodeIgniter->handleRequest(null, Object(Config\Cache), false)
 7 SYSTEMPATH\Boot.php(325): CodeIgniter\CodeIgniter->run()
 8 SYSTEMPATH\Boot.php(67): CodeIgniter\Boot::runCodeIgniter(Object(CodeIgniter\CodeIgniter))
 9 FCPATH\index.php(56): CodeIgniter\Boot::bootWeb(Object(Config\Paths))
10 SYSTEMPATH\Commands\Server\rewrite.php(49): require_once('C:\\xampp\\htdocs\\fashion-store-ci\\public\\index.php')
CRITICAL - 2024-07-01 19:04:29 --> ErrorException: Undefined property: App\Controllers\ProdukController::$load
[Method: GET, Route: admin/data_produk]
in APPPATH\Controllers\ProdukController.php on line 16.
 1 APPPATH\Controllers\ProdukController.php(16): CodeIgniter\Debug\Exceptions->errorHandler(2, 'Undefined property: App\\Controllers\\ProdukController::$load', 'C:\\xampp\\htdocs\\fashion-store-ci\\app\\Controllers\\ProdukController.php', 16)
 2 SYSTEMPATH\CodeIgniter.php(933): App\Controllers\ProdukController->index()
 3 SYSTEMPATH\CodeIgniter.php(509): CodeIgniter\CodeIgniter->runController(Object(App\Controllers\ProdukController))
 4 SYSTEMPATH\CodeIgniter.php(355): CodeIgniter\CodeIgniter->handleRequest(null, Object(Config\Cache), false)
 5 SYSTEMPATH\Boot.php(325): CodeIgniter\CodeIgniter->run()
 6 SYSTEMPATH\Boot.php(67): CodeIgniter\Boot::runCodeIgniter(Object(CodeIgniter\CodeIgniter))
 7 FCPATH\index.php(56): CodeIgniter\Boot::bootWeb(Object(Config\Paths))
 8 SYSTEMPATH\Commands\Server\rewrite.php(49): require_once('C:\\xampp\\htdocs\\fashion-store-ci\\public\\index.php')
CRITICAL - 2024-07-01 19:06:09 --> TypeError: trim(): Argument #1 ($string) must be of type string, bool given
[Method: GET, Route: admin/data_produk]
in SYSTEMPATH\Helpers\number_helper.php on line 161.
 1 SYSTEMPATH\Helpers\number_helper.php(161): trim(false, '. ')
 2 SYSTEMPATH\Helpers\number_helper.php(123): format_number(46995.0, 1, 'en', [...])
 3 APPPATH\Views\admin\data_produk.php(45): number_to_currency(46995.0, 'Rp')
 4 SYSTEMPATH\View\View.php(234): include('C:\\xampp\\htdocs\\fashion-store-ci\\app\\Views\\admin\\data_produk.php')
 5 SYSTEMPATH\View\View.php(237): CodeIgniter\View\View->CodeIgniter\View\{closure}()
 6 SYSTEMPATH\Common.php(1171): CodeIgniter\View\View->render('admin/data_produk', [], true)
 7 APPPATH\Controllers\ProdukController.php(18): view('admin/data_produk', [...])
 8 SYSTEMPATH\CodeIgniter.php(933): App\Controllers\ProdukController->index()
 9 SYSTEMPATH\CodeIgniter.php(509): CodeIgniter\CodeIgniter->runController(Object(App\Controllers\ProdukController))
10 SYSTEMPATH\CodeIgniter.php(355): CodeIgniter\CodeIgniter->handleRequest(null, Object(Config\Cache), false)
11 SYSTEMPATH\Boot.php(325): CodeIgniter\CodeIgniter->run()
12 SYSTEMPATH\Boot.php(67): CodeIgniter\Boot::runCodeIgniter(Object(CodeIgniter\CodeIgniter))
13 FCPATH\index.php(56): CodeIgniter\Boot::bootWeb(Object(Config\Paths))
14 SYSTEMPATH\Commands\Server\rewrite.php(49): require_once('C:\\xampp\\htdocs\\fashion-store-ci\\public\\index.php')
CRITICAL - 2024-07-01 19:06:11 --> TypeError: trim(): Argument #1 ($string) must be of type string, bool given
[Method: GET, Route: admin/data_produk]
in SYSTEMPATH\Helpers\number_helper.php on line 161.
 1 SYSTEMPATH\Helpers\number_helper.php(161): trim(false, '. ')
 2 SYSTEMPATH\Helpers\number_helper.php(123): format_number(46995.0, 1, 'en', [...])
 3 APPPATH\Views\admin\data_produk.php(45): number_to_currency(46995.0, 'Rp')
 4 SYSTEMPATH\View\View.php(234): include('C:\\xampp\\htdocs\\fashion-store-ci\\app\\Views\\admin\\data_produk.php')
 5 SYSTEMPATH\View\View.php(237): CodeIgniter\View\View->CodeIgniter\View\{closure}()
 6 SYSTEMPATH\Common.php(1171): CodeIgniter\View\View->render('admin/data_produk', [], true)
 7 APPPATH\Controllers\ProdukController.php(18): view('admin/data_produk', [...])
 8 SYSTEMPATH\CodeIgniter.php(933): App\Controllers\ProdukController->index()
 9 SYSTEMPATH\CodeIgniter.php(509): CodeIgniter\CodeIgniter->runController(Object(App\Controllers\ProdukController))
10 SYSTEMPATH\CodeIgniter.php(355): CodeIgniter\CodeIgniter->handleRequest(null, Object(Config\Cache), false)
11 SYSTEMPATH\Boot.php(325): CodeIgniter\CodeIgniter->run()
12 SYSTEMPATH\Boot.php(67): CodeIgniter\Boot::runCodeIgniter(Object(CodeIgniter\CodeIgniter))
13 FCPATH\index.php(56): CodeIgniter\Boot::bootWeb(Object(Config\Paths))
14 SYSTEMPATH\Commands\Server\rewrite.php(49): require_once('C:\\xampp\\htdocs\\fashion-store-ci\\public\\index.php')
CRITICAL - 2024-07-01 19:06:26 --> TypeError: trim(): Argument #1 ($string) must be of type string, bool given
[Method: GET, Route: admin/data_produk]
in SYSTEMPATH\Helpers\number_helper.php on line 161.
 1 SYSTEMPATH\Helpers\number_helper.php(161): trim(false, '. ')
 2 SYSTEMPATH\Helpers\number_helper.php(123): format_number(46995.0, 1, 'en', [...])
 3 APPPATH\Views\admin\data_produk.php(45): number_to_currency(46995.0, 'Rp')
 4 SYSTEMPATH\View\View.php(234): include('C:\\xampp\\htdocs\\fashion-store-ci\\app\\Views\\admin\\data_produk.php')
 5 SYSTEMPATH\View\View.php(237): CodeIgniter\View\View->CodeIgniter\View\{closure}()
 6 SYSTEMPATH\Common.php(1171): CodeIgniter\View\View->render('admin/data_produk', [], true)
 7 APPPATH\Controllers\ProdukController.php(18): view('admin/data_produk', [...])
 8 SYSTEMPATH\CodeIgniter.php(933): App\Controllers\ProdukController->index()
 9 SYSTEMPATH\CodeIgniter.php(509): CodeIgniter\CodeIgniter->runController(Object(App\Controllers\ProdukController))
10 SYSTEMPATH\CodeIgniter.php(355): CodeIgniter\CodeIgniter->handleRequest(null, Object(Config\Cache), false)
11 SYSTEMPATH\Boot.php(325): CodeIgniter\CodeIgniter->run()
12 SYSTEMPATH\Boot.php(67): CodeIgniter\Boot::runCodeIgniter(Object(CodeIgniter\CodeIgniter))
13 FCPATH\index.php(56): CodeIgniter\Boot::bootWeb(Object(Config\Paths))
14 SYSTEMPATH\Commands\Server\rewrite.php(49): require_once('C:\\xampp\\htdocs\\fashion-store-ci\\public\\index.php')
