CRITICAL - 2024-07-03 09:43:27 --> ErrorException: Undefined variable $isi
[Method: GET, Route: admin/data_produk]
in APPPATH\Views\admin\data_produk.php on line 102.
 1 APPPATH\Views\admin\data_produk.php(102): CodeIgniter\Debug\Exceptions->errorHandler(2, 'Undefined variable $isi', 'C:\\xampp\\htdocs\\fashion-store-ci\\app\\Views\\admin\\data_produk.php', 102)
 2 SYSTEMPATH\View\View.php(234): include('C:\\xampp\\htdocs\\fashion-store-ci\\app\\Views\\admin\\data_produk.php')
 3 SYSTEMPATH\View\View.php(237): CodeIgniter\View\View->CodeIgniter\View\{closure}()
 4 SYSTEMPATH\Common.php(1171): CodeIgniter\View\View->render('admin/data_produk', [], true)
 5 APPPATH\Controllers\ProdukController.php(18): view('admin/data_produk', [...])
 6 SYSTEMPATH\CodeIgniter.php(933): App\Controllers\ProdukController->index()
 7 SYSTEMPATH\CodeIgniter.php(509): CodeIgniter\CodeIgniter->runController(Object(App\Controllers\ProdukController))
 8 SYSTEMPATH\CodeIgniter.php(355): CodeIgniter\CodeIgniter->handleRequest(null, Object(Config\Cache), false)
 9 SYSTEMPATH\Boot.php(325): CodeIgniter\CodeIgniter->run()
10 SYSTEMPATH\Boot.php(67): CodeIgniter\Boot::runCodeIgniter(Object(CodeIgniter\CodeIgniter))
11 FCPATH\index.php(56): CodeIgniter\Boot::bootWeb(Object(Config\Paths))
12 SYSTEMPATH\Commands\Server\rewrite.php(49): require_once('C:\\xampp\\htdocs\\fashion-store-ci\\public\\index.php')
CRITICAL - 2024-07-03 09:44:00 --> ErrorException: Undefined variable $isi
[Method: GET, Route: admin/data_produk]
in APPPATH\Views\admin\data_produk.php on line 102.
 1 APPPATH\Views\admin\data_produk.php(102): CodeIgniter\Debug\Exceptions->errorHandler(2, 'Undefined variable $isi', 'C:\\xampp\\htdocs\\fashion-store-ci\\app\\Views\\admin\\data_produk.php', 102)
 2 SYSTEMPATH\View\View.php(234): include('C:\\xampp\\htdocs\\fashion-store-ci\\app\\Views\\admin\\data_produk.php')
 3 SYSTEMPATH\View\View.php(237): CodeIgniter\View\View->CodeIgniter\View\{closure}()
 4 SYSTEMPATH\Common.php(1171): CodeIgniter\View\View->render('admin/data_produk', [], true)
 5 APPPATH\Controllers\ProdukController.php(18): view('admin/data_produk', [...])
 6 SYSTEMPATH\CodeIgniter.php(933): App\Controllers\ProdukController->index()
 7 SYSTEMPATH\CodeIgniter.php(509): CodeIgniter\CodeIgniter->runController(Object(App\Controllers\ProdukController))
 8 SYSTEMPATH\CodeIgniter.php(355): CodeIgniter\CodeIgniter->handleRequest(null, Object(Config\Cache), false)
 9 SYSTEMPATH\Boot.php(325): CodeIgniter\CodeIgniter->run()
10 SYSTEMPATH\Boot.php(67): CodeIgniter\Boot::runCodeIgniter(Object(CodeIgniter\CodeIgniter))
11 FCPATH\index.php(56): CodeIgniter\Boot::bootWeb(Object(Config\Paths))
12 SYSTEMPATH\Commands\Server\rewrite.php(49): require_once('C:\\xampp\\htdocs\\fashion-store-ci\\public\\index.php')
CRITICAL - 2024-07-03 09:44:59 --> ErrorException: Undefined variable $isi
[Method: GET, Route: admin/data_produk]
in APPPATH\Views\admin\data_produk.php on line 102.
 1 APPPATH\Views\admin\data_produk.php(102): CodeIgniter\Debug\Exceptions->errorHandler(2, 'Undefined variable $isi', 'C:\\xampp\\htdocs\\fashion-store-ci\\app\\Views\\admin\\data_produk.php', 102)
 2 SYSTEMPATH\View\View.php(234): include('C:\\xampp\\htdocs\\fashion-store-ci\\app\\Views\\admin\\data_produk.php')
 3 SYSTEMPATH\View\View.php(237): CodeIgniter\View\View->CodeIgniter\View\{closure}()
 4 SYSTEMPATH\Common.php(1171): CodeIgniter\View\View->render('admin/data_produk', [], true)
 5 APPPATH\Controllers\ProdukController.php(18): view('admin/data_produk', [...])
 6 SYSTEMPATH\CodeIgniter.php(933): App\Controllers\ProdukController->index()
 7 SYSTEMPATH\CodeIgniter.php(509): CodeIgniter\CodeIgniter->runController(Object(App\Controllers\ProdukController))
 8 SYSTEMPATH\CodeIgniter.php(355): CodeIgniter\CodeIgniter->handleRequest(null, Object(Config\Cache), false)
 9 SYSTEMPATH\Boot.php(325): CodeIgniter\CodeIgniter->run()
10 SYSTEMPATH\Boot.php(67): CodeIgniter\Boot::runCodeIgniter(Object(CodeIgniter\CodeIgniter))
11 FCPATH\index.php(56): CodeIgniter\Boot::bootWeb(Object(Config\Paths))
12 SYSTEMPATH\Commands\Server\rewrite.php(49): require_once('C:\\xampp\\htdocs\\fashion-store-ci\\public\\index.php')
