CRITICAL - 2024-07-11 18:53:11 --> ErrorException: Undefined variable $row
[Method: GET, Route: /]
in APPPATH\Views\frontend\index.php on line 147.
 1 APPPATH\Views\frontend\index.php(147): CodeIgniter\Debug\Exceptions->errorHandler(2, 'Undefined variable $row', 'C:\\xampp\\htdocs\\fashion-store-ci\\app\\Views\\frontend\\index.php', 147)
 2 SYSTEMPATH\View\View.php(234): include('C:\\xampp\\htdocs\\fashion-store-ci\\app\\Views\\frontend\\index.php')
 3 SYSTEMPATH\View\View.php(237): CodeIgniter\View\View->CodeIgniter\View\{closure}()
 4 SYSTEMPATH\Common.php(1171): CodeIgniter\View\View->render('frontend/index', [], true)
 5 APPPATH\Controllers\Home.php(9): view('frontend/index')
 6 SYSTEMPATH\CodeIgniter.php(933): App\Controllers\Home->index()
 7 SYSTEMPATH\CodeIgniter.php(509): CodeIgniter\CodeIgniter->runController(Object(App\Controllers\Home))
 8 SYSTEMPATH\CodeIgniter.php(355): CodeIgniter\CodeIgniter->handleRequest(null, Object(Config\Cache), false)
 9 SYSTEMPATH\Boot.php(325): CodeIgniter\CodeIgniter->run()
10 SYSTEMPATH\Boot.php(67): CodeIgniter\Boot::runCodeIgniter(Object(CodeIgniter\CodeIgniter))
11 FCPATH\index.php(56): CodeIgniter\Boot::bootWeb(Object(Config\Paths))
12 SYSTEMPATH\Commands\Server\rewrite.php(49): require_once('C:\\xampp\\htdocs\\fashion-store-ci\\public\\index.php')
ERROR - 2024-07-11 19:07:54 --> mysqli_sql_exception: Unknown column 'id' in 'order clause' in C:\xampp\htdocs\fashion-store-ci\system\Database\MySQLi\Connection.php:310
Stack trace:
#0 C:\xampp\htdocs\fashion-store-ci\system\Database\MySQLi\Connection.php(310): mysqli->query('SELECT *\nFROM `...', 0)
#1 C:\xampp\htdocs\fashion-store-ci\system\Database\BaseConnection.php(732): CodeIgniter\Database\MySQLi\Connection->execute('SELECT *\nFROM `...')
#2 C:\xampp\htdocs\fashion-store-ci\system\Database\BaseConnection.php(646): CodeIgniter\Database\BaseConnection->simpleQuery('SELECT *\nFROM `...')
#3 C:\xampp\htdocs\fashion-store-ci\system\Database\BaseBuilder.php(1637): CodeIgniter\Database\BaseConnection->query('SELECT *\nFROM `...', Array, false)
#4 C:\xampp\htdocs\fashion-store-ci\system\Model.php(286): CodeIgniter\Database\BaseBuilder->get()
#5 C:\xampp\htdocs\fashion-store-ci\system\BaseModel.php(676): CodeIgniter\Model->doFindAll(0, 0)
#6 C:\xampp\htdocs\fashion-store-ci\app\Models\KategoriModel.php(16): CodeIgniter\BaseModel->findAll()
#7 C:\xampp\htdocs\fashion-store-ci\app\Controllers\Home.php(14): App\Models\KategoriModel->getKategori()
#8 C:\xampp\htdocs\fashion-store-ci\system\CodeIgniter.php(933): App\Controllers\Home->index()
#9 C:\xampp\htdocs\fashion-store-ci\system\CodeIgniter.php(509): CodeIgniter\CodeIgniter->runController(Object(App\Controllers\Home))
#10 C:\xampp\htdocs\fashion-store-ci\system\CodeIgniter.php(355): CodeIgniter\CodeIgniter->handleRequest(NULL, Object(Config\Cache), false)
#11 C:\xampp\htdocs\fashion-store-ci\system\Boot.php(325): CodeIgniter\CodeIgniter->run()
#12 C:\xampp\htdocs\fashion-store-ci\system\Boot.php(67): CodeIgniter\Boot::runCodeIgniter(Object(CodeIgniter\CodeIgniter))
#13 C:\xampp\htdocs\fashion-store-ci\public\index.php(56): CodeIgniter\Boot::bootWeb(Object(Config\Paths))
#14 C:\xampp\htdocs\fashion-store-ci\system\Commands\Server\rewrite.php(49): require_once('C:\\xampp\\htdocs...')
#15 {main}
CRITICAL - 2024-07-11 19:07:54 --> Error: Call to a member function getResult() on bool
[Method: GET, Route: /]
in SYSTEMPATH\Model.php on line 287.
 1 SYSTEMPATH\BaseModel.php(676): CodeIgniter\Model->doFindAll(0, 0)
 2 APPPATH\Models\KategoriModel.php(16): CodeIgniter\BaseModel->findAll()
 3 APPPATH\Controllers\Home.php(14): App\Models\KategoriModel->getKategori()
 4 SYSTEMPATH\CodeIgniter.php(933): App\Controllers\Home->index()
 5 SYSTEMPATH\CodeIgniter.php(509): CodeIgniter\CodeIgniter->runController(Object(App\Controllers\Home))
 6 SYSTEMPATH\CodeIgniter.php(355): CodeIgniter\CodeIgniter->handleRequest(null, Object(Config\Cache), false)
 7 SYSTEMPATH\Boot.php(325): CodeIgniter\CodeIgniter->run()
 8 SYSTEMPATH\Boot.php(67): CodeIgniter\Boot::runCodeIgniter(Object(CodeIgniter\CodeIgniter))
 9 FCPATH\index.php(56): CodeIgniter\Boot::bootWeb(Object(Config\Paths))
10 SYSTEMPATH\Commands\Server\rewrite.php(49): require_once('C:\\xampp\\htdocs\\fashion-store-ci\\public\\index.php')
CRITICAL - 2024-07-11 19:22:41 --> ErrorException: Undefined variable $unggulan
[Method: GET, Route: /]
in APPPATH\Views\frontend\index.php on line 126.
 1 APPPATH\Views\frontend\index.php(126): CodeIgniter\Debug\Exceptions->errorHandler(2, 'Undefined variable $unggulan', 'C:\\xampp\\htdocs\\fashion-store-ci\\app\\Views\\frontend\\index.php', 126)
 2 SYSTEMPATH\View\View.php(234): include('C:\\xampp\\htdocs\\fashion-store-ci\\app\\Views\\frontend\\index.php')
 3 SYSTEMPATH\View\View.php(237): CodeIgniter\View\View->CodeIgniter\View\{closure}()
 4 SYSTEMPATH\Common.php(1171): CodeIgniter\View\View->render('frontend/index', [], true)
 5 APPPATH\Controllers\Home.php(16): view('frontend/index', [...])
 6 SYSTEMPATH\CodeIgniter.php(933): App\Controllers\Home->index()
 7 SYSTEMPATH\CodeIgniter.php(509): CodeIgniter\CodeIgniter->runController(Object(App\Controllers\Home))
 8 SYSTEMPATH\CodeIgniter.php(355): CodeIgniter\CodeIgniter->handleRequest(null, Object(Config\Cache), false)
 9 SYSTEMPATH\Boot.php(325): CodeIgniter\CodeIgniter->run()
10 SYSTEMPATH\Boot.php(67): CodeIgniter\Boot::runCodeIgniter(Object(CodeIgniter\CodeIgniter))
11 FCPATH\index.php(56): CodeIgniter\Boot::bootWeb(Object(Config\Paths))
12 SYSTEMPATH\Commands\Server\rewrite.php(49): require_once('C:\\xampp\\htdocs\\fashion-store-ci\\public\\index.php')
CRITICAL - 2024-07-11 19:32:40 --> ErrorException: Undefined array key "nm_kategori"
[Method: GET, Route: /]
in APPPATH\Views\frontend\index.php on line 323.
 1 APPPATH\Views\frontend\index.php(323): CodeIgniter\Debug\Exceptions->errorHandler(2, 'Undefined array key "nm_kategori"', 'C:\\xampp\\htdocs\\fashion-store-ci\\app\\Views\\frontend\\index.php', 323)
 2 SYSTEMPATH\View\View.php(234): include('C:\\xampp\\htdocs\\fashion-store-ci\\app\\Views\\frontend\\index.php')
 3 SYSTEMPATH\View\View.php(237): CodeIgniter\View\View->CodeIgniter\View\{closure}()
 4 SYSTEMPATH\Common.php(1171): CodeIgniter\View\View->render('frontend/index', [], true)
 5 APPPATH\Controllers\Home.php(18): view('frontend/index', [...])
 6 SYSTEMPATH\CodeIgniter.php(933): App\Controllers\Home->index()
 7 SYSTEMPATH\CodeIgniter.php(509): CodeIgniter\CodeIgniter->runController(Object(App\Controllers\Home))
 8 SYSTEMPATH\CodeIgniter.php(355): CodeIgniter\CodeIgniter->handleRequest(null, Object(Config\Cache), false)
 9 SYSTEMPATH\Boot.php(325): CodeIgniter\CodeIgniter->run()
10 SYSTEMPATH\Boot.php(67): CodeIgniter\Boot::runCodeIgniter(Object(CodeIgniter\CodeIgniter))
11 FCPATH\index.php(56): CodeIgniter\Boot::bootWeb(Object(Config\Paths))
12 SYSTEMPATH\Commands\Server\rewrite.php(49): require_once('C:\\xampp\\htdocs\\fashion-store-ci\\public\\index.php')
CRITICAL - 2024-07-11 19:33:30 --> ErrorException: Undefined array key "nm_kategori"
[Method: GET, Route: /]
in APPPATH\Views\frontend\index.php on line 323.
 1 APPPATH\Views\frontend\index.php(323): CodeIgniter\Debug\Exceptions->errorHandler(2, 'Undefined array key "nm_kategori"', 'C:\\xampp\\htdocs\\fashion-store-ci\\app\\Views\\frontend\\index.php', 323)
 2 SYSTEMPATH\View\View.php(234): include('C:\\xampp\\htdocs\\fashion-store-ci\\app\\Views\\frontend\\index.php')
 3 SYSTEMPATH\View\View.php(237): CodeIgniter\View\View->CodeIgniter\View\{closure}()
 4 SYSTEMPATH\Common.php(1171): CodeIgniter\View\View->render('frontend/index', [], true)
 5 APPPATH\Controllers\Home.php(18): view('frontend/index', [...])
 6 SYSTEMPATH\CodeIgniter.php(933): App\Controllers\Home->index()
 7 SYSTEMPATH\CodeIgniter.php(509): CodeIgniter\CodeIgniter->runController(Object(App\Controllers\Home))
 8 SYSTEMPATH\CodeIgniter.php(355): CodeIgniter\CodeIgniter->handleRequest(null, Object(Config\Cache), false)
 9 SYSTEMPATH\Boot.php(325): CodeIgniter\CodeIgniter->run()
10 SYSTEMPATH\Boot.php(67): CodeIgniter\Boot::runCodeIgniter(Object(CodeIgniter\CodeIgniter))
11 FCPATH\index.php(56): CodeIgniter\Boot::bootWeb(Object(Config\Paths))
12 SYSTEMPATH\Commands\Server\rewrite.php(49): require_once('C:\\xampp\\htdocs\\fashion-store-ci\\public\\index.php')
CRITICAL - 2024-07-11 19:34:26 --> ErrorException: Undefined array key "nm_kategori"
[Method: GET, Route: /]
in APPPATH\Views\frontend\index.php on line 323.
 1 APPPATH\Views\frontend\index.php(323): CodeIgniter\Debug\Exceptions->errorHandler(2, 'Undefined array key "nm_kategori"', 'C:\\xampp\\htdocs\\fashion-store-ci\\app\\Views\\frontend\\index.php', 323)
 2 SYSTEMPATH\View\View.php(234): include('C:\\xampp\\htdocs\\fashion-store-ci\\app\\Views\\frontend\\index.php')
 3 SYSTEMPATH\View\View.php(237): CodeIgniter\View\View->CodeIgniter\View\{closure}()
 4 SYSTEMPATH\Common.php(1171): CodeIgniter\View\View->render('frontend/index', [], true)
 5 APPPATH\Controllers\Home.php(19): view('frontend/index', [...])
 6 SYSTEMPATH\CodeIgniter.php(933): App\Controllers\Home->index()
 7 SYSTEMPATH\CodeIgniter.php(509): CodeIgniter\CodeIgniter->runController(Object(App\Controllers\Home))
 8 SYSTEMPATH\CodeIgniter.php(355): CodeIgniter\CodeIgniter->handleRequest(null, Object(Config\Cache), false)
 9 SYSTEMPATH\Boot.php(325): CodeIgniter\CodeIgniter->run()
10 SYSTEMPATH\Boot.php(67): CodeIgniter\Boot::runCodeIgniter(Object(CodeIgniter\CodeIgniter))
11 FCPATH\index.php(56): CodeIgniter\Boot::bootWeb(Object(Config\Paths))
12 SYSTEMPATH\Commands\Server\rewrite.php(49): require_once('C:\\xampp\\htdocs\\fashion-store-ci\\public\\index.php')
CRITICAL - 2024-07-11 19:55:08 --> ErrorException: Undefined array key "id"
[Method: GET, Route: /]
in APPPATH\Views\frontend\index.php on line 130.
 1 APPPATH\Views\frontend\index.php(130): CodeIgniter\Debug\Exceptions->errorHandler(2, 'Undefined array key "id"', 'C:\\xampp\\htdocs\\fashion-store-ci\\app\\Views\\frontend\\index.php', 130)
 2 SYSTEMPATH\View\View.php(234): include('C:\\xampp\\htdocs\\fashion-store-ci\\app\\Views\\frontend\\index.php')
 3 SYSTEMPATH\View\View.php(237): CodeIgniter\View\View->CodeIgniter\View\{closure}()
 4 SYSTEMPATH\Common.php(1171): CodeIgniter\View\View->render('frontend/index', [], true)
 5 APPPATH\Controllers\Home.php(18): view('frontend/index', [...])
 6 SYSTEMPATH\CodeIgniter.php(933): App\Controllers\Home->index()
 7 SYSTEMPATH\CodeIgniter.php(509): CodeIgniter\CodeIgniter->runController(Object(App\Controllers\Home))
 8 SYSTEMPATH\CodeIgniter.php(355): CodeIgniter\CodeIgniter->handleRequest(null, Object(Config\Cache), false)
 9 SYSTEMPATH\Boot.php(325): CodeIgniter\CodeIgniter->run()
10 SYSTEMPATH\Boot.php(67): CodeIgniter\Boot::runCodeIgniter(Object(CodeIgniter\CodeIgniter))
11 FCPATH\index.php(56): CodeIgniter\Boot::bootWeb(Object(Config\Paths))
12 SYSTEMPATH\Commands\Server\rewrite.php(49): require_once('C:\\xampp\\htdocs\\fashion-store-ci\\public\\index.php')
CRITICAL - 2024-07-11 19:55:39 --> ErrorException: Undefined array key "id"
[Method: GET, Route: /]
in APPPATH\Views\frontend\index.php on line 130.
 1 APPPATH\Views\frontend\index.php(130): CodeIgniter\Debug\Exceptions->errorHandler(2, 'Undefined array key "id"', 'C:\\xampp\\htdocs\\fashion-store-ci\\app\\Views\\frontend\\index.php', 130)
 2 SYSTEMPATH\View\View.php(234): include('C:\\xampp\\htdocs\\fashion-store-ci\\app\\Views\\frontend\\index.php')
 3 SYSTEMPATH\View\View.php(237): CodeIgniter\View\View->CodeIgniter\View\{closure}()
 4 SYSTEMPATH\Common.php(1171): CodeIgniter\View\View->render('frontend/index', [], true)
 5 APPPATH\Controllers\Home.php(18): view('frontend/index', [...])
 6 SYSTEMPATH\CodeIgniter.php(933): App\Controllers\Home->index()
 7 SYSTEMPATH\CodeIgniter.php(509): CodeIgniter\CodeIgniter->runController(Object(App\Controllers\Home))
 8 SYSTEMPATH\CodeIgniter.php(355): CodeIgniter\CodeIgniter->handleRequest(null, Object(Config\Cache), false)
 9 SYSTEMPATH\Boot.php(325): CodeIgniter\CodeIgniter->run()
10 SYSTEMPATH\Boot.php(67): CodeIgniter\Boot::runCodeIgniter(Object(CodeIgniter\CodeIgniter))
11 FCPATH\index.php(56): CodeIgniter\Boot::bootWeb(Object(Config\Paths))
12 SYSTEMPATH\Commands\Server\rewrite.php(49): require_once('C:\\xampp\\htdocs\\fashion-store-ci\\public\\index.php')
CRITICAL - 2024-07-11 19:56:54 --> ArgumentCountError: Too few arguments to function App\Models\ProdukModel::detailsProduk(), 0 passed in C:\xampp\htdocs\fashion-store-ci\app\Controllers\Home.php on line 13 and exactly 1 expected
[Method: GET, Route: /]
in APPPATH\Models\ProdukModel.php on line 30.
 1 APPPATH\Controllers\Home.php(13): App\Models\ProdukModel->detailsProduk()
 2 SYSTEMPATH\CodeIgniter.php(933): App\Controllers\Home->index()
 3 SYSTEMPATH\CodeIgniter.php(509): CodeIgniter\CodeIgniter->runController(Object(App\Controllers\Home))
 4 SYSTEMPATH\CodeIgniter.php(355): CodeIgniter\CodeIgniter->handleRequest(null, Object(Config\Cache), false)
 5 SYSTEMPATH\Boot.php(325): CodeIgniter\CodeIgniter->run()
 6 SYSTEMPATH\Boot.php(67): CodeIgniter\Boot::runCodeIgniter(Object(CodeIgniter\CodeIgniter))
 7 FCPATH\index.php(56): CodeIgniter\Boot::bootWeb(Object(Config\Paths))
 8 SYSTEMPATH\Commands\Server\rewrite.php(49): require_once('C:\\xampp\\htdocs\\fashion-store-ci\\public\\index.php')
CRITICAL - 2024-07-11 19:57:34 --> ErrorException: Undefined array key "id"
[Method: GET, Route: /]
in APPPATH\Views\frontend\index.php on line 130.
 1 APPPATH\Views\frontend\index.php(130): CodeIgniter\Debug\Exceptions->errorHandler(2, 'Undefined array key "id"', 'C:\\xampp\\htdocs\\fashion-store-ci\\app\\Views\\frontend\\index.php', 130)
 2 SYSTEMPATH\View\View.php(234): include('C:\\xampp\\htdocs\\fashion-store-ci\\app\\Views\\frontend\\index.php')
 3 SYSTEMPATH\View\View.php(237): CodeIgniter\View\View->CodeIgniter\View\{closure}()
 4 SYSTEMPATH\Common.php(1171): CodeIgniter\View\View->render('frontend/index', [], true)
 5 APPPATH\Controllers\Home.php(18): view('frontend/index', [...])
 6 SYSTEMPATH\CodeIgniter.php(933): App\Controllers\Home->index()
 7 SYSTEMPATH\CodeIgniter.php(509): CodeIgniter\CodeIgniter->runController(Object(App\Controllers\Home))
 8 SYSTEMPATH\CodeIgniter.php(355): CodeIgniter\CodeIgniter->handleRequest(null, Object(Config\Cache), false)
 9 SYSTEMPATH\Boot.php(325): CodeIgniter\CodeIgniter->run()
10 SYSTEMPATH\Boot.php(67): CodeIgniter\Boot::runCodeIgniter(Object(CodeIgniter\CodeIgniter))
11 FCPATH\index.php(56): CodeIgniter\Boot::bootWeb(Object(Config\Paths))
12 SYSTEMPATH\Commands\Server\rewrite.php(49): require_once('C:\\xampp\\htdocs\\fashion-store-ci\\public\\index.php')
CRITICAL - 2024-07-11 20:04:21 --> ErrorException: Trying to access array offset on value of type null
[Method: GET, Route: details/assets/image/logo-3.png]
in APPPATH\Views\frontend\details.php on line 81.
 1 APPPATH\Views\frontend\details.php(81): CodeIgniter\Debug\Exceptions->errorHandler(2, 'Trying to access array offset on value of type null', 'C:\\xampp\\htdocs\\fashion-store-ci\\app\\Views\\frontend\\details.php', 81)
 2 SYSTEMPATH\View\View.php(234): include('C:\\xampp\\htdocs\\fashion-store-ci\\app\\Views\\frontend\\details.php')
 3 SYSTEMPATH\View\View.php(237): CodeIgniter\View\View->CodeIgniter\View\{closure}()
 4 SYSTEMPATH\Common.php(1171): CodeIgniter\View\View->render('frontend/details', [], true)
 5 APPPATH\Controllers\DetailsController.php(17): view('frontend/details', [...])
 6 SYSTEMPATH\CodeIgniter.php(933): App\Controllers\DetailsController->index('assets', 'image', 'logo-3.png')
 7 SYSTEMPATH\CodeIgniter.php(509): CodeIgniter\CodeIgniter->runController(Object(App\Controllers\DetailsController))
 8 SYSTEMPATH\CodeIgniter.php(355): CodeIgniter\CodeIgniter->handleRequest(null, Object(Config\Cache), false)
 9 SYSTEMPATH\Boot.php(325): CodeIgniter\CodeIgniter->run()
10 SYSTEMPATH\Boot.php(67): CodeIgniter\Boot::runCodeIgniter(Object(CodeIgniter\CodeIgniter))
11 FCPATH\index.php(56): CodeIgniter\Boot::bootWeb(Object(Config\Paths))
12 SYSTEMPATH\Commands\Server\rewrite.php(49): require_once('C:\\xampp\\htdocs\\fashion-store-ci\\public\\index.php')
CRITICAL - 2024-07-11 20:04:22 --> ErrorException: Trying to access array offset on value of type null
[Method: GET, Route: details/assets-front/img/search.png]
in APPPATH\Views\frontend\details.php on line 81.
 1 APPPATH\Views\frontend\details.php(81): CodeIgniter\Debug\Exceptions->errorHandler(2, 'Trying to access array offset on value of type null', 'C:\\xampp\\htdocs\\fashion-store-ci\\app\\Views\\frontend\\details.php', 81)
 2 SYSTEMPATH\View\View.php(234): include('C:\\xampp\\htdocs\\fashion-store-ci\\app\\Views\\frontend\\details.php')
 3 SYSTEMPATH\View\View.php(237): CodeIgniter\View\View->CodeIgniter\View\{closure}()
 4 SYSTEMPATH\Common.php(1171): CodeIgniter\View\View->render('frontend/details', [], true)
 5 APPPATH\Controllers\DetailsController.php(17): view('frontend/details', [...])
 6 SYSTEMPATH\CodeIgniter.php(933): App\Controllers\DetailsController->index('assets-front', 'img', 'search.png')
 7 SYSTEMPATH\CodeIgniter.php(509): CodeIgniter\CodeIgniter->runController(Object(App\Controllers\DetailsController))
 8 SYSTEMPATH\CodeIgniter.php(355): CodeIgniter\CodeIgniter->handleRequest(null, Object(Config\Cache), false)
 9 SYSTEMPATH\Boot.php(325): CodeIgniter\CodeIgniter->run()
10 SYSTEMPATH\Boot.php(67): CodeIgniter\Boot::runCodeIgniter(Object(CodeIgniter\CodeIgniter))
11 FCPATH\index.php(56): CodeIgniter\Boot::bootWeb(Object(Config\Paths))
12 SYSTEMPATH\Commands\Server\rewrite.php(49): require_once('C:\\xampp\\htdocs\\fashion-store-ci\\public\\index.php')
CRITICAL - 2024-07-11 20:04:22 --> ErrorException: Trying to access array offset on value of type null
[Method: GET, Route: details/assets-front/img/icon-heart.svg]
in APPPATH\Views\frontend\details.php on line 81.
 1 APPPATH\Views\frontend\details.php(81): CodeIgniter\Debug\Exceptions->errorHandler(2, 'Trying to access array offset on value of type null', 'C:\\xampp\\htdocs\\fashion-store-ci\\app\\Views\\frontend\\details.php', 81)
 2 SYSTEMPATH\View\View.php(234): include('C:\\xampp\\htdocs\\fashion-store-ci\\app\\Views\\frontend\\details.php')
 3 SYSTEMPATH\View\View.php(237): CodeIgniter\View\View->CodeIgniter\View\{closure}()
 4 SYSTEMPATH\Common.php(1171): CodeIgniter\View\View->render('frontend/details', [], true)
 5 APPPATH\Controllers\DetailsController.php(17): view('frontend/details', [...])
 6 SYSTEMPATH\CodeIgniter.php(933): App\Controllers\DetailsController->index('assets-front', 'img', 'icon-heart.svg')
 7 SYSTEMPATH\CodeIgniter.php(509): CodeIgniter\CodeIgniter->runController(Object(App\Controllers\DetailsController))
 8 SYSTEMPATH\CodeIgniter.php(355): CodeIgniter\CodeIgniter->handleRequest(null, Object(Config\Cache), false)
 9 SYSTEMPATH\Boot.php(325): CodeIgniter\CodeIgniter->run()
10 SYSTEMPATH\Boot.php(67): CodeIgniter\Boot::runCodeIgniter(Object(CodeIgniter\CodeIgniter))
11 FCPATH\index.php(56): CodeIgniter\Boot::bootWeb(Object(Config\Paths))
12 SYSTEMPATH\Commands\Server\rewrite.php(49): require_once('C:\\xampp\\htdocs\\fashion-store-ci\\public\\index.php')
CRITICAL - 2024-07-11 20:04:22 --> ErrorException: Trying to access array offset on value of type null
[Method: GET, Route: details/assets-front/img/icon-cart.svg]
in APPPATH\Views\frontend\details.php on line 81.
 1 APPPATH\Views\frontend\details.php(81): CodeIgniter\Debug\Exceptions->errorHandler(2, 'Trying to access array offset on value of type null', 'C:\\xampp\\htdocs\\fashion-store-ci\\app\\Views\\frontend\\details.php', 81)
 2 SYSTEMPATH\View\View.php(234): include('C:\\xampp\\htdocs\\fashion-store-ci\\app\\Views\\frontend\\details.php')
 3 SYSTEMPATH\View\View.php(237): CodeIgniter\View\View->CodeIgniter\View\{closure}()
 4 SYSTEMPATH\Common.php(1171): CodeIgniter\View\View->render('frontend/details', [], true)
 5 APPPATH\Controllers\DetailsController.php(17): view('frontend/details', [...])
 6 SYSTEMPATH\CodeIgniter.php(933): App\Controllers\DetailsController->index('assets-front', 'img', 'icon-cart.svg')
 7 SYSTEMPATH\CodeIgniter.php(509): CodeIgniter\CodeIgniter->runController(Object(App\Controllers\DetailsController))
 8 SYSTEMPATH\CodeIgniter.php(355): CodeIgniter\CodeIgniter->handleRequest(null, Object(Config\Cache), false)
 9 SYSTEMPATH\Boot.php(325): CodeIgniter\CodeIgniter->run()
10 SYSTEMPATH\Boot.php(67): CodeIgniter\Boot::runCodeIgniter(Object(CodeIgniter\CodeIgniter))
11 FCPATH\index.php(56): CodeIgniter\Boot::bootWeb(Object(Config\Paths))
12 SYSTEMPATH\Commands\Server\rewrite.php(49): require_once('C:\\xampp\\htdocs\\fashion-store-ci\\public\\index.php')
CRITICAL - 2024-07-11 20:04:22 --> ErrorException: Trying to access array offset on value of type null
[Method: GET, Route: details/assets/image/circle-user.png]
in APPPATH\Views\frontend\details.php on line 81.
 1 APPPATH\Views\frontend\details.php(81): CodeIgniter\Debug\Exceptions->errorHandler(2, 'Trying to access array offset on value of type null', 'C:\\xampp\\htdocs\\fashion-store-ci\\app\\Views\\frontend\\details.php', 81)
 2 SYSTEMPATH\View\View.php(234): include('C:\\xampp\\htdocs\\fashion-store-ci\\app\\Views\\frontend\\details.php')
 3 SYSTEMPATH\View\View.php(237): CodeIgniter\View\View->CodeIgniter\View\{closure}()
 4 SYSTEMPATH\Common.php(1171): CodeIgniter\View\View->render('frontend/details', [], true)
 5 APPPATH\Controllers\DetailsController.php(17): view('frontend/details', [...])
 6 SYSTEMPATH\CodeIgniter.php(933): App\Controllers\DetailsController->index('assets', 'image', 'circle-user.png')
 7 SYSTEMPATH\CodeIgniter.php(509): CodeIgniter\CodeIgniter->runController(Object(App\Controllers\DetailsController))
 8 SYSTEMPATH\CodeIgniter.php(355): CodeIgniter\CodeIgniter->handleRequest(null, Object(Config\Cache), false)
 9 SYSTEMPATH\Boot.php(325): CodeIgniter\CodeIgniter->run()
10 SYSTEMPATH\Boot.php(67): CodeIgniter\Boot::runCodeIgniter(Object(CodeIgniter\CodeIgniter))
11 FCPATH\index.php(56): CodeIgniter\Boot::bootWeb(Object(Config\Paths))
12 SYSTEMPATH\Commands\Server\rewrite.php(49): require_once('C:\\xampp\\htdocs\\fashion-store-ci\\public\\index.php')
CRITICAL - 2024-07-11 20:04:23 --> ErrorException: Trying to access array offset on value of type null
[Method: GET, Route: details/assets-front/img/payment-method.png]
in APPPATH\Views\frontend\details.php on line 81.
 1 APPPATH\Views\frontend\details.php(81): CodeIgniter\Debug\Exceptions->errorHandler(2, 'Trying to access array offset on value of type null', 'C:\\xampp\\htdocs\\fashion-store-ci\\app\\Views\\frontend\\details.php', 81)
 2 SYSTEMPATH\View\View.php(234): include('C:\\xampp\\htdocs\\fashion-store-ci\\app\\Views\\frontend\\details.php')
 3 SYSTEMPATH\View\View.php(237): CodeIgniter\View\View->CodeIgniter\View\{closure}()
 4 SYSTEMPATH\Common.php(1171): CodeIgniter\View\View->render('frontend/details', [], true)
 5 APPPATH\Controllers\DetailsController.php(17): view('frontend/details', [...])
 6 SYSTEMPATH\CodeIgniter.php(933): App\Controllers\DetailsController->index('assets-front', 'img', 'payment-method.png')
 7 SYSTEMPATH\CodeIgniter.php(509): CodeIgniter\CodeIgniter->runController(Object(App\Controllers\DetailsController))
 8 SYSTEMPATH\CodeIgniter.php(355): CodeIgniter\CodeIgniter->handleRequest(null, Object(Config\Cache), false)
 9 SYSTEMPATH\Boot.php(325): CodeIgniter\CodeIgniter->run()
10 SYSTEMPATH\Boot.php(67): CodeIgniter\Boot::runCodeIgniter(Object(CodeIgniter\CodeIgniter))
11 FCPATH\index.php(56): CodeIgniter\Boot::bootWeb(Object(Config\Paths))
12 SYSTEMPATH\Commands\Server\rewrite.php(49): require_once('C:\\xampp\\htdocs\\fashion-store-ci\\public\\index.php')
CRITICAL - 2024-07-11 20:05:01 --> ErrorException: Trying to access array offset on value of type null
[Method: GET, Route: details/assets/image/logo-3.png]
in APPPATH\Views\frontend\details.php on line 81.
 1 APPPATH\Views\frontend\details.php(81): CodeIgniter\Debug\Exceptions->errorHandler(2, 'Trying to access array offset on value of type null', 'C:\\xampp\\htdocs\\fashion-store-ci\\app\\Views\\frontend\\details.php', 81)
 2 SYSTEMPATH\View\View.php(234): include('C:\\xampp\\htdocs\\fashion-store-ci\\app\\Views\\frontend\\details.php')
 3 SYSTEMPATH\View\View.php(237): CodeIgniter\View\View->CodeIgniter\View\{closure}()
 4 SYSTEMPATH\Common.php(1171): CodeIgniter\View\View->render('frontend/details', [], true)
 5 APPPATH\Controllers\DetailsController.php(17): view('frontend/details', [...])
 6 SYSTEMPATH\CodeIgniter.php(933): App\Controllers\DetailsController->index('assets', 'image', 'logo-3.png')
 7 SYSTEMPATH\CodeIgniter.php(509): CodeIgniter\CodeIgniter->runController(Object(App\Controllers\DetailsController))
 8 SYSTEMPATH\CodeIgniter.php(355): CodeIgniter\CodeIgniter->handleRequest(null, Object(Config\Cache), false)
 9 SYSTEMPATH\Boot.php(325): CodeIgniter\CodeIgniter->run()
10 SYSTEMPATH\Boot.php(67): CodeIgniter\Boot::runCodeIgniter(Object(CodeIgniter\CodeIgniter))
11 FCPATH\index.php(56): CodeIgniter\Boot::bootWeb(Object(Config\Paths))
12 SYSTEMPATH\Commands\Server\rewrite.php(49): require_once('C:\\xampp\\htdocs\\fashion-store-ci\\public\\index.php')
CRITICAL - 2024-07-11 20:05:01 --> ErrorException: Trying to access array offset on value of type null
[Method: GET, Route: details/assets-front/img/search.png]
in APPPATH\Views\frontend\details.php on line 81.
 1 APPPATH\Views\frontend\details.php(81): CodeIgniter\Debug\Exceptions->errorHandler(2, 'Trying to access array offset on value of type null', 'C:\\xampp\\htdocs\\fashion-store-ci\\app\\Views\\frontend\\details.php', 81)
 2 SYSTEMPATH\View\View.php(234): include('C:\\xampp\\htdocs\\fashion-store-ci\\app\\Views\\frontend\\details.php')
 3 SYSTEMPATH\View\View.php(237): CodeIgniter\View\View->CodeIgniter\View\{closure}()
 4 SYSTEMPATH\Common.php(1171): CodeIgniter\View\View->render('frontend/details', [], true)
 5 APPPATH\Controllers\DetailsController.php(17): view('frontend/details', [...])
 6 SYSTEMPATH\CodeIgniter.php(933): App\Controllers\DetailsController->index('assets-front', 'img', 'search.png')
 7 SYSTEMPATH\CodeIgniter.php(509): CodeIgniter\CodeIgniter->runController(Object(App\Controllers\DetailsController))
 8 SYSTEMPATH\CodeIgniter.php(355): CodeIgniter\CodeIgniter->handleRequest(null, Object(Config\Cache), false)
 9 SYSTEMPATH\Boot.php(325): CodeIgniter\CodeIgniter->run()
10 SYSTEMPATH\Boot.php(67): CodeIgniter\Boot::runCodeIgniter(Object(CodeIgniter\CodeIgniter))
11 FCPATH\index.php(56): CodeIgniter\Boot::bootWeb(Object(Config\Paths))
12 SYSTEMPATH\Commands\Server\rewrite.php(49): require_once('C:\\xampp\\htdocs\\fashion-store-ci\\public\\index.php')
CRITICAL - 2024-07-11 20:05:02 --> ErrorException: Trying to access array offset on value of type null
[Method: GET, Route: details/assets-front/img/icon-heart.svg]
in APPPATH\Views\frontend\details.php on line 81.
 1 APPPATH\Views\frontend\details.php(81): CodeIgniter\Debug\Exceptions->errorHandler(2, 'Trying to access array offset on value of type null', 'C:\\xampp\\htdocs\\fashion-store-ci\\app\\Views\\frontend\\details.php', 81)
 2 SYSTEMPATH\View\View.php(234): include('C:\\xampp\\htdocs\\fashion-store-ci\\app\\Views\\frontend\\details.php')
 3 SYSTEMPATH\View\View.php(237): CodeIgniter\View\View->CodeIgniter\View\{closure}()
 4 SYSTEMPATH\Common.php(1171): CodeIgniter\View\View->render('frontend/details', [], true)
 5 APPPATH\Controllers\DetailsController.php(17): view('frontend/details', [...])
 6 SYSTEMPATH\CodeIgniter.php(933): App\Controllers\DetailsController->index('assets-front', 'img', 'icon-heart.svg')
 7 SYSTEMPATH\CodeIgniter.php(509): CodeIgniter\CodeIgniter->runController(Object(App\Controllers\DetailsController))
 8 SYSTEMPATH\CodeIgniter.php(355): CodeIgniter\CodeIgniter->handleRequest(null, Object(Config\Cache), false)
 9 SYSTEMPATH\Boot.php(325): CodeIgniter\CodeIgniter->run()
10 SYSTEMPATH\Boot.php(67): CodeIgniter\Boot::runCodeIgniter(Object(CodeIgniter\CodeIgniter))
11 FCPATH\index.php(56): CodeIgniter\Boot::bootWeb(Object(Config\Paths))
12 SYSTEMPATH\Commands\Server\rewrite.php(49): require_once('C:\\xampp\\htdocs\\fashion-store-ci\\public\\index.php')
CRITICAL - 2024-07-11 20:05:02 --> ErrorException: Trying to access array offset on value of type null
[Method: GET, Route: details/assets-front/img/icon-cart.svg]
in APPPATH\Views\frontend\details.php on line 81.
 1 APPPATH\Views\frontend\details.php(81): CodeIgniter\Debug\Exceptions->errorHandler(2, 'Trying to access array offset on value of type null', 'C:\\xampp\\htdocs\\fashion-store-ci\\app\\Views\\frontend\\details.php', 81)
 2 SYSTEMPATH\View\View.php(234): include('C:\\xampp\\htdocs\\fashion-store-ci\\app\\Views\\frontend\\details.php')
 3 SYSTEMPATH\View\View.php(237): CodeIgniter\View\View->CodeIgniter\View\{closure}()
 4 SYSTEMPATH\Common.php(1171): CodeIgniter\View\View->render('frontend/details', [], true)
 5 APPPATH\Controllers\DetailsController.php(17): view('frontend/details', [...])
 6 SYSTEMPATH\CodeIgniter.php(933): App\Controllers\DetailsController->index('assets-front', 'img', 'icon-cart.svg')
 7 SYSTEMPATH\CodeIgniter.php(509): CodeIgniter\CodeIgniter->runController(Object(App\Controllers\DetailsController))
 8 SYSTEMPATH\CodeIgniter.php(355): CodeIgniter\CodeIgniter->handleRequest(null, Object(Config\Cache), false)
 9 SYSTEMPATH\Boot.php(325): CodeIgniter\CodeIgniter->run()
10 SYSTEMPATH\Boot.php(67): CodeIgniter\Boot::runCodeIgniter(Object(CodeIgniter\CodeIgniter))
11 FCPATH\index.php(56): CodeIgniter\Boot::bootWeb(Object(Config\Paths))
12 SYSTEMPATH\Commands\Server\rewrite.php(49): require_once('C:\\xampp\\htdocs\\fashion-store-ci\\public\\index.php')
CRITICAL - 2024-07-11 20:05:02 --> ErrorException: Trying to access array offset on value of type null
[Method: GET, Route: details/assets/image/circle-user.png]
in APPPATH\Views\frontend\details.php on line 81.
 1 APPPATH\Views\frontend\details.php(81): CodeIgniter\Debug\Exceptions->errorHandler(2, 'Trying to access array offset on value of type null', 'C:\\xampp\\htdocs\\fashion-store-ci\\app\\Views\\frontend\\details.php', 81)
 2 SYSTEMPATH\View\View.php(234): include('C:\\xampp\\htdocs\\fashion-store-ci\\app\\Views\\frontend\\details.php')
 3 SYSTEMPATH\View\View.php(237): CodeIgniter\View\View->CodeIgniter\View\{closure}()
 4 SYSTEMPATH\Common.php(1171): CodeIgniter\View\View->render('frontend/details', [], true)
 5 APPPATH\Controllers\DetailsController.php(17): view('frontend/details', [...])
 6 SYSTEMPATH\CodeIgniter.php(933): App\Controllers\DetailsController->index('assets', 'image', 'circle-user.png')
 7 SYSTEMPATH\CodeIgniter.php(509): CodeIgniter\CodeIgniter->runController(Object(App\Controllers\DetailsController))
 8 SYSTEMPATH\CodeIgniter.php(355): CodeIgniter\CodeIgniter->handleRequest(null, Object(Config\Cache), false)
 9 SYSTEMPATH\Boot.php(325): CodeIgniter\CodeIgniter->run()
10 SYSTEMPATH\Boot.php(67): CodeIgniter\Boot::runCodeIgniter(Object(CodeIgniter\CodeIgniter))
11 FCPATH\index.php(56): CodeIgniter\Boot::bootWeb(Object(Config\Paths))
12 SYSTEMPATH\Commands\Server\rewrite.php(49): require_once('C:\\xampp\\htdocs\\fashion-store-ci\\public\\index.php')
CRITICAL - 2024-07-11 20:05:03 --> ErrorException: Trying to access array offset on value of type null
[Method: GET, Route: details/assets-front/img/payment-method.png]
in APPPATH\Views\frontend\details.php on line 81.
 1 APPPATH\Views\frontend\details.php(81): CodeIgniter\Debug\Exceptions->errorHandler(2, 'Trying to access array offset on value of type null', 'C:\\xampp\\htdocs\\fashion-store-ci\\app\\Views\\frontend\\details.php', 81)
 2 SYSTEMPATH\View\View.php(234): include('C:\\xampp\\htdocs\\fashion-store-ci\\app\\Views\\frontend\\details.php')
 3 SYSTEMPATH\View\View.php(237): CodeIgniter\View\View->CodeIgniter\View\{closure}()
 4 SYSTEMPATH\Common.php(1171): CodeIgniter\View\View->render('frontend/details', [], true)
 5 APPPATH\Controllers\DetailsController.php(17): view('frontend/details', [...])
 6 SYSTEMPATH\CodeIgniter.php(933): App\Controllers\DetailsController->index('assets-front', 'img', 'payment-method.png')
 7 SYSTEMPATH\CodeIgniter.php(509): CodeIgniter\CodeIgniter->runController(Object(App\Controllers\DetailsController))
 8 SYSTEMPATH\CodeIgniter.php(355): CodeIgniter\CodeIgniter->handleRequest(null, Object(Config\Cache), false)
 9 SYSTEMPATH\Boot.php(325): CodeIgniter\CodeIgniter->run()
10 SYSTEMPATH\Boot.php(67): CodeIgniter\Boot::runCodeIgniter(Object(CodeIgniter\CodeIgniter))
11 FCPATH\index.php(56): CodeIgniter\Boot::bootWeb(Object(Config\Paths))
12 SYSTEMPATH\Commands\Server\rewrite.php(49): require_once('C:\\xampp\\htdocs\\fashion-store-ci\\public\\index.php')
CRITICAL - 2024-07-11 20:05:44 --> ErrorException: Undefined variable $value
[Method: GET, Route: details/3]
in APPPATH\Views\frontend\details.php on line 92.
 1 APPPATH\Views\frontend\details.php(92): CodeIgniter\Debug\Exceptions->errorHandler(2, 'Undefined variable $value', 'C:\\xampp\\htdocs\\fashion-store-ci\\app\\Views\\frontend\\details.php', 92)
 2 SYSTEMPATH\View\View.php(234): include('C:\\xampp\\htdocs\\fashion-store-ci\\app\\Views\\frontend\\details.php')
 3 SYSTEMPATH\View\View.php(237): CodeIgniter\View\View->CodeIgniter\View\{closure}()
 4 SYSTEMPATH\Common.php(1171): CodeIgniter\View\View->render('frontend/details', [], true)
 5 APPPATH\Controllers\DetailsController.php(17): view('frontend/details', [...])
 6 SYSTEMPATH\CodeIgniter.php(933): App\Controllers\DetailsController->index('3')
 7 SYSTEMPATH\CodeIgniter.php(509): CodeIgniter\CodeIgniter->runController(Object(App\Controllers\DetailsController))
 8 SYSTEMPATH\CodeIgniter.php(355): CodeIgniter\CodeIgniter->handleRequest(null, Object(Config\Cache), false)
 9 SYSTEMPATH\Boot.php(325): CodeIgniter\CodeIgniter->run()
10 SYSTEMPATH\Boot.php(67): CodeIgniter\Boot::runCodeIgniter(Object(CodeIgniter\CodeIgniter))
11 FCPATH\index.php(56): CodeIgniter\Boot::bootWeb(Object(Config\Paths))
12 SYSTEMPATH\Commands\Server\rewrite.php(49): require_once('C:\\xampp\\htdocs\\fashion-store-ci\\public\\index.php')
CRITICAL - 2024-07-11 20:06:02 --> ErrorException: Trying to access array offset on value of type null
[Method: GET, Route: details/assets/image/logo-3.png]
in APPPATH\Views\frontend\details.php on line 81.
 1 APPPATH\Views\frontend\details.php(81): CodeIgniter\Debug\Exceptions->errorHandler(2, 'Trying to access array offset on value of type null', 'C:\\xampp\\htdocs\\fashion-store-ci\\app\\Views\\frontend\\details.php', 81)
 2 SYSTEMPATH\View\View.php(234): include('C:\\xampp\\htdocs\\fashion-store-ci\\app\\Views\\frontend\\details.php')
 3 SYSTEMPATH\View\View.php(237): CodeIgniter\View\View->CodeIgniter\View\{closure}()
 4 SYSTEMPATH\Common.php(1171): CodeIgniter\View\View->render('frontend/details', [], true)
 5 APPPATH\Controllers\DetailsController.php(17): view('frontend/details', [...])
 6 SYSTEMPATH\CodeIgniter.php(933): App\Controllers\DetailsController->index('assets', 'image', 'logo-3.png')
 7 SYSTEMPATH\CodeIgniter.php(509): CodeIgniter\CodeIgniter->runController(Object(App\Controllers\DetailsController))
 8 SYSTEMPATH\CodeIgniter.php(355): CodeIgniter\CodeIgniter->handleRequest(null, Object(Config\Cache), false)
 9 SYSTEMPATH\Boot.php(325): CodeIgniter\CodeIgniter->run()
10 SYSTEMPATH\Boot.php(67): CodeIgniter\Boot::runCodeIgniter(Object(CodeIgniter\CodeIgniter))
11 FCPATH\index.php(56): CodeIgniter\Boot::bootWeb(Object(Config\Paths))
12 SYSTEMPATH\Commands\Server\rewrite.php(49): require_once('C:\\xampp\\htdocs\\fashion-store-ci\\public\\index.php')
CRITICAL - 2024-07-11 20:06:02 --> ErrorException: Trying to access array offset on value of type null
[Method: GET, Route: details/assets-front/img/search.png]
in APPPATH\Views\frontend\details.php on line 81.
 1 APPPATH\Views\frontend\details.php(81): CodeIgniter\Debug\Exceptions->errorHandler(2, 'Trying to access array offset on value of type null', 'C:\\xampp\\htdocs\\fashion-store-ci\\app\\Views\\frontend\\details.php', 81)
 2 SYSTEMPATH\View\View.php(234): include('C:\\xampp\\htdocs\\fashion-store-ci\\app\\Views\\frontend\\details.php')
 3 SYSTEMPATH\View\View.php(237): CodeIgniter\View\View->CodeIgniter\View\{closure}()
 4 SYSTEMPATH\Common.php(1171): CodeIgniter\View\View->render('frontend/details', [], true)
 5 APPPATH\Controllers\DetailsController.php(17): view('frontend/details', [...])
 6 SYSTEMPATH\CodeIgniter.php(933): App\Controllers\DetailsController->index('assets-front', 'img', 'search.png')
 7 SYSTEMPATH\CodeIgniter.php(509): CodeIgniter\CodeIgniter->runController(Object(App\Controllers\DetailsController))
 8 SYSTEMPATH\CodeIgniter.php(355): CodeIgniter\CodeIgniter->handleRequest(null, Object(Config\Cache), false)
 9 SYSTEMPATH\Boot.php(325): CodeIgniter\CodeIgniter->run()
10 SYSTEMPATH\Boot.php(67): CodeIgniter\Boot::runCodeIgniter(Object(CodeIgniter\CodeIgniter))
11 FCPATH\index.php(56): CodeIgniter\Boot::bootWeb(Object(Config\Paths))
12 SYSTEMPATH\Commands\Server\rewrite.php(49): require_once('C:\\xampp\\htdocs\\fashion-store-ci\\public\\index.php')
CRITICAL - 2024-07-11 20:06:03 --> ErrorException: Trying to access array offset on value of type null
[Method: GET, Route: details/assets-front/img/icon-cart.svg]
in APPPATH\Views\frontend\details.php on line 81.
 1 APPPATH\Views\frontend\details.php(81): CodeIgniter\Debug\Exceptions->errorHandler(2, 'Trying to access array offset on value of type null', 'C:\\xampp\\htdocs\\fashion-store-ci\\app\\Views\\frontend\\details.php', 81)
 2 SYSTEMPATH\View\View.php(234): include('C:\\xampp\\htdocs\\fashion-store-ci\\app\\Views\\frontend\\details.php')
 3 SYSTEMPATH\View\View.php(237): CodeIgniter\View\View->CodeIgniter\View\{closure}()
 4 SYSTEMPATH\Common.php(1171): CodeIgniter\View\View->render('frontend/details', [], true)
 5 APPPATH\Controllers\DetailsController.php(17): view('frontend/details', [...])
 6 SYSTEMPATH\CodeIgniter.php(933): App\Controllers\DetailsController->index('assets-front', 'img', 'icon-cart.svg')
 7 SYSTEMPATH\CodeIgniter.php(509): CodeIgniter\CodeIgniter->runController(Object(App\Controllers\DetailsController))
 8 SYSTEMPATH\CodeIgniter.php(355): CodeIgniter\CodeIgniter->handleRequest(null, Object(Config\Cache), false)
 9 SYSTEMPATH\Boot.php(325): CodeIgniter\CodeIgniter->run()
10 SYSTEMPATH\Boot.php(67): CodeIgniter\Boot::runCodeIgniter(Object(CodeIgniter\CodeIgniter))
11 FCPATH\index.php(56): CodeIgniter\Boot::bootWeb(Object(Config\Paths))
12 SYSTEMPATH\Commands\Server\rewrite.php(49): require_once('C:\\xampp\\htdocs\\fashion-store-ci\\public\\index.php')
CRITICAL - 2024-07-11 20:06:03 --> ErrorException: Trying to access array offset on value of type null
[Method: GET, Route: details/assets-front/img/icon-heart.svg]
in APPPATH\Views\frontend\details.php on line 81.
 1 APPPATH\Views\frontend\details.php(81): CodeIgniter\Debug\Exceptions->errorHandler(2, 'Trying to access array offset on value of type null', 'C:\\xampp\\htdocs\\fashion-store-ci\\app\\Views\\frontend\\details.php', 81)
 2 SYSTEMPATH\View\View.php(234): include('C:\\xampp\\htdocs\\fashion-store-ci\\app\\Views\\frontend\\details.php')
 3 SYSTEMPATH\View\View.php(237): CodeIgniter\View\View->CodeIgniter\View\{closure}()
 4 SYSTEMPATH\Common.php(1171): CodeIgniter\View\View->render('frontend/details', [], true)
 5 APPPATH\Controllers\DetailsController.php(17): view('frontend/details', [...])
 6 SYSTEMPATH\CodeIgniter.php(933): App\Controllers\DetailsController->index('assets-front', 'img', 'icon-heart.svg')
 7 SYSTEMPATH\CodeIgniter.php(509): CodeIgniter\CodeIgniter->runController(Object(App\Controllers\DetailsController))
 8 SYSTEMPATH\CodeIgniter.php(355): CodeIgniter\CodeIgniter->handleRequest(null, Object(Config\Cache), false)
 9 SYSTEMPATH\Boot.php(325): CodeIgniter\CodeIgniter->run()
10 SYSTEMPATH\Boot.php(67): CodeIgniter\Boot::runCodeIgniter(Object(CodeIgniter\CodeIgniter))
11 FCPATH\index.php(56): CodeIgniter\Boot::bootWeb(Object(Config\Paths))
12 SYSTEMPATH\Commands\Server\rewrite.php(49): require_once('C:\\xampp\\htdocs\\fashion-store-ci\\public\\index.php')
CRITICAL - 2024-07-11 20:06:04 --> ErrorException: Trying to access array offset on value of type null
[Method: GET, Route: details/assets/image/circle-user.png]
in APPPATH\Views\frontend\details.php on line 81.
 1 APPPATH\Views\frontend\details.php(81): CodeIgniter\Debug\Exceptions->errorHandler(2, 'Trying to access array offset on value of type null', 'C:\\xampp\\htdocs\\fashion-store-ci\\app\\Views\\frontend\\details.php', 81)
 2 SYSTEMPATH\View\View.php(234): include('C:\\xampp\\htdocs\\fashion-store-ci\\app\\Views\\frontend\\details.php')
 3 SYSTEMPATH\View\View.php(237): CodeIgniter\View\View->CodeIgniter\View\{closure}()
 4 SYSTEMPATH\Common.php(1171): CodeIgniter\View\View->render('frontend/details', [], true)
 5 APPPATH\Controllers\DetailsController.php(17): view('frontend/details', [...])
 6 SYSTEMPATH\CodeIgniter.php(933): App\Controllers\DetailsController->index('assets', 'image', 'circle-user.png')
 7 SYSTEMPATH\CodeIgniter.php(509): CodeIgniter\CodeIgniter->runController(Object(App\Controllers\DetailsController))
 8 SYSTEMPATH\CodeIgniter.php(355): CodeIgniter\CodeIgniter->handleRequest(null, Object(Config\Cache), false)
 9 SYSTEMPATH\Boot.php(325): CodeIgniter\CodeIgniter->run()
10 SYSTEMPATH\Boot.php(67): CodeIgniter\Boot::runCodeIgniter(Object(CodeIgniter\CodeIgniter))
11 FCPATH\index.php(56): CodeIgniter\Boot::bootWeb(Object(Config\Paths))
12 SYSTEMPATH\Commands\Server\rewrite.php(49): require_once('C:\\xampp\\htdocs\\fashion-store-ci\\public\\index.php')
CRITICAL - 2024-07-11 20:06:05 --> ErrorException: Trying to access array offset on value of type null
[Method: GET, Route: details/assets-front/img/payment-method.png]
in APPPATH\Views\frontend\details.php on line 81.
 1 APPPATH\Views\frontend\details.php(81): CodeIgniter\Debug\Exceptions->errorHandler(2, 'Trying to access array offset on value of type null', 'C:\\xampp\\htdocs\\fashion-store-ci\\app\\Views\\frontend\\details.php', 81)
 2 SYSTEMPATH\View\View.php(234): include('C:\\xampp\\htdocs\\fashion-store-ci\\app\\Views\\frontend\\details.php')
 3 SYSTEMPATH\View\View.php(237): CodeIgniter\View\View->CodeIgniter\View\{closure}()
 4 SYSTEMPATH\Common.php(1171): CodeIgniter\View\View->render('frontend/details', [], true)
 5 APPPATH\Controllers\DetailsController.php(17): view('frontend/details', [...])
 6 SYSTEMPATH\CodeIgniter.php(933): App\Controllers\DetailsController->index('assets-front', 'img', 'payment-method.png')
 7 SYSTEMPATH\CodeIgniter.php(509): CodeIgniter\CodeIgniter->runController(Object(App\Controllers\DetailsController))
 8 SYSTEMPATH\CodeIgniter.php(355): CodeIgniter\CodeIgniter->handleRequest(null, Object(Config\Cache), false)
 9 SYSTEMPATH\Boot.php(325): CodeIgniter\CodeIgniter->run()
10 SYSTEMPATH\Boot.php(67): CodeIgniter\Boot::runCodeIgniter(Object(CodeIgniter\CodeIgniter))
11 FCPATH\index.php(56): CodeIgniter\Boot::bootWeb(Object(Config\Paths))
12 SYSTEMPATH\Commands\Server\rewrite.php(49): require_once('C:\\xampp\\htdocs\\fashion-store-ci\\public\\index.php')
CRITICAL - 2024-07-11 20:06:16 --> ErrorException: Trying to access array offset on value of type null
[Method: GET, Route: details/assets/image/logo-3.png]
in APPPATH\Views\frontend\details.php on line 81.
 1 APPPATH\Views\frontend\details.php(81): CodeIgniter\Debug\Exceptions->errorHandler(2, 'Trying to access array offset on value of type null', 'C:\\xampp\\htdocs\\fashion-store-ci\\app\\Views\\frontend\\details.php', 81)
 2 SYSTEMPATH\View\View.php(234): include('C:\\xampp\\htdocs\\fashion-store-ci\\app\\Views\\frontend\\details.php')
 3 SYSTEMPATH\View\View.php(237): CodeIgniter\View\View->CodeIgniter\View\{closure}()
 4 SYSTEMPATH\Common.php(1171): CodeIgniter\View\View->render('frontend/details', [], true)
 5 APPPATH\Controllers\DetailsController.php(17): view('frontend/details', [...])
 6 SYSTEMPATH\CodeIgniter.php(933): App\Controllers\DetailsController->index('assets', 'image', 'logo-3.png')
 7 SYSTEMPATH\CodeIgniter.php(509): CodeIgniter\CodeIgniter->runController(Object(App\Controllers\DetailsController))
 8 SYSTEMPATH\CodeIgniter.php(355): CodeIgniter\CodeIgniter->handleRequest(null, Object(Config\Cache), false)
 9 SYSTEMPATH\Boot.php(325): CodeIgniter\CodeIgniter->run()
10 SYSTEMPATH\Boot.php(67): CodeIgniter\Boot::runCodeIgniter(Object(CodeIgniter\CodeIgniter))
11 FCPATH\index.php(56): CodeIgniter\Boot::bootWeb(Object(Config\Paths))
12 SYSTEMPATH\Commands\Server\rewrite.php(49): require_once('C:\\xampp\\htdocs\\fashion-store-ci\\public\\index.php')
CRITICAL - 2024-07-11 20:06:16 --> ErrorException: Trying to access array offset on value of type null
[Method: GET, Route: details/assets-front/img/icon-cart.svg]
in APPPATH\Views\frontend\details.php on line 81.
 1 APPPATH\Views\frontend\details.php(81): CodeIgniter\Debug\Exceptions->errorHandler(2, 'Trying to access array offset on value of type null', 'C:\\xampp\\htdocs\\fashion-store-ci\\app\\Views\\frontend\\details.php', 81)
 2 SYSTEMPATH\View\View.php(234): include('C:\\xampp\\htdocs\\fashion-store-ci\\app\\Views\\frontend\\details.php')
 3 SYSTEMPATH\View\View.php(237): CodeIgniter\View\View->CodeIgniter\View\{closure}()
 4 SYSTEMPATH\Common.php(1171): CodeIgniter\View\View->render('frontend/details', [], true)
 5 APPPATH\Controllers\DetailsController.php(17): view('frontend/details', [...])
 6 SYSTEMPATH\CodeIgniter.php(933): App\Controllers\DetailsController->index('assets-front', 'img', 'icon-cart.svg')
 7 SYSTEMPATH\CodeIgniter.php(509): CodeIgniter\CodeIgniter->runController(Object(App\Controllers\DetailsController))
 8 SYSTEMPATH\CodeIgniter.php(355): CodeIgniter\CodeIgniter->handleRequest(null, Object(Config\Cache), false)
 9 SYSTEMPATH\Boot.php(325): CodeIgniter\CodeIgniter->run()
10 SYSTEMPATH\Boot.php(67): CodeIgniter\Boot::runCodeIgniter(Object(CodeIgniter\CodeIgniter))
11 FCPATH\index.php(56): CodeIgniter\Boot::bootWeb(Object(Config\Paths))
12 SYSTEMPATH\Commands\Server\rewrite.php(49): require_once('C:\\xampp\\htdocs\\fashion-store-ci\\public\\index.php')
CRITICAL - 2024-07-11 20:06:17 --> ErrorException: Trying to access array offset on value of type null
[Method: GET, Route: details/assets-front/img/icon-heart.svg]
in APPPATH\Views\frontend\details.php on line 81.
 1 APPPATH\Views\frontend\details.php(81): CodeIgniter\Debug\Exceptions->errorHandler(2, 'Trying to access array offset on value of type null', 'C:\\xampp\\htdocs\\fashion-store-ci\\app\\Views\\frontend\\details.php', 81)
 2 SYSTEMPATH\View\View.php(234): include('C:\\xampp\\htdocs\\fashion-store-ci\\app\\Views\\frontend\\details.php')
 3 SYSTEMPATH\View\View.php(237): CodeIgniter\View\View->CodeIgniter\View\{closure}()
 4 SYSTEMPATH\Common.php(1171): CodeIgniter\View\View->render('frontend/details', [], true)
 5 APPPATH\Controllers\DetailsController.php(17): view('frontend/details', [...])
 6 SYSTEMPATH\CodeIgniter.php(933): App\Controllers\DetailsController->index('assets-front', 'img', 'icon-heart.svg')
 7 SYSTEMPATH\CodeIgniter.php(509): CodeIgniter\CodeIgniter->runController(Object(App\Controllers\DetailsController))
 8 SYSTEMPATH\CodeIgniter.php(355): CodeIgniter\CodeIgniter->handleRequest(null, Object(Config\Cache), false)
 9 SYSTEMPATH\Boot.php(325): CodeIgniter\CodeIgniter->run()
10 SYSTEMPATH\Boot.php(67): CodeIgniter\Boot::runCodeIgniter(Object(CodeIgniter\CodeIgniter))
11 FCPATH\index.php(56): CodeIgniter\Boot::bootWeb(Object(Config\Paths))
12 SYSTEMPATH\Commands\Server\rewrite.php(49): require_once('C:\\xampp\\htdocs\\fashion-store-ci\\public\\index.php')
CRITICAL - 2024-07-11 20:06:17 --> ErrorException: Trying to access array offset on value of type null
[Method: GET, Route: details/assets-front/img/search.png]
in APPPATH\Views\frontend\details.php on line 81.
 1 APPPATH\Views\frontend\details.php(81): CodeIgniter\Debug\Exceptions->errorHandler(2, 'Trying to access array offset on value of type null', 'C:\\xampp\\htdocs\\fashion-store-ci\\app\\Views\\frontend\\details.php', 81)
 2 SYSTEMPATH\View\View.php(234): include('C:\\xampp\\htdocs\\fashion-store-ci\\app\\Views\\frontend\\details.php')
 3 SYSTEMPATH\View\View.php(237): CodeIgniter\View\View->CodeIgniter\View\{closure}()
 4 SYSTEMPATH\Common.php(1171): CodeIgniter\View\View->render('frontend/details', [], true)
 5 APPPATH\Controllers\DetailsController.php(17): view('frontend/details', [...])
 6 SYSTEMPATH\CodeIgniter.php(933): App\Controllers\DetailsController->index('assets-front', 'img', 'search.png')
 7 SYSTEMPATH\CodeIgniter.php(509): CodeIgniter\CodeIgniter->runController(Object(App\Controllers\DetailsController))
 8 SYSTEMPATH\CodeIgniter.php(355): CodeIgniter\CodeIgniter->handleRequest(null, Object(Config\Cache), false)
 9 SYSTEMPATH\Boot.php(325): CodeIgniter\CodeIgniter->run()
10 SYSTEMPATH\Boot.php(67): CodeIgniter\Boot::runCodeIgniter(Object(CodeIgniter\CodeIgniter))
11 FCPATH\index.php(56): CodeIgniter\Boot::bootWeb(Object(Config\Paths))
12 SYSTEMPATH\Commands\Server\rewrite.php(49): require_once('C:\\xampp\\htdocs\\fashion-store-ci\\public\\index.php')
CRITICAL - 2024-07-11 20:06:17 --> ErrorException: Trying to access array offset on value of type null
[Method: GET, Route: details/assets/image/circle-user.png]
in APPPATH\Views\frontend\details.php on line 81.
 1 APPPATH\Views\frontend\details.php(81): CodeIgniter\Debug\Exceptions->errorHandler(2, 'Trying to access array offset on value of type null', 'C:\\xampp\\htdocs\\fashion-store-ci\\app\\Views\\frontend\\details.php', 81)
 2 SYSTEMPATH\View\View.php(234): include('C:\\xampp\\htdocs\\fashion-store-ci\\app\\Views\\frontend\\details.php')
 3 SYSTEMPATH\View\View.php(237): CodeIgniter\View\View->CodeIgniter\View\{closure}()
 4 SYSTEMPATH\Common.php(1171): CodeIgniter\View\View->render('frontend/details', [], true)
 5 APPPATH\Controllers\DetailsController.php(17): view('frontend/details', [...])
 6 SYSTEMPATH\CodeIgniter.php(933): App\Controllers\DetailsController->index('assets', 'image', 'circle-user.png')
 7 SYSTEMPATH\CodeIgniter.php(509): CodeIgniter\CodeIgniter->runController(Object(App\Controllers\DetailsController))
 8 SYSTEMPATH\CodeIgniter.php(355): CodeIgniter\CodeIgniter->handleRequest(null, Object(Config\Cache), false)
 9 SYSTEMPATH\Boot.php(325): CodeIgniter\CodeIgniter->run()
10 SYSTEMPATH\Boot.php(67): CodeIgniter\Boot::runCodeIgniter(Object(CodeIgniter\CodeIgniter))
11 FCPATH\index.php(56): CodeIgniter\Boot::bootWeb(Object(Config\Paths))
12 SYSTEMPATH\Commands\Server\rewrite.php(49): require_once('C:\\xampp\\htdocs\\fashion-store-ci\\public\\index.php')
CRITICAL - 2024-07-11 20:06:18 --> ErrorException: Trying to access array offset on value of type null
[Method: GET, Route: details/assets-front/img/payment-method.png]
in APPPATH\Views\frontend\details.php on line 81.
 1 APPPATH\Views\frontend\details.php(81): CodeIgniter\Debug\Exceptions->errorHandler(2, 'Trying to access array offset on value of type null', 'C:\\xampp\\htdocs\\fashion-store-ci\\app\\Views\\frontend\\details.php', 81)
 2 SYSTEMPATH\View\View.php(234): include('C:\\xampp\\htdocs\\fashion-store-ci\\app\\Views\\frontend\\details.php')
 3 SYSTEMPATH\View\View.php(237): CodeIgniter\View\View->CodeIgniter\View\{closure}()
 4 SYSTEMPATH\Common.php(1171): CodeIgniter\View\View->render('frontend/details', [], true)
 5 APPPATH\Controllers\DetailsController.php(17): view('frontend/details', [...])
 6 SYSTEMPATH\CodeIgniter.php(933): App\Controllers\DetailsController->index('assets-front', 'img', 'payment-method.png')
 7 SYSTEMPATH\CodeIgniter.php(509): CodeIgniter\CodeIgniter->runController(Object(App\Controllers\DetailsController))
 8 SYSTEMPATH\CodeIgniter.php(355): CodeIgniter\CodeIgniter->handleRequest(null, Object(Config\Cache), false)
 9 SYSTEMPATH\Boot.php(325): CodeIgniter\CodeIgniter->run()
10 SYSTEMPATH\Boot.php(67): CodeIgniter\Boot::runCodeIgniter(Object(CodeIgniter\CodeIgniter))
11 FCPATH\index.php(56): CodeIgniter\Boot::bootWeb(Object(Config\Paths))
12 SYSTEMPATH\Commands\Server\rewrite.php(49): require_once('C:\\xampp\\htdocs\\fashion-store-ci\\public\\index.php')
CRITICAL - 2024-07-11 20:07:39 --> ErrorException: Undefined array key "des"
[Method: GET, Route: details/3]
in APPPATH\Views\frontend\details.php on line 102.
 1 APPPATH\Views\frontend\details.php(102): CodeIgniter\Debug\Exceptions->errorHandler(2, 'Undefined array key "des"', 'C:\\xampp\\htdocs\\fashion-store-ci\\app\\Views\\frontend\\details.php', 102)
 2 SYSTEMPATH\View\View.php(234): include('C:\\xampp\\htdocs\\fashion-store-ci\\app\\Views\\frontend\\details.php')
 3 SYSTEMPATH\View\View.php(237): CodeIgniter\View\View->CodeIgniter\View\{closure}()
 4 SYSTEMPATH\Common.php(1171): CodeIgniter\View\View->render('frontend/details', [], true)
 5 APPPATH\Controllers\DetailsController.php(17): view('frontend/details', [...])
 6 SYSTEMPATH\CodeIgniter.php(933): App\Controllers\DetailsController->index('3')
 7 SYSTEMPATH\CodeIgniter.php(509): CodeIgniter\CodeIgniter->runController(Object(App\Controllers\DetailsController))
 8 SYSTEMPATH\CodeIgniter.php(355): CodeIgniter\CodeIgniter->handleRequest(null, Object(Config\Cache), false)
 9 SYSTEMPATH\Boot.php(325): CodeIgniter\CodeIgniter->run()
10 SYSTEMPATH\Boot.php(67): CodeIgniter\Boot::runCodeIgniter(Object(CodeIgniter\CodeIgniter))
11 FCPATH\index.php(56): CodeIgniter\Boot::bootWeb(Object(Config\Paths))
12 SYSTEMPATH\Commands\Server\rewrite.php(49): require_once('C:\\xampp\\htdocs\\fashion-store-ci\\public\\index.php')
CRITICAL - 2024-07-11 20:07:54 --> ErrorException: Trying to access array offset on value of type null
[Method: GET, Route: details/assets/image/logo-3.png]
in APPPATH\Views\frontend\details.php on line 81.
 1 APPPATH\Views\frontend\details.php(81): CodeIgniter\Debug\Exceptions->errorHandler(2, 'Trying to access array offset on value of type null', 'C:\\xampp\\htdocs\\fashion-store-ci\\app\\Views\\frontend\\details.php', 81)
 2 SYSTEMPATH\View\View.php(234): include('C:\\xampp\\htdocs\\fashion-store-ci\\app\\Views\\frontend\\details.php')
 3 SYSTEMPATH\View\View.php(237): CodeIgniter\View\View->CodeIgniter\View\{closure}()
 4 SYSTEMPATH\Common.php(1171): CodeIgniter\View\View->render('frontend/details', [], true)
 5 APPPATH\Controllers\DetailsController.php(17): view('frontend/details', [...])
 6 SYSTEMPATH\CodeIgniter.php(933): App\Controllers\DetailsController->index('assets', 'image', 'logo-3.png')
 7 SYSTEMPATH\CodeIgniter.php(509): CodeIgniter\CodeIgniter->runController(Object(App\Controllers\DetailsController))
 8 SYSTEMPATH\CodeIgniter.php(355): CodeIgniter\CodeIgniter->handleRequest(null, Object(Config\Cache), false)
 9 SYSTEMPATH\Boot.php(325): CodeIgniter\CodeIgniter->run()
10 SYSTEMPATH\Boot.php(67): CodeIgniter\Boot::runCodeIgniter(Object(CodeIgniter\CodeIgniter))
11 FCPATH\index.php(56): CodeIgniter\Boot::bootWeb(Object(Config\Paths))
12 SYSTEMPATH\Commands\Server\rewrite.php(49): require_once('C:\\xampp\\htdocs\\fashion-store-ci\\public\\index.php')
CRITICAL - 2024-07-11 20:07:54 --> ErrorException: Trying to access array offset on value of type null
[Method: GET, Route: details/assets-front/img/icon-cart.svg]
in APPPATH\Views\frontend\details.php on line 81.
 1 APPPATH\Views\frontend\details.php(81): CodeIgniter\Debug\Exceptions->errorHandler(2, 'Trying to access array offset on value of type null', 'C:\\xampp\\htdocs\\fashion-store-ci\\app\\Views\\frontend\\details.php', 81)
 2 SYSTEMPATH\View\View.php(234): include('C:\\xampp\\htdocs\\fashion-store-ci\\app\\Views\\frontend\\details.php')
 3 SYSTEMPATH\View\View.php(237): CodeIgniter\View\View->CodeIgniter\View\{closure}()
 4 SYSTEMPATH\Common.php(1171): CodeIgniter\View\View->render('frontend/details', [], true)
 5 APPPATH\Controllers\DetailsController.php(17): view('frontend/details', [...])
 6 SYSTEMPATH\CodeIgniter.php(933): App\Controllers\DetailsController->index('assets-front', 'img', 'icon-cart.svg')
 7 SYSTEMPATH\CodeIgniter.php(509): CodeIgniter\CodeIgniter->runController(Object(App\Controllers\DetailsController))
 8 SYSTEMPATH\CodeIgniter.php(355): CodeIgniter\CodeIgniter->handleRequest(null, Object(Config\Cache), false)
 9 SYSTEMPATH\Boot.php(325): CodeIgniter\CodeIgniter->run()
10 SYSTEMPATH\Boot.php(67): CodeIgniter\Boot::runCodeIgniter(Object(CodeIgniter\CodeIgniter))
11 FCPATH\index.php(56): CodeIgniter\Boot::bootWeb(Object(Config\Paths))
12 SYSTEMPATH\Commands\Server\rewrite.php(49): require_once('C:\\xampp\\htdocs\\fashion-store-ci\\public\\index.php')
CRITICAL - 2024-07-11 20:07:55 --> ErrorException: Trying to access array offset on value of type null
[Method: GET, Route: details/assets-front/img/icon-heart.svg]
in APPPATH\Views\frontend\details.php on line 81.
 1 APPPATH\Views\frontend\details.php(81): CodeIgniter\Debug\Exceptions->errorHandler(2, 'Trying to access array offset on value of type null', 'C:\\xampp\\htdocs\\fashion-store-ci\\app\\Views\\frontend\\details.php', 81)
 2 SYSTEMPATH\View\View.php(234): include('C:\\xampp\\htdocs\\fashion-store-ci\\app\\Views\\frontend\\details.php')
 3 SYSTEMPATH\View\View.php(237): CodeIgniter\View\View->CodeIgniter\View\{closure}()
 4 SYSTEMPATH\Common.php(1171): CodeIgniter\View\View->render('frontend/details', [], true)
 5 APPPATH\Controllers\DetailsController.php(17): view('frontend/details', [...])
 6 SYSTEMPATH\CodeIgniter.php(933): App\Controllers\DetailsController->index('assets-front', 'img', 'icon-heart.svg')
 7 SYSTEMPATH\CodeIgniter.php(509): CodeIgniter\CodeIgniter->runController(Object(App\Controllers\DetailsController))
 8 SYSTEMPATH\CodeIgniter.php(355): CodeIgniter\CodeIgniter->handleRequest(null, Object(Config\Cache), false)
 9 SYSTEMPATH\Boot.php(325): CodeIgniter\CodeIgniter->run()
10 SYSTEMPATH\Boot.php(67): CodeIgniter\Boot::runCodeIgniter(Object(CodeIgniter\CodeIgniter))
11 FCPATH\index.php(56): CodeIgniter\Boot::bootWeb(Object(Config\Paths))
12 SYSTEMPATH\Commands\Server\rewrite.php(49): require_once('C:\\xampp\\htdocs\\fashion-store-ci\\public\\index.php')
CRITICAL - 2024-07-11 20:07:55 --> ErrorException: Trying to access array offset on value of type null
[Method: GET, Route: details/assets-front/img/search.png]
in APPPATH\Views\frontend\details.php on line 81.
 1 APPPATH\Views\frontend\details.php(81): CodeIgniter\Debug\Exceptions->errorHandler(2, 'Trying to access array offset on value of type null', 'C:\\xampp\\htdocs\\fashion-store-ci\\app\\Views\\frontend\\details.php', 81)
 2 SYSTEMPATH\View\View.php(234): include('C:\\xampp\\htdocs\\fashion-store-ci\\app\\Views\\frontend\\details.php')
 3 SYSTEMPATH\View\View.php(237): CodeIgniter\View\View->CodeIgniter\View\{closure}()
 4 SYSTEMPATH\Common.php(1171): CodeIgniter\View\View->render('frontend/details', [], true)
 5 APPPATH\Controllers\DetailsController.php(17): view('frontend/details', [...])
 6 SYSTEMPATH\CodeIgniter.php(933): App\Controllers\DetailsController->index('assets-front', 'img', 'search.png')
 7 SYSTEMPATH\CodeIgniter.php(509): CodeIgniter\CodeIgniter->runController(Object(App\Controllers\DetailsController))
 8 SYSTEMPATH\CodeIgniter.php(355): CodeIgniter\CodeIgniter->handleRequest(null, Object(Config\Cache), false)
 9 SYSTEMPATH\Boot.php(325): CodeIgniter\CodeIgniter->run()
10 SYSTEMPATH\Boot.php(67): CodeIgniter\Boot::runCodeIgniter(Object(CodeIgniter\CodeIgniter))
11 FCPATH\index.php(56): CodeIgniter\Boot::bootWeb(Object(Config\Paths))
12 SYSTEMPATH\Commands\Server\rewrite.php(49): require_once('C:\\xampp\\htdocs\\fashion-store-ci\\public\\index.php')
CRITICAL - 2024-07-11 20:07:57 --> ErrorException: Trying to access array offset on value of type null
[Method: GET, Route: details/assets/image/circle-user.png]
in APPPATH\Views\frontend\details.php on line 81.
 1 APPPATH\Views\frontend\details.php(81): CodeIgniter\Debug\Exceptions->errorHandler(2, 'Trying to access array offset on value of type null', 'C:\\xampp\\htdocs\\fashion-store-ci\\app\\Views\\frontend\\details.php', 81)
 2 SYSTEMPATH\View\View.php(234): include('C:\\xampp\\htdocs\\fashion-store-ci\\app\\Views\\frontend\\details.php')
 3 SYSTEMPATH\View\View.php(237): CodeIgniter\View\View->CodeIgniter\View\{closure}()
 4 SYSTEMPATH\Common.php(1171): CodeIgniter\View\View->render('frontend/details', [], true)
 5 APPPATH\Controllers\DetailsController.php(17): view('frontend/details', [...])
 6 SYSTEMPATH\CodeIgniter.php(933): App\Controllers\DetailsController->index('assets', 'image', 'circle-user.png')
 7 SYSTEMPATH\CodeIgniter.php(509): CodeIgniter\CodeIgniter->runController(Object(App\Controllers\DetailsController))
 8 SYSTEMPATH\CodeIgniter.php(355): CodeIgniter\CodeIgniter->handleRequest(null, Object(Config\Cache), false)
 9 SYSTEMPATH\Boot.php(325): CodeIgniter\CodeIgniter->run()
10 SYSTEMPATH\Boot.php(67): CodeIgniter\Boot::runCodeIgniter(Object(CodeIgniter\CodeIgniter))
11 FCPATH\index.php(56): CodeIgniter\Boot::bootWeb(Object(Config\Paths))
12 SYSTEMPATH\Commands\Server\rewrite.php(49): require_once('C:\\xampp\\htdocs\\fashion-store-ci\\public\\index.php')
CRITICAL - 2024-07-11 20:07:57 --> ErrorException: Trying to access array offset on value of type null
[Method: GET, Route: details/assets-front/img/payment-method.png]
in APPPATH\Views\frontend\details.php on line 81.
 1 APPPATH\Views\frontend\details.php(81): CodeIgniter\Debug\Exceptions->errorHandler(2, 'Trying to access array offset on value of type null', 'C:\\xampp\\htdocs\\fashion-store-ci\\app\\Views\\frontend\\details.php', 81)
 2 SYSTEMPATH\View\View.php(234): include('C:\\xampp\\htdocs\\fashion-store-ci\\app\\Views\\frontend\\details.php')
 3 SYSTEMPATH\View\View.php(237): CodeIgniter\View\View->CodeIgniter\View\{closure}()
 4 SYSTEMPATH\Common.php(1171): CodeIgniter\View\View->render('frontend/details', [], true)
 5 APPPATH\Controllers\DetailsController.php(17): view('frontend/details', [...])
 6 SYSTEMPATH\CodeIgniter.php(933): App\Controllers\DetailsController->index('assets-front', 'img', 'payment-method.png')
 7 SYSTEMPATH\CodeIgniter.php(509): CodeIgniter\CodeIgniter->runController(Object(App\Controllers\DetailsController))
 8 SYSTEMPATH\CodeIgniter.php(355): CodeIgniter\CodeIgniter->handleRequest(null, Object(Config\Cache), false)
 9 SYSTEMPATH\Boot.php(325): CodeIgniter\CodeIgniter->run()
10 SYSTEMPATH\Boot.php(67): CodeIgniter\Boot::runCodeIgniter(Object(CodeIgniter\CodeIgniter))
11 FCPATH\index.php(56): CodeIgniter\Boot::bootWeb(Object(Config\Paths))
12 SYSTEMPATH\Commands\Server\rewrite.php(49): require_once('C:\\xampp\\htdocs\\fashion-store-ci\\public\\index.php')
CRITICAL - 2024-07-11 20:11:06 --> ErrorException: Trying to access array offset on value of type null
[Method: GET, Route: details/assets/image/logo-3.png]
in APPPATH\Views\frontend\details.php on line 81.
 1 APPPATH\Views\frontend\details.php(81): CodeIgniter\Debug\Exceptions->errorHandler(2, 'Trying to access array offset on value of type null', 'C:\\xampp\\htdocs\\fashion-store-ci\\app\\Views\\frontend\\details.php', 81)
 2 SYSTEMPATH\View\View.php(234): include('C:\\xampp\\htdocs\\fashion-store-ci\\app\\Views\\frontend\\details.php')
 3 SYSTEMPATH\View\View.php(237): CodeIgniter\View\View->CodeIgniter\View\{closure}()
 4 SYSTEMPATH\Common.php(1171): CodeIgniter\View\View->render('frontend/details', [], true)
 5 APPPATH\Controllers\DetailsController.php(17): view('frontend/details', [...])
 6 SYSTEMPATH\CodeIgniter.php(933): App\Controllers\DetailsController->index('assets', 'image', 'logo-3.png')
 7 SYSTEMPATH\CodeIgniter.php(509): CodeIgniter\CodeIgniter->runController(Object(App\Controllers\DetailsController))
 8 SYSTEMPATH\CodeIgniter.php(355): CodeIgniter\CodeIgniter->handleRequest(null, Object(Config\Cache), false)
 9 SYSTEMPATH\Boot.php(325): CodeIgniter\CodeIgniter->run()
10 SYSTEMPATH\Boot.php(67): CodeIgniter\Boot::runCodeIgniter(Object(CodeIgniter\CodeIgniter))
11 FCPATH\index.php(56): CodeIgniter\Boot::bootWeb(Object(Config\Paths))
12 SYSTEMPATH\Commands\Server\rewrite.php(49): require_once('C:\\xampp\\htdocs\\fashion-store-ci\\public\\index.php')
CRITICAL - 2024-07-11 20:11:06 --> ErrorException: Trying to access array offset on value of type null
[Method: GET, Route: details/assets-front/img/search.png]
in APPPATH\Views\frontend\details.php on line 81.
 1 APPPATH\Views\frontend\details.php(81): CodeIgniter\Debug\Exceptions->errorHandler(2, 'Trying to access array offset on value of type null', 'C:\\xampp\\htdocs\\fashion-store-ci\\app\\Views\\frontend\\details.php', 81)
 2 SYSTEMPATH\View\View.php(234): include('C:\\xampp\\htdocs\\fashion-store-ci\\app\\Views\\frontend\\details.php')
 3 SYSTEMPATH\View\View.php(237): CodeIgniter\View\View->CodeIgniter\View\{closure}()
 4 SYSTEMPATH\Common.php(1171): CodeIgniter\View\View->render('frontend/details', [], true)
 5 APPPATH\Controllers\DetailsController.php(17): view('frontend/details', [...])
 6 SYSTEMPATH\CodeIgniter.php(933): App\Controllers\DetailsController->index('assets-front', 'img', 'search.png')
 7 SYSTEMPATH\CodeIgniter.php(509): CodeIgniter\CodeIgniter->runController(Object(App\Controllers\DetailsController))
 8 SYSTEMPATH\CodeIgniter.php(355): CodeIgniter\CodeIgniter->handleRequest(null, Object(Config\Cache), false)
 9 SYSTEMPATH\Boot.php(325): CodeIgniter\CodeIgniter->run()
10 SYSTEMPATH\Boot.php(67): CodeIgniter\Boot::runCodeIgniter(Object(CodeIgniter\CodeIgniter))
11 FCPATH\index.php(56): CodeIgniter\Boot::bootWeb(Object(Config\Paths))
12 SYSTEMPATH\Commands\Server\rewrite.php(49): require_once('C:\\xampp\\htdocs\\fashion-store-ci\\public\\index.php')
CRITICAL - 2024-07-11 20:11:06 --> ErrorException: Trying to access array offset on value of type null
[Method: GET, Route: details/assets-front/img/icon-heart.svg]
in APPPATH\Views\frontend\details.php on line 81.
 1 APPPATH\Views\frontend\details.php(81): CodeIgniter\Debug\Exceptions->errorHandler(2, 'Trying to access array offset on value of type null', 'C:\\xampp\\htdocs\\fashion-store-ci\\app\\Views\\frontend\\details.php', 81)
 2 SYSTEMPATH\View\View.php(234): include('C:\\xampp\\htdocs\\fashion-store-ci\\app\\Views\\frontend\\details.php')
 3 SYSTEMPATH\View\View.php(237): CodeIgniter\View\View->CodeIgniter\View\{closure}()
 4 SYSTEMPATH\Common.php(1171): CodeIgniter\View\View->render('frontend/details', [], true)
 5 APPPATH\Controllers\DetailsController.php(17): view('frontend/details', [...])
 6 SYSTEMPATH\CodeIgniter.php(933): App\Controllers\DetailsController->index('assets-front', 'img', 'icon-heart.svg')
 7 SYSTEMPATH\CodeIgniter.php(509): CodeIgniter\CodeIgniter->runController(Object(App\Controllers\DetailsController))
 8 SYSTEMPATH\CodeIgniter.php(355): CodeIgniter\CodeIgniter->handleRequest(null, Object(Config\Cache), false)
 9 SYSTEMPATH\Boot.php(325): CodeIgniter\CodeIgniter->run()
10 SYSTEMPATH\Boot.php(67): CodeIgniter\Boot::runCodeIgniter(Object(CodeIgniter\CodeIgniter))
11 FCPATH\index.php(56): CodeIgniter\Boot::bootWeb(Object(Config\Paths))
12 SYSTEMPATH\Commands\Server\rewrite.php(49): require_once('C:\\xampp\\htdocs\\fashion-store-ci\\public\\index.php')
CRITICAL - 2024-07-11 20:11:07 --> ErrorException: Trying to access array offset on value of type null
[Method: GET, Route: details/assets-front/img/icon-cart.svg]
in APPPATH\Views\frontend\details.php on line 81.
 1 APPPATH\Views\frontend\details.php(81): CodeIgniter\Debug\Exceptions->errorHandler(2, 'Trying to access array offset on value of type null', 'C:\\xampp\\htdocs\\fashion-store-ci\\app\\Views\\frontend\\details.php', 81)
 2 SYSTEMPATH\View\View.php(234): include('C:\\xampp\\htdocs\\fashion-store-ci\\app\\Views\\frontend\\details.php')
 3 SYSTEMPATH\View\View.php(237): CodeIgniter\View\View->CodeIgniter\View\{closure}()
 4 SYSTEMPATH\Common.php(1171): CodeIgniter\View\View->render('frontend/details', [], true)
 5 APPPATH\Controllers\DetailsController.php(17): view('frontend/details', [...])
 6 SYSTEMPATH\CodeIgniter.php(933): App\Controllers\DetailsController->index('assets-front', 'img', 'icon-cart.svg')
 7 SYSTEMPATH\CodeIgniter.php(509): CodeIgniter\CodeIgniter->runController(Object(App\Controllers\DetailsController))
 8 SYSTEMPATH\CodeIgniter.php(355): CodeIgniter\CodeIgniter->handleRequest(null, Object(Config\Cache), false)
 9 SYSTEMPATH\Boot.php(325): CodeIgniter\CodeIgniter->run()
10 SYSTEMPATH\Boot.php(67): CodeIgniter\Boot::runCodeIgniter(Object(CodeIgniter\CodeIgniter))
11 FCPATH\index.php(56): CodeIgniter\Boot::bootWeb(Object(Config\Paths))
12 SYSTEMPATH\Commands\Server\rewrite.php(49): require_once('C:\\xampp\\htdocs\\fashion-store-ci\\public\\index.php')
CRITICAL - 2024-07-11 20:11:07 --> ErrorException: Trying to access array offset on value of type null
[Method: GET, Route: details/assets/image/circle-user.png]
in APPPATH\Views\frontend\details.php on line 81.
 1 APPPATH\Views\frontend\details.php(81): CodeIgniter\Debug\Exceptions->errorHandler(2, 'Trying to access array offset on value of type null', 'C:\\xampp\\htdocs\\fashion-store-ci\\app\\Views\\frontend\\details.php', 81)
 2 SYSTEMPATH\View\View.php(234): include('C:\\xampp\\htdocs\\fashion-store-ci\\app\\Views\\frontend\\details.php')
 3 SYSTEMPATH\View\View.php(237): CodeIgniter\View\View->CodeIgniter\View\{closure}()
 4 SYSTEMPATH\Common.php(1171): CodeIgniter\View\View->render('frontend/details', [], true)
 5 APPPATH\Controllers\DetailsController.php(17): view('frontend/details', [...])
 6 SYSTEMPATH\CodeIgniter.php(933): App\Controllers\DetailsController->index('assets', 'image', 'circle-user.png')
 7 SYSTEMPATH\CodeIgniter.php(509): CodeIgniter\CodeIgniter->runController(Object(App\Controllers\DetailsController))
 8 SYSTEMPATH\CodeIgniter.php(355): CodeIgniter\CodeIgniter->handleRequest(null, Object(Config\Cache), false)
 9 SYSTEMPATH\Boot.php(325): CodeIgniter\CodeIgniter->run()
10 SYSTEMPATH\Boot.php(67): CodeIgniter\Boot::runCodeIgniter(Object(CodeIgniter\CodeIgniter))
11 FCPATH\index.php(56): CodeIgniter\Boot::bootWeb(Object(Config\Paths))
12 SYSTEMPATH\Commands\Server\rewrite.php(49): require_once('C:\\xampp\\htdocs\\fashion-store-ci\\public\\index.php')
CRITICAL - 2024-07-11 20:11:08 --> ErrorException: Trying to access array offset on value of type null
[Method: GET, Route: details/assets-front/img/payment-method.png]
in APPPATH\Views\frontend\details.php on line 81.
 1 APPPATH\Views\frontend\details.php(81): CodeIgniter\Debug\Exceptions->errorHandler(2, 'Trying to access array offset on value of type null', 'C:\\xampp\\htdocs\\fashion-store-ci\\app\\Views\\frontend\\details.php', 81)
 2 SYSTEMPATH\View\View.php(234): include('C:\\xampp\\htdocs\\fashion-store-ci\\app\\Views\\frontend\\details.php')
 3 SYSTEMPATH\View\View.php(237): CodeIgniter\View\View->CodeIgniter\View\{closure}()
 4 SYSTEMPATH\Common.php(1171): CodeIgniter\View\View->render('frontend/details', [], true)
 5 APPPATH\Controllers\DetailsController.php(17): view('frontend/details', [...])
 6 SYSTEMPATH\CodeIgniter.php(933): App\Controllers\DetailsController->index('assets-front', 'img', 'payment-method.png')
 7 SYSTEMPATH\CodeIgniter.php(509): CodeIgniter\CodeIgniter->runController(Object(App\Controllers\DetailsController))
 8 SYSTEMPATH\CodeIgniter.php(355): CodeIgniter\CodeIgniter->handleRequest(null, Object(Config\Cache), false)
 9 SYSTEMPATH\Boot.php(325): CodeIgniter\CodeIgniter->run()
10 SYSTEMPATH\Boot.php(67): CodeIgniter\Boot::runCodeIgniter(Object(CodeIgniter\CodeIgniter))
11 FCPATH\index.php(56): CodeIgniter\Boot::bootWeb(Object(Config\Paths))
12 SYSTEMPATH\Commands\Server\rewrite.php(49): require_once('C:\\xampp\\htdocs\\fashion-store-ci\\public\\index.php')
CRITICAL - 2024-07-11 20:13:57 --> ErrorException: Trying to access array offset on value of type null
[Method: GET, Route: details/assets-front/img/search.png]
in APPPATH\Views\frontend\details.php on line 81.
 1 APPPATH\Views\frontend\details.php(81): CodeIgniter\Debug\Exceptions->errorHandler(2, 'Trying to access array offset on value of type null', 'C:\\xampp\\htdocs\\fashion-store-ci\\app\\Views\\frontend\\details.php', 81)
 2 SYSTEMPATH\View\View.php(234): include('C:\\xampp\\htdocs\\fashion-store-ci\\app\\Views\\frontend\\details.php')
 3 SYSTEMPATH\View\View.php(237): CodeIgniter\View\View->CodeIgniter\View\{closure}()
 4 SYSTEMPATH\Common.php(1171): CodeIgniter\View\View->render('frontend/details', [], true)
 5 APPPATH\Controllers\DetailsController.php(17): view('frontend/details', [...])
 6 SYSTEMPATH\CodeIgniter.php(933): App\Controllers\DetailsController->index('assets-front', 'img', 'search.png')
 7 SYSTEMPATH\CodeIgniter.php(509): CodeIgniter\CodeIgniter->runController(Object(App\Controllers\DetailsController))
 8 SYSTEMPATH\CodeIgniter.php(355): CodeIgniter\CodeIgniter->handleRequest(null, Object(Config\Cache), false)
 9 SYSTEMPATH\Boot.php(325): CodeIgniter\CodeIgniter->run()
10 SYSTEMPATH\Boot.php(67): CodeIgniter\Boot::runCodeIgniter(Object(CodeIgniter\CodeIgniter))
11 FCPATH\index.php(56): CodeIgniter\Boot::bootWeb(Object(Config\Paths))
12 SYSTEMPATH\Commands\Server\rewrite.php(49): require_once('C:\\xampp\\htdocs\\fashion-store-ci\\public\\index.php')
CRITICAL - 2024-07-11 20:13:57 --> ErrorException: Trying to access array offset on value of type null
[Method: GET, Route: details/assets/image/circle-user.png]
in APPPATH\Views\frontend\details.php on line 81.
 1 APPPATH\Views\frontend\details.php(81): CodeIgniter\Debug\Exceptions->errorHandler(2, 'Trying to access array offset on value of type null', 'C:\\xampp\\htdocs\\fashion-store-ci\\app\\Views\\frontend\\details.php', 81)
 2 SYSTEMPATH\View\View.php(234): include('C:\\xampp\\htdocs\\fashion-store-ci\\app\\Views\\frontend\\details.php')
 3 SYSTEMPATH\View\View.php(237): CodeIgniter\View\View->CodeIgniter\View\{closure}()
 4 SYSTEMPATH\Common.php(1171): CodeIgniter\View\View->render('frontend/details', [], true)
 5 APPPATH\Controllers\DetailsController.php(17): view('frontend/details', [...])
 6 SYSTEMPATH\CodeIgniter.php(933): App\Controllers\DetailsController->index('assets', 'image', 'circle-user.png')
 7 SYSTEMPATH\CodeIgniter.php(509): CodeIgniter\CodeIgniter->runController(Object(App\Controllers\DetailsController))
 8 SYSTEMPATH\CodeIgniter.php(355): CodeIgniter\CodeIgniter->handleRequest(null, Object(Config\Cache), false)
 9 SYSTEMPATH\Boot.php(325): CodeIgniter\CodeIgniter->run()
10 SYSTEMPATH\Boot.php(67): CodeIgniter\Boot::runCodeIgniter(Object(CodeIgniter\CodeIgniter))
11 FCPATH\index.php(56): CodeIgniter\Boot::bootWeb(Object(Config\Paths))
12 SYSTEMPATH\Commands\Server\rewrite.php(49): require_once('C:\\xampp\\htdocs\\fashion-store-ci\\public\\index.php')
CRITICAL - 2024-07-11 20:13:58 --> ErrorException: Trying to access array offset on value of type null
[Method: GET, Route: details/assets/image/logo-3.png]
in APPPATH\Views\frontend\details.php on line 81.
 1 APPPATH\Views\frontend\details.php(81): CodeIgniter\Debug\Exceptions->errorHandler(2, 'Trying to access array offset on value of type null', 'C:\\xampp\\htdocs\\fashion-store-ci\\app\\Views\\frontend\\details.php', 81)
 2 SYSTEMPATH\View\View.php(234): include('C:\\xampp\\htdocs\\fashion-store-ci\\app\\Views\\frontend\\details.php')
 3 SYSTEMPATH\View\View.php(237): CodeIgniter\View\View->CodeIgniter\View\{closure}()
 4 SYSTEMPATH\Common.php(1171): CodeIgniter\View\View->render('frontend/details', [], true)
 5 APPPATH\Controllers\DetailsController.php(17): view('frontend/details', [...])
 6 SYSTEMPATH\CodeIgniter.php(933): App\Controllers\DetailsController->index('assets', 'image', 'logo-3.png')
 7 SYSTEMPATH\CodeIgniter.php(509): CodeIgniter\CodeIgniter->runController(Object(App\Controllers\DetailsController))
 8 SYSTEMPATH\CodeIgniter.php(355): CodeIgniter\CodeIgniter->handleRequest(null, Object(Config\Cache), false)
 9 SYSTEMPATH\Boot.php(325): CodeIgniter\CodeIgniter->run()
10 SYSTEMPATH\Boot.php(67): CodeIgniter\Boot::runCodeIgniter(Object(CodeIgniter\CodeIgniter))
11 FCPATH\index.php(56): CodeIgniter\Boot::bootWeb(Object(Config\Paths))
12 SYSTEMPATH\Commands\Server\rewrite.php(49): require_once('C:\\xampp\\htdocs\\fashion-store-ci\\public\\index.php')
CRITICAL - 2024-07-11 20:13:58 --> ErrorException: Trying to access array offset on value of type null
[Method: GET, Route: details/assets-front/img/payment-method.png]
in APPPATH\Views\frontend\details.php on line 81.
 1 APPPATH\Views\frontend\details.php(81): CodeIgniter\Debug\Exceptions->errorHandler(2, 'Trying to access array offset on value of type null', 'C:\\xampp\\htdocs\\fashion-store-ci\\app\\Views\\frontend\\details.php', 81)
 2 SYSTEMPATH\View\View.php(234): include('C:\\xampp\\htdocs\\fashion-store-ci\\app\\Views\\frontend\\details.php')
 3 SYSTEMPATH\View\View.php(237): CodeIgniter\View\View->CodeIgniter\View\{closure}()
 4 SYSTEMPATH\Common.php(1171): CodeIgniter\View\View->render('frontend/details', [], true)
 5 APPPATH\Controllers\DetailsController.php(17): view('frontend/details', [...])
 6 SYSTEMPATH\CodeIgniter.php(933): App\Controllers\DetailsController->index('assets-front', 'img', 'payment-method.png')
 7 SYSTEMPATH\CodeIgniter.php(509): CodeIgniter\CodeIgniter->runController(Object(App\Controllers\DetailsController))
 8 SYSTEMPATH\CodeIgniter.php(355): CodeIgniter\CodeIgniter->handleRequest(null, Object(Config\Cache), false)
 9 SYSTEMPATH\Boot.php(325): CodeIgniter\CodeIgniter->run()
10 SYSTEMPATH\Boot.php(67): CodeIgniter\Boot::runCodeIgniter(Object(CodeIgniter\CodeIgniter))
11 FCPATH\index.php(56): CodeIgniter\Boot::bootWeb(Object(Config\Paths))
12 SYSTEMPATH\Commands\Server\rewrite.php(49): require_once('C:\\xampp\\htdocs\\fashion-store-ci\\public\\index.php')
